[0.068s] DEBUG:colcon:Command line arguments: ['/usr/bin/colcon', 'build']
[0.068s] DEBUG:colcon:Parsed command line arguments: Namespace(log_base=None, log_level=None, verb_name='build', build_base='build', install_base='install', merge_install=False, symlink_install=False, test_result_base=None, continue_on_error=False, executor='parallel', parallel_workers=16, event_handlers=None, ignore_user_meta=False, metas=['./colcon.meta'], base_paths=['.'], packages_ignore=None, packages_ignore_regex=None, paths=None, packages_up_to=None, packages_up_to_regex=None, packages_above=None, packages_above_and_dependencies=None, packages_above_depth=None, packages_select_by_dep=None, packages_skip_by_dep=None, packages_skip_up_to=None, packages_select_build_failed=False, packages_skip_build_finished=False, packages_select_test_failures=False, packages_skip_test_passed=False, packages_select=None, packages_skip=None, packages_select_regex=None, packages_skip_regex=None, packages_start=None, packages_end=None, allow_overriding=[], cmake_args=None, cmake_target=None, cmake_target_skip_unavailable=False, cmake_clean_cache=False, cmake_clean_first=False, cmake_force_configure=False, ament_cmake_args=None, catkin_cmake_args=None, catkin_skip_building_tests=False, verb_parser=<colcon_defaults.argument_parser.defaults.DefaultArgumentsDecorator object at 0x7237ca349450>, verb_extension=<colcon_core.verb.build.BuildVerb object at 0x7237ca348f40>, main=<bound method BuildVerb.main of <colcon_core.verb.build.BuildVerb object at 0x7237ca348f40>>)
[0.192s] Level 1:colcon.colcon_core.package_discovery:discover_packages(colcon_meta) check parameters
[0.192s] Level 1:colcon.colcon_core.package_discovery:discover_packages(recursive) check parameters
[0.192s] Level 1:colcon.colcon_core.package_discovery:discover_packages(ignore) check parameters
[0.192s] Level 1:colcon.colcon_core.package_discovery:discover_packages(path) check parameters
[0.192s] Level 1:colcon.colcon_core.package_discovery:discover_packages(colcon_meta) discover
[0.192s] Level 1:colcon.colcon_core.package_discovery:discover_packages(recursive) discover
[0.192s] INFO:colcon.colcon_core.package_discovery:Crawling recursively for packages in '/home/pmlab_mover/Documents/ros2_ws/src/match-PM-match_pm_ProMOC_Assembly'
[0.192s] Level 1:colcon.colcon_core.package_identification:_identify(.) by extensions ['ignore', 'ignore_ament_install']
[0.192s] Level 1:colcon.colcon_core.package_identification:_identify(.) by extension 'ignore'
[0.192s] Level 1:colcon.colcon_core.package_identification:_identify(.) by extension 'ignore_ament_install'
[0.192s] Level 1:colcon.colcon_core.package_identification:_identify(.) by extensions ['colcon_pkg']
[0.192s] Level 1:colcon.colcon_core.package_identification:_identify(.) by extension 'colcon_pkg'
[0.192s] Level 1:colcon.colcon_core.package_identification:_identify(.) by extensions ['colcon_meta']
[0.192s] Level 1:colcon.colcon_core.package_identification:_identify(.) by extension 'colcon_meta'
[0.192s] Level 1:colcon.colcon_core.package_identification:_identify(.) by extensions ['ros']
[0.192s] Level 1:colcon.colcon_core.package_identification:_identify(.) by extension 'ros'
[0.199s] Level 1:colcon.colcon_core.package_identification:_identify(.) by extensions ['cmake', 'python']
[0.199s] Level 1:colcon.colcon_core.package_identification:_identify(.) by extension 'cmake'
[0.199s] Level 1:colcon.colcon_core.package_identification:_identify(.) by extension 'python'
[0.199s] Level 1:colcon.colcon_core.package_identification:_identify(.) by extensions ['python_setup_py']
[0.199s] Level 1:colcon.colcon_core.package_identification:_identify(.) by extension 'python_setup_py'
[0.199s] Level 1:colcon.colcon_core.package_identification:_identify(build) by extensions ['ignore', 'ignore_ament_install']
[0.199s] Level 1:colcon.colcon_core.package_identification:_identify(build) by extension 'ignore'
[0.199s] Level 1:colcon.colcon_core.package_identification:_identify(build) ignored
[0.200s] Level 1:colcon.colcon_core.package_identification:_identify(install) by extensions ['ignore', 'ignore_ament_install']
[0.200s] Level 1:colcon.colcon_core.package_identification:_identify(install) by extension 'ignore'
[0.200s] Level 1:colcon.colcon_core.package_identification:_identify(install) ignored
[0.200s] Level 1:colcon.colcon_core.package_identification:_identify(log) by extensions ['ignore', 'ignore_ament_install']
[0.200s] Level 1:colcon.colcon_core.package_identification:_identify(log) by extension 'ignore'
[0.200s] Level 1:colcon.colcon_core.package_identification:_identify(log) ignored
[0.200s] Level 1:colcon.colcon_core.package_identification:_identify(promoc_assembly_interfaces) by extensions ['ignore', 'ignore_ament_install']
[0.200s] Level 1:colcon.colcon_core.package_identification:_identify(promoc_assembly_interfaces) by extension 'ignore'
[0.200s] Level 1:colcon.colcon_core.package_identification:_identify(promoc_assembly_interfaces) by extension 'ignore_ament_install'
[0.200s] Level 1:colcon.colcon_core.package_identification:_identify(promoc_assembly_interfaces) by extensions ['colcon_pkg']
[0.200s] Level 1:colcon.colcon_core.package_identification:_identify(promoc_assembly_interfaces) by extension 'colcon_pkg'
[0.200s] Level 1:colcon.colcon_core.package_identification:_identify(promoc_assembly_interfaces) by extensions ['colcon_meta']
[0.200s] Level 1:colcon.colcon_core.package_identification:_identify(promoc_assembly_interfaces) by extension 'colcon_meta'
[0.200s] Level 1:colcon.colcon_core.package_identification:_identify(promoc_assembly_interfaces) by extensions ['ros']
[0.200s] Level 1:colcon.colcon_core.package_identification:_identify(promoc_assembly_interfaces) by extension 'ros'
[0.202s] DEBUG:colcon.colcon_core.package_identification:Package 'promoc_assembly_interfaces' with type 'ros.ament_cmake' and name 'promoc_assembly_interfaces'
[0.202s] Level 1:colcon.colcon_core.package_identification:_identify(promoc_nodes) by extensions ['ignore', 'ignore_ament_install']
[0.202s] Level 1:colcon.colcon_core.package_identification:_identify(promoc_nodes) by extension 'ignore'
[0.202s] Level 1:colcon.colcon_core.package_identification:_identify(promoc_nodes) by extension 'ignore_ament_install'
[0.202s] Level 1:colcon.colcon_core.package_identification:_identify(promoc_nodes) by extensions ['colcon_pkg']
[0.202s] Level 1:colcon.colcon_core.package_identification:_identify(promoc_nodes) by extension 'colcon_pkg'
[0.202s] Level 1:colcon.colcon_core.package_identification:_identify(promoc_nodes) by extensions ['colcon_meta']
[0.202s] Level 1:colcon.colcon_core.package_identification:_identify(promoc_nodes) by extension 'colcon_meta'
[0.202s] Level 1:colcon.colcon_core.package_identification:_identify(promoc_nodes) by extensions ['ros']
[0.202s] Level 1:colcon.colcon_core.package_identification:_identify(promoc_nodes) by extension 'ros'
[0.202s] DEBUG:colcon.colcon_core.package_identification:Package 'promoc_nodes' with type 'ros.ament_python' and name 'promoc_nodes'
[0.202s] Level 1:colcon.colcon_core.package_discovery:discover_packages(recursive) using defaults
[0.202s] Level 1:colcon.colcon_core.package_discovery:discover_packages(ignore) discover
[0.202s] Level 1:colcon.colcon_core.package_discovery:discover_packages(ignore) using defaults
[0.202s] Level 1:colcon.colcon_core.package_discovery:discover_packages(path) discover
[0.202s] Level 1:colcon.colcon_core.package_discovery:discover_packages(path) using defaults
[0.219s] Level 1:colcon.colcon_core.package_discovery:discover_packages(prefix_path) check parameters
[0.219s] Level 1:colcon.colcon_core.package_discovery:discover_packages(prefix_path) discover
[0.220s] DEBUG:colcon.colcon_installed_package_information.package_discovery:Found 4 installed packages in /home/pmlab_mover/Documents/ros2_ws/install
[0.221s] DEBUG:colcon.colcon_installed_package_information.package_discovery:Found 308 installed packages in /opt/ros/humble
[0.222s] Level 1:colcon.colcon_core.package_discovery:discover_packages(prefix_path) using defaults
[0.248s] Level 5:colcon.colcon_core.verb:set package 'promoc_assembly_interfaces' build argument 'cmake_args' from command line to 'None'
[0.249s] Level 5:colcon.colcon_core.verb:set package 'promoc_assembly_interfaces' build argument 'cmake_target' from command line to 'None'
[0.249s] Level 5:colcon.colcon_core.verb:set package 'promoc_assembly_interfaces' build argument 'cmake_target_skip_unavailable' from command line to 'False'
[0.249s] Level 5:colcon.colcon_core.verb:set package 'promoc_assembly_interfaces' build argument 'cmake_clean_cache' from command line to 'False'
[0.249s] Level 5:colcon.colcon_core.verb:set package 'promoc_assembly_interfaces' build argument 'cmake_clean_first' from command line to 'False'
[0.249s] Level 5:colcon.colcon_core.verb:set package 'promoc_assembly_interfaces' build argument 'cmake_force_configure' from command line to 'False'
[0.249s] Level 5:colcon.colcon_core.verb:set package 'promoc_assembly_interfaces' build argument 'ament_cmake_args' from command line to 'None'
[0.249s] Level 5:colcon.colcon_core.verb:set package 'promoc_assembly_interfaces' build argument 'catkin_cmake_args' from command line to 'None'
[0.249s] Level 5:colcon.colcon_core.verb:set package 'promoc_assembly_interfaces' build argument 'catkin_skip_building_tests' from command line to 'False'
[0.249s] DEBUG:colcon.colcon_core.verb:Building package 'promoc_assembly_interfaces' with the following arguments: {'ament_cmake_args': None, 'build_base': '/home/pmlab_mover/Documents/ros2_ws/src/match-PM-match_pm_ProMOC_Assembly/build/promoc_assembly_interfaces', 'catkin_cmake_args': None, 'catkin_skip_building_tests': False, 'cmake_args': None, 'cmake_clean_cache': False, 'cmake_clean_first': False, 'cmake_force_configure': False, 'cmake_target': None, 'cmake_target_skip_unavailable': False, 'install_base': '/home/pmlab_mover/Documents/ros2_ws/src/match-PM-match_pm_ProMOC_Assembly/install/promoc_assembly_interfaces', 'merge_install': False, 'path': '/home/pmlab_mover/Documents/ros2_ws/src/match-PM-match_pm_ProMOC_Assembly/promoc_assembly_interfaces', 'symlink_install': False, 'test_result_base': None}
[0.249s] Level 5:colcon.colcon_core.verb:set package 'promoc_nodes' build argument 'cmake_args' from command line to 'None'
[0.249s] Level 5:colcon.colcon_core.verb:set package 'promoc_nodes' build argument 'cmake_target' from command line to 'None'
[0.249s] Level 5:colcon.colcon_core.verb:set package 'promoc_nodes' build argument 'cmake_target_skip_unavailable' from command line to 'False'
[0.249s] Level 5:colcon.colcon_core.verb:set package 'promoc_nodes' build argument 'cmake_clean_cache' from command line to 'False'
[0.249s] Level 5:colcon.colcon_core.verb:set package 'promoc_nodes' build argument 'cmake_clean_first' from command line to 'False'
[0.249s] Level 5:colcon.colcon_core.verb:set package 'promoc_nodes' build argument 'cmake_force_configure' from command line to 'False'
[0.249s] Level 5:colcon.colcon_core.verb:set package 'promoc_nodes' build argument 'ament_cmake_args' from command line to 'None'
[0.249s] Level 5:colcon.colcon_core.verb:set package 'promoc_nodes' build argument 'catkin_cmake_args' from command line to 'None'
[0.249s] Level 5:colcon.colcon_core.verb:set package 'promoc_nodes' build argument 'catkin_skip_building_tests' from command line to 'False'
[0.249s] DEBUG:colcon.colcon_core.verb:Building package 'promoc_nodes' with the following arguments: {'ament_cmake_args': None, 'build_base': '/home/pmlab_mover/Documents/ros2_ws/src/match-PM-match_pm_ProMOC_Assembly/build/promoc_nodes', 'catkin_cmake_args': None, 'catkin_skip_building_tests': False, 'cmake_args': None, 'cmake_clean_cache': False, 'cmake_clean_first': False, 'cmake_force_configure': False, 'cmake_target': None, 'cmake_target_skip_unavailable': False, 'install_base': '/home/pmlab_mover/Documents/ros2_ws/src/match-PM-match_pm_ProMOC_Assembly/install/promoc_nodes', 'merge_install': False, 'path': '/home/pmlab_mover/Documents/ros2_ws/src/match-PM-match_pm_ProMOC_Assembly/promoc_nodes', 'symlink_install': False, 'test_result_base': None}
[0.249s] INFO:colcon.colcon_core.executor:Executing jobs using 'parallel' executor
[0.250s] DEBUG:colcon.colcon_parallel_executor.executor.parallel:run_until_complete
[0.250s] INFO:colcon.colcon_ros.task.ament_cmake.build:Building ROS package in '/home/pmlab_mover/Documents/ros2_ws/src/match-PM-match_pm_ProMOC_Assembly/promoc_assembly_interfaces' with build type 'ament_cmake'
[0.250s] INFO:colcon.colcon_cmake.task.cmake.build:Building CMake package in '/home/pmlab_mover/Documents/ros2_ws/src/match-PM-match_pm_ProMOC_Assembly/promoc_assembly_interfaces'
[0.251s] INFO:colcon.colcon_core.plugin_system:Skipping extension 'colcon_core.shell.bat': Not used on non-Windows systems
[0.251s] INFO:colcon.colcon_core.shell:Skip shell extension 'powershell' for command environment: Not usable outside of PowerShell
[0.251s] DEBUG:colcon.colcon_core.shell:Skip shell extension 'dsv' for command environment
[0.257s] DEBUG:colcon.colcon_core.event_handler.log_command:Invoking command in '/home/pmlab_mover/Documents/ros2_ws/src/match-PM-match_pm_ProMOC_Assembly/build/promoc_assembly_interfaces': CMAKE_PREFIX_PATH=${CMAKE_PREFIX_PATH}:/home/pmlab_mover/Documents/ros2_ws/install/ros_sequential_action_programmer:/home/pmlab_mover/Documents/ros2_ws/install/promoc_nodes:/opt/ros/humble /usr/bin/cmake /home/pmlab_mover/Documents/ros2_ws/src/match-PM-match_pm_ProMOC_Assembly/promoc_assembly_interfaces -DCMAKE_INSTALL_PREFIX=/home/pmlab_mover/Documents/ros2_ws/src/match-PM-match_pm_ProMOC_Assembly/install/promoc_assembly_interfaces
[1.330s] DEBUG:colcon.colcon_core.event_handler.log_command:Invoked command in '/home/pmlab_mover/Documents/ros2_ws/src/match-PM-match_pm_ProMOC_Assembly/build/promoc_assembly_interfaces' returned '0': CMAKE_PREFIX_PATH=${CMAKE_PREFIX_PATH}:/home/pmlab_mover/Documents/ros2_ws/install/ros_sequential_action_programmer:/home/pmlab_mover/Documents/ros2_ws/install/promoc_nodes:/opt/ros/humble /usr/bin/cmake /home/pmlab_mover/Documents/ros2_ws/src/match-PM-match_pm_ProMOC_Assembly/promoc_assembly_interfaces -DCMAKE_INSTALL_PREFIX=/home/pmlab_mover/Documents/ros2_ws/src/match-PM-match_pm_ProMOC_Assembly/install/promoc_assembly_interfaces
[1.331s] DEBUG:colcon.colcon_core.event_handler.log_command:Invoking command in '/home/pmlab_mover/Documents/ros2_ws/src/match-PM-match_pm_ProMOC_Assembly/build/promoc_assembly_interfaces': CMAKE_PREFIX_PATH=${CMAKE_PREFIX_PATH}:/home/pmlab_mover/Documents/ros2_ws/install/ros_sequential_action_programmer:/home/pmlab_mover/Documents/ros2_ws/install/promoc_nodes:/opt/ros/humble /usr/bin/cmake --build /home/pmlab_mover/Documents/ros2_ws/src/match-PM-match_pm_ProMOC_Assembly/build/promoc_assembly_interfaces -- -j16 -l16
[4.107s] DEBUG:colcon.colcon_core.event_handler.log_command:Invoked command in '/home/pmlab_mover/Documents/ros2_ws/src/match-PM-match_pm_ProMOC_Assembly/build/promoc_assembly_interfaces' returned '0': CMAKE_PREFIX_PATH=${CMAKE_PREFIX_PATH}:/home/pmlab_mover/Documents/ros2_ws/install/ros_sequential_action_programmer:/home/pmlab_mover/Documents/ros2_ws/install/promoc_nodes:/opt/ros/humble /usr/bin/cmake --build /home/pmlab_mover/Documents/ros2_ws/src/match-PM-match_pm_ProMOC_Assembly/build/promoc_assembly_interfaces -- -j16 -l16
[4.114s] DEBUG:colcon.colcon_core.event_handler.log_command:Invoking command in '/home/pmlab_mover/Documents/ros2_ws/src/match-PM-match_pm_ProMOC_Assembly/build/promoc_assembly_interfaces': CMAKE_PREFIX_PATH=${CMAKE_PREFIX_PATH}:/home/pmlab_mover/Documents/ros2_ws/install/ros_sequential_action_programmer:/home/pmlab_mover/Documents/ros2_ws/install/promoc_nodes:/opt/ros/humble /usr/bin/cmake --install /home/pmlab_mover/Documents/ros2_ws/src/match-PM-match_pm_ProMOC_Assembly/build/promoc_assembly_interfaces
[4.184s] Level 1:colcon.colcon_core.environment:create_environment_scripts_only(promoc_assembly_interfaces)
[4.185s] DEBUG:colcon.colcon_core.event_handler.log_command:Invoked command in '/home/pmlab_mover/Documents/ros2_ws/src/match-PM-match_pm_ProMOC_Assembly/build/promoc_assembly_interfaces' returned '0': CMAKE_PREFIX_PATH=${CMAKE_PREFIX_PATH}:/home/pmlab_mover/Documents/ros2_ws/install/ros_sequential_action_programmer:/home/pmlab_mover/Documents/ros2_ws/install/promoc_nodes:/opt/ros/humble /usr/bin/cmake --install /home/pmlab_mover/Documents/ros2_ws/src/match-PM-match_pm_ProMOC_Assembly/build/promoc_assembly_interfaces
[4.188s] Level 1:colcon.colcon_core.environment:checking '/home/pmlab_mover/Documents/ros2_ws/src/match-PM-match_pm_ProMOC_Assembly/install/promoc_assembly_interfaces' for CMake module files
[4.188s] Level 1:colcon.colcon_core.environment:checking '/home/pmlab_mover/Documents/ros2_ws/src/match-PM-match_pm_ProMOC_Assembly/install/promoc_assembly_interfaces' for CMake config files
[4.189s] Level 1:colcon.colcon_core.shell:create_environment_hook('promoc_assembly_interfaces', 'cmake_prefix_path')
[4.190s] INFO:colcon.colcon_core.shell:Creating environment hook '/home/pmlab_mover/Documents/ros2_ws/src/match-PM-match_pm_ProMOC_Assembly/install/promoc_assembly_interfaces/share/promoc_assembly_interfaces/hook/cmake_prefix_path.ps1'
[4.191s] INFO:colcon.colcon_core.shell:Creating environment descriptor '/home/pmlab_mover/Documents/ros2_ws/src/match-PM-match_pm_ProMOC_Assembly/install/promoc_assembly_interfaces/share/promoc_assembly_interfaces/hook/cmake_prefix_path.dsv'
[4.191s] INFO:colcon.colcon_core.shell:Creating environment hook '/home/pmlab_mover/Documents/ros2_ws/src/match-PM-match_pm_ProMOC_Assembly/install/promoc_assembly_interfaces/share/promoc_assembly_interfaces/hook/cmake_prefix_path.sh'
[4.192s] Level 1:colcon.colcon_core.environment:checking '/home/pmlab_mover/Documents/ros2_ws/src/match-PM-match_pm_ProMOC_Assembly/install/promoc_assembly_interfaces/lib'
[4.192s] Level 1:colcon.colcon_core.shell:create_environment_hook('promoc_assembly_interfaces', 'ld_library_path_lib')
[4.193s] INFO:colcon.colcon_core.shell:Creating environment hook '/home/pmlab_mover/Documents/ros2_ws/src/match-PM-match_pm_ProMOC_Assembly/install/promoc_assembly_interfaces/share/promoc_assembly_interfaces/hook/ld_library_path_lib.ps1'
[4.193s] INFO:colcon.colcon_core.shell:Creating environment descriptor '/home/pmlab_mover/Documents/ros2_ws/src/match-PM-match_pm_ProMOC_Assembly/install/promoc_assembly_interfaces/share/promoc_assembly_interfaces/hook/ld_library_path_lib.dsv'
[4.194s] INFO:colcon.colcon_core.shell:Creating environment hook '/home/pmlab_mover/Documents/ros2_ws/src/match-PM-match_pm_ProMOC_Assembly/install/promoc_assembly_interfaces/share/promoc_assembly_interfaces/hook/ld_library_path_lib.sh'
[4.194s] Level 1:colcon.colcon_core.environment:checking '/home/pmlab_mover/Documents/ros2_ws/src/match-PM-match_pm_ProMOC_Assembly/install/promoc_assembly_interfaces/bin'
[4.194s] Level 1:colcon.colcon_core.environment:checking '/home/pmlab_mover/Documents/ros2_ws/src/match-PM-match_pm_ProMOC_Assembly/install/promoc_assembly_interfaces/lib/pkgconfig/promoc_assembly_interfaces.pc'
[4.194s] Level 1:colcon.colcon_core.environment:checking '/home/pmlab_mover/Documents/ros2_ws/src/match-PM-match_pm_ProMOC_Assembly/install/promoc_assembly_interfaces/lib/python3.10/site-packages'
[4.195s] Level 1:colcon.colcon_core.environment:checking '/home/pmlab_mover/Documents/ros2_ws/src/match-PM-match_pm_ProMOC_Assembly/install/promoc_assembly_interfaces/bin'
[4.195s] INFO:colcon.colcon_core.shell:Creating package script '/home/pmlab_mover/Documents/ros2_ws/src/match-PM-match_pm_ProMOC_Assembly/install/promoc_assembly_interfaces/share/promoc_assembly_interfaces/package.ps1'
[4.196s] INFO:colcon.colcon_core.shell:Creating package descriptor '/home/pmlab_mover/Documents/ros2_ws/src/match-PM-match_pm_ProMOC_Assembly/install/promoc_assembly_interfaces/share/promoc_assembly_interfaces/package.dsv'
[4.197s] INFO:colcon.colcon_core.shell:Creating package script '/home/pmlab_mover/Documents/ros2_ws/src/match-PM-match_pm_ProMOC_Assembly/install/promoc_assembly_interfaces/share/promoc_assembly_interfaces/package.sh'
[4.198s] INFO:colcon.colcon_core.shell:Creating package script '/home/pmlab_mover/Documents/ros2_ws/src/match-PM-match_pm_ProMOC_Assembly/install/promoc_assembly_interfaces/share/promoc_assembly_interfaces/package.bash'
[4.199s] INFO:colcon.colcon_core.shell:Creating package script '/home/pmlab_mover/Documents/ros2_ws/src/match-PM-match_pm_ProMOC_Assembly/install/promoc_assembly_interfaces/share/promoc_assembly_interfaces/package.zsh'
[4.200s] Level 1:colcon.colcon_core.environment:create_file_with_runtime_dependencies(/home/pmlab_mover/Documents/ros2_ws/src/match-PM-match_pm_ProMOC_Assembly/install/promoc_assembly_interfaces/share/colcon-core/packages/promoc_assembly_interfaces)
[4.201s] Level 1:colcon.colcon_core.environment:create_environment_scripts_only(promoc_assembly_interfaces)
[4.201s] Level 1:colcon.colcon_core.environment:checking '/home/pmlab_mover/Documents/ros2_ws/src/match-PM-match_pm_ProMOC_Assembly/install/promoc_assembly_interfaces' for CMake module files
[4.202s] Level 1:colcon.colcon_core.environment:checking '/home/pmlab_mover/Documents/ros2_ws/src/match-PM-match_pm_ProMOC_Assembly/install/promoc_assembly_interfaces' for CMake config files
[4.203s] Level 1:colcon.colcon_core.shell:create_environment_hook('promoc_assembly_interfaces', 'cmake_prefix_path')
[4.203s] INFO:colcon.colcon_core.shell:Creating environment hook '/home/pmlab_mover/Documents/ros2_ws/src/match-PM-match_pm_ProMOC_Assembly/install/promoc_assembly_interfaces/share/promoc_assembly_interfaces/hook/cmake_prefix_path.ps1'
[4.204s] INFO:colcon.colcon_core.shell:Creating environment descriptor '/home/pmlab_mover/Documents/ros2_ws/src/match-PM-match_pm_ProMOC_Assembly/install/promoc_assembly_interfaces/share/promoc_assembly_interfaces/hook/cmake_prefix_path.dsv'
[4.204s] INFO:colcon.colcon_core.shell:Creating environment hook '/home/pmlab_mover/Documents/ros2_ws/src/match-PM-match_pm_ProMOC_Assembly/install/promoc_assembly_interfaces/share/promoc_assembly_interfaces/hook/cmake_prefix_path.sh'
[4.205s] Level 1:colcon.colcon_core.environment:checking '/home/pmlab_mover/Documents/ros2_ws/src/match-PM-match_pm_ProMOC_Assembly/install/promoc_assembly_interfaces/lib'
[4.205s] Level 1:colcon.colcon_core.shell:create_environment_hook('promoc_assembly_interfaces', 'ld_library_path_lib')
[4.205s] INFO:colcon.colcon_core.shell:Creating environment hook '/home/pmlab_mover/Documents/ros2_ws/src/match-PM-match_pm_ProMOC_Assembly/install/promoc_assembly_interfaces/share/promoc_assembly_interfaces/hook/ld_library_path_lib.ps1'
[4.205s] INFO:colcon.colcon_core.shell:Creating environment descriptor '/home/pmlab_mover/Documents/ros2_ws/src/match-PM-match_pm_ProMOC_Assembly/install/promoc_assembly_interfaces/share/promoc_assembly_interfaces/hook/ld_library_path_lib.dsv'
[4.206s] INFO:colcon.colcon_core.shell:Creating environment hook '/home/pmlab_mover/Documents/ros2_ws/src/match-PM-match_pm_ProMOC_Assembly/install/promoc_assembly_interfaces/share/promoc_assembly_interfaces/hook/ld_library_path_lib.sh'
[4.206s] Level 1:colcon.colcon_core.environment:checking '/home/pmlab_mover/Documents/ros2_ws/src/match-PM-match_pm_ProMOC_Assembly/install/promoc_assembly_interfaces/bin'
[4.206s] Level 1:colcon.colcon_core.environment:checking '/home/pmlab_mover/Documents/ros2_ws/src/match-PM-match_pm_ProMOC_Assembly/install/promoc_assembly_interfaces/lib/pkgconfig/promoc_assembly_interfaces.pc'
[4.206s] Level 1:colcon.colcon_core.environment:checking '/home/pmlab_mover/Documents/ros2_ws/src/match-PM-match_pm_ProMOC_Assembly/install/promoc_assembly_interfaces/lib/python3.10/site-packages'
[4.207s] Level 1:colcon.colcon_core.environment:checking '/home/pmlab_mover/Documents/ros2_ws/src/match-PM-match_pm_ProMOC_Assembly/install/promoc_assembly_interfaces/bin'
[4.207s] INFO:colcon.colcon_core.shell:Creating package script '/home/pmlab_mover/Documents/ros2_ws/src/match-PM-match_pm_ProMOC_Assembly/install/promoc_assembly_interfaces/share/promoc_assembly_interfaces/package.ps1'
[4.208s] INFO:colcon.colcon_core.shell:Creating package descriptor '/home/pmlab_mover/Documents/ros2_ws/src/match-PM-match_pm_ProMOC_Assembly/install/promoc_assembly_interfaces/share/promoc_assembly_interfaces/package.dsv'
[4.208s] INFO:colcon.colcon_core.shell:Creating package script '/home/pmlab_mover/Documents/ros2_ws/src/match-PM-match_pm_ProMOC_Assembly/install/promoc_assembly_interfaces/share/promoc_assembly_interfaces/package.sh'
[4.208s] INFO:colcon.colcon_core.shell:Creating package script '/home/pmlab_mover/Documents/ros2_ws/src/match-PM-match_pm_ProMOC_Assembly/install/promoc_assembly_interfaces/share/promoc_assembly_interfaces/package.bash'
[4.209s] INFO:colcon.colcon_core.shell:Creating package script '/home/pmlab_mover/Documents/ros2_ws/src/match-PM-match_pm_ProMOC_Assembly/install/promoc_assembly_interfaces/share/promoc_assembly_interfaces/package.zsh'
[4.209s] Level 1:colcon.colcon_core.environment:create_file_with_runtime_dependencies(/home/pmlab_mover/Documents/ros2_ws/src/match-PM-match_pm_ProMOC_Assembly/install/promoc_assembly_interfaces/share/colcon-core/packages/promoc_assembly_interfaces)
[4.210s] INFO:colcon.colcon_ros.task.ament_python.build:Building ROS package in '/home/pmlab_mover/Documents/ros2_ws/src/match-PM-match_pm_ProMOC_Assembly/promoc_nodes' with build type 'ament_python'
[4.210s] Level 1:colcon.colcon_core.shell:create_environment_hook('promoc_nodes', 'ament_prefix_path')
[4.210s] INFO:colcon.colcon_core.shell:Creating environment hook '/home/pmlab_mover/Documents/ros2_ws/src/match-PM-match_pm_ProMOC_Assembly/install/promoc_nodes/share/promoc_nodes/hook/ament_prefix_path.ps1'
[4.211s] INFO:colcon.colcon_core.shell:Creating environment descriptor '/home/pmlab_mover/Documents/ros2_ws/src/match-PM-match_pm_ProMOC_Assembly/install/promoc_nodes/share/promoc_nodes/hook/ament_prefix_path.dsv'
[4.211s] INFO:colcon.colcon_core.shell:Creating environment hook '/home/pmlab_mover/Documents/ros2_ws/src/match-PM-match_pm_ProMOC_Assembly/install/promoc_nodes/share/promoc_nodes/hook/ament_prefix_path.sh'
[4.211s] INFO:colcon.colcon_core.shell:Skip shell extension 'powershell' for command environment: Not usable outside of PowerShell
[4.211s] DEBUG:colcon.colcon_core.shell:Skip shell extension 'dsv' for command environment
[4.395s] INFO:colcon.colcon_core.task.python.build:Building Python package in '/home/pmlab_mover/Documents/ros2_ws/src/match-PM-match_pm_ProMOC_Assembly/promoc_nodes'
[4.396s] INFO:colcon.colcon_core.shell:Skip shell extension 'powershell' for command environment: Not usable outside of PowerShell
[4.396s] DEBUG:colcon.colcon_core.shell:Skip shell extension 'dsv' for command environment
[4.636s] DEBUG:colcon.colcon_core.event_handler.log_command:Invoking command in '/home/pmlab_mover/Documents/ros2_ws/src/match-PM-match_pm_ProMOC_Assembly/promoc_nodes': AMENT_PREFIX_PATH=/home/pmlab_mover/Documents/ros2_ws/src/match-PM-match_pm_ProMOC_Assembly/install/promoc_assembly_interfaces:${AMENT_PREFIX_PATH} CMAKE_PREFIX_PATH=/home/pmlab_mover/Documents/ros2_ws/src/match-PM-match_pm_ProMOC_Assembly/install/promoc_assembly_interfaces:${CMAKE_PREFIX_PATH} LD_LIBRARY_PATH=/home/pmlab_mover/Documents/ros2_ws/src/match-PM-match_pm_ProMOC_Assembly/install/promoc_assembly_interfaces/lib:${LD_LIBRARY_PATH} PYTHONPATH=/home/pmlab_mover/Documents/ros2_ws/src/match-PM-match_pm_ProMOC_Assembly/build/promoc_nodes/prefix_override:/usr/lib/python3/dist-packages/colcon_core/task/python/colcon_distutils_commands:/home/pmlab_mover/Documents/ros2_ws/src/match-PM-match_pm_ProMOC_Assembly/install/promoc_nodes/lib/python3.10/site-packages:/home/pmlab_mover/Documents/ros2_ws/src/match-PM-match_pm_ProMOC_Assembly/install/promoc_assembly_interfaces/local/lib/python3.10/dist-packages:${PYTHONPATH} /usr/bin/python3 -W ignore:setup.py install is deprecated -W ignore:easy_install command is deprecated setup.py egg_info --egg-base ../build/promoc_nodes build --build-base /home/pmlab_mover/Documents/ros2_ws/src/match-PM-match_pm_ProMOC_Assembly/build/promoc_nodes/build install --record /home/pmlab_mover/Documents/ros2_ws/src/match-PM-match_pm_ProMOC_Assembly/build/promoc_nodes/install.log --single-version-externally-managed install_data
[4.838s] Level 1:colcon.colcon_core.environment:checking '/home/pmlab_mover/Documents/ros2_ws/src/match-PM-match_pm_ProMOC_Assembly/install/promoc_nodes' for CMake module files
[4.838s] DEBUG:colcon.colcon_core.event_handler.log_command:Invoked command in '/home/pmlab_mover/Documents/ros2_ws/src/match-PM-match_pm_ProMOC_Assembly/promoc_nodes' returned '0': AMENT_PREFIX_PATH=/home/pmlab_mover/Documents/ros2_ws/src/match-PM-match_pm_ProMOC_Assembly/install/promoc_assembly_interfaces:${AMENT_PREFIX_PATH} CMAKE_PREFIX_PATH=/home/pmlab_mover/Documents/ros2_ws/src/match-PM-match_pm_ProMOC_Assembly/install/promoc_assembly_interfaces:${CMAKE_PREFIX_PATH} LD_LIBRARY_PATH=/home/pmlab_mover/Documents/ros2_ws/src/match-PM-match_pm_ProMOC_Assembly/install/promoc_assembly_interfaces/lib:${LD_LIBRARY_PATH} PYTHONPATH=/home/pmlab_mover/Documents/ros2_ws/src/match-PM-match_pm_ProMOC_Assembly/build/promoc_nodes/prefix_override:/usr/lib/python3/dist-packages/colcon_core/task/python/colcon_distutils_commands:/home/pmlab_mover/Documents/ros2_ws/src/match-PM-match_pm_ProMOC_Assembly/install/promoc_nodes/lib/python3.10/site-packages:/home/pmlab_mover/Documents/ros2_ws/src/match-PM-match_pm_ProMOC_Assembly/install/promoc_assembly_interfaces/local/lib/python3.10/dist-packages:${PYTHONPATH} /usr/bin/python3 -W ignore:setup.py install is deprecated -W ignore:easy_install command is deprecated setup.py egg_info --egg-base ../build/promoc_nodes build --build-base /home/pmlab_mover/Documents/ros2_ws/src/match-PM-match_pm_ProMOC_Assembly/build/promoc_nodes/build install --record /home/pmlab_mover/Documents/ros2_ws/src/match-PM-match_pm_ProMOC_Assembly/build/promoc_nodes/install.log --single-version-externally-managed install_data
[4.838s] Level 1:colcon.colcon_core.environment:checking '/home/pmlab_mover/Documents/ros2_ws/src/match-PM-match_pm_ProMOC_Assembly/install/promoc_nodes' for CMake config files
[4.839s] Level 1:colcon.colcon_core.environment:checking '/home/pmlab_mover/Documents/ros2_ws/src/match-PM-match_pm_ProMOC_Assembly/install/promoc_nodes/lib'
[4.839s] Level 1:colcon.colcon_core.environment:checking '/home/pmlab_mover/Documents/ros2_ws/src/match-PM-match_pm_ProMOC_Assembly/install/promoc_nodes/bin'
[4.839s] Level 1:colcon.colcon_core.environment:checking '/home/pmlab_mover/Documents/ros2_ws/src/match-PM-match_pm_ProMOC_Assembly/install/promoc_nodes/lib/pkgconfig/promoc_nodes.pc'
[4.839s] Level 1:colcon.colcon_core.environment:checking '/home/pmlab_mover/Documents/ros2_ws/src/match-PM-match_pm_ProMOC_Assembly/install/promoc_nodes/lib/python3.10/site-packages'
[4.839s] Level 1:colcon.colcon_core.shell:create_environment_hook('promoc_nodes', 'pythonpath')
[4.839s] INFO:colcon.colcon_core.shell:Creating environment hook '/home/pmlab_mover/Documents/ros2_ws/src/match-PM-match_pm_ProMOC_Assembly/install/promoc_nodes/share/promoc_nodes/hook/pythonpath.ps1'
[4.840s] INFO:colcon.colcon_core.shell:Creating environment descriptor '/home/pmlab_mover/Documents/ros2_ws/src/match-PM-match_pm_ProMOC_Assembly/install/promoc_nodes/share/promoc_nodes/hook/pythonpath.dsv'
[4.840s] INFO:colcon.colcon_core.shell:Creating environment hook '/home/pmlab_mover/Documents/ros2_ws/src/match-PM-match_pm_ProMOC_Assembly/install/promoc_nodes/share/promoc_nodes/hook/pythonpath.sh'
[4.840s] Level 1:colcon.colcon_core.environment:checking '/home/pmlab_mover/Documents/ros2_ws/src/match-PM-match_pm_ProMOC_Assembly/install/promoc_nodes/bin'
[4.840s] Level 1:colcon.colcon_core.environment:create_environment_scripts_only(promoc_nodes)
[4.841s] INFO:colcon.colcon_core.shell:Creating package script '/home/pmlab_mover/Documents/ros2_ws/src/match-PM-match_pm_ProMOC_Assembly/install/promoc_nodes/share/promoc_nodes/package.ps1'
[4.841s] INFO:colcon.colcon_core.shell:Creating package descriptor '/home/pmlab_mover/Documents/ros2_ws/src/match-PM-match_pm_ProMOC_Assembly/install/promoc_nodes/share/promoc_nodes/package.dsv'
[4.842s] INFO:colcon.colcon_core.shell:Creating package script '/home/pmlab_mover/Documents/ros2_ws/src/match-PM-match_pm_ProMOC_Assembly/install/promoc_nodes/share/promoc_nodes/package.sh'
[4.842s] INFO:colcon.colcon_core.shell:Creating package script '/home/pmlab_mover/Documents/ros2_ws/src/match-PM-match_pm_ProMOC_Assembly/install/promoc_nodes/share/promoc_nodes/package.bash'
[4.842s] INFO:colcon.colcon_core.shell:Creating package script '/home/pmlab_mover/Documents/ros2_ws/src/match-PM-match_pm_ProMOC_Assembly/install/promoc_nodes/share/promoc_nodes/package.zsh'
[4.842s] Level 1:colcon.colcon_core.environment:create_file_with_runtime_dependencies(/home/pmlab_mover/Documents/ros2_ws/src/match-PM-match_pm_ProMOC_Assembly/install/promoc_nodes/share/colcon-core/packages/promoc_nodes)
[4.843s] DEBUG:colcon.colcon_parallel_executor.executor.parallel:closing loop
[4.843s] DEBUG:colcon.colcon_parallel_executor.executor.parallel:loop closed
[4.843s] DEBUG:colcon.colcon_parallel_executor.executor.parallel:run_until_complete finished with '0'
[4.843s] DEBUG:colcon.colcon_core.event_reactor:joining thread
[4.847s] INFO:colcon.colcon_core.plugin_system:Skipping extension 'colcon_notification.desktop_notification.terminal_notifier': Not used on non-Darwin systems
[4.847s] INFO:colcon.colcon_core.plugin_system:Skipping extension 'colcon_notification.desktop_notification.win32': Not used on non-Windows systems
[4.847s] INFO:colcon.colcon_notification.desktop_notification:Sending desktop notification using 'notify2'
[4.857s] DEBUG:colcon.colcon_core.event_reactor:joined thread
[4.857s] INFO:colcon.colcon_core.shell:Creating prefix script '/home/pmlab_mover/Documents/ros2_ws/src/match-PM-match_pm_ProMOC_Assembly/install/local_setup.ps1'
[4.858s] INFO:colcon.colcon_core.shell:Creating prefix util module '/home/pmlab_mover/Documents/ros2_ws/src/match-PM-match_pm_ProMOC_Assembly/install/_local_setup_util_ps1.py'
[4.859s] INFO:colcon.colcon_core.shell:Creating prefix chain script '/home/pmlab_mover/Documents/ros2_ws/src/match-PM-match_pm_ProMOC_Assembly/install/setup.ps1'
[4.860s] INFO:colcon.colcon_core.shell:Creating prefix script '/home/pmlab_mover/Documents/ros2_ws/src/match-PM-match_pm_ProMOC_Assembly/install/local_setup.sh'
[4.860s] INFO:colcon.colcon_core.shell:Creating prefix util module '/home/pmlab_mover/Documents/ros2_ws/src/match-PM-match_pm_ProMOC_Assembly/install/_local_setup_util_sh.py'
[4.861s] INFO:colcon.colcon_core.shell:Creating prefix chain script '/home/pmlab_mover/Documents/ros2_ws/src/match-PM-match_pm_ProMOC_Assembly/install/setup.sh'
[4.862s] INFO:colcon.colcon_core.shell:Creating prefix script '/home/pmlab_mover/Documents/ros2_ws/src/match-PM-match_pm_ProMOC_Assembly/install/local_setup.bash'
[4.862s] INFO:colcon.colcon_core.shell:Creating prefix chain script '/home/pmlab_mover/Documents/ros2_ws/src/match-PM-match_pm_ProMOC_Assembly/install/setup.bash'
[4.863s] INFO:colcon.colcon_core.shell:Creating prefix script '/home/pmlab_mover/Documents/ros2_ws/src/match-PM-match_pm_ProMOC_Assembly/install/local_setup.zsh'
[4.864s] INFO:colcon.colcon_core.shell:Creating prefix chain script '/home/pmlab_mover/Documents/ros2_ws/src/match-PM-match_pm_ProMOC_Assembly/install/setup.zsh'
