[0.425s] Invoking command in '/home/pmlab_mover/Documents/ros2_ws/src/match-PM-match_pm_ProMOC_Assembly/promoc_nodes': AMENT_PREFIX_PATH=/home/pmlab_mover/Documents/ros2_ws/src/match-PM-match_pm_ProMOC_Assembly/install/promoc_assembly_interfaces:${AMENT_PREFIX_PATH} CMAKE_PREFIX_PATH=/home/pmlab_mover/Documents/ros2_ws/src/match-PM-match_pm_ProMOC_Assembly/install/promoc_assembly_interfaces:${CMAKE_PREFIX_PATH} LD_LIBRARY_PATH=/home/pmlab_mover/Documents/ros2_ws/src/match-PM-match_pm_ProMOC_Assembly/install/promoc_assembly_interfaces/lib:${LD_LIBRARY_PATH} PYTHONPATH=/home/pmlab_mover/Documents/ros2_ws/src/match-PM-match_pm_ProMOC_Assembly/build/promoc_nodes/prefix_override:/usr/lib/python3/dist-packages/colcon_core/task/python/colcon_distutils_commands:/home/pmlab_mover/Documents/ros2_ws/src/match-PM-match_pm_ProMOC_Assembly/install/promoc_nodes/lib/python3.10/site-packages:/home/pmlab_mover/Documents/ros2_ws/src/match-PM-match_pm_ProMOC_Assembly/install/promoc_assembly_interfaces/local/lib/python3.10/dist-packages:${PYTHONPATH} /usr/bin/python3 -W ignore:setup.py install is deprecated -W ignore:easy_install command is deprecated setup.py egg_info --egg-base ../build/promoc_nodes build --build-base /home/pmlab_mover/Documents/ros2_ws/src/match-PM-match_pm_ProMOC_Assembly/build/promoc_nodes/build install --record /home/pmlab_mover/Documents/ros2_ws/src/match-PM-match_pm_ProMOC_Assembly/build/promoc_nodes/install.log --single-version-externally-managed install_data
[0.594s] running egg_info
[0.594s] creating ../build/promoc_nodes/promoc_nodes.egg-info
[0.594s] writing ../build/promoc_nodes/promoc_nodes.egg-info/PKG-INFO
[0.594s] writing dependency_links to ../build/promoc_nodes/promoc_nodes.egg-info/dependency_links.txt
[0.594s] writing entry points to ../build/promoc_nodes/promoc_nodes.egg-info/entry_points.txt
[0.594s] writing requirements to ../build/promoc_nodes/promoc_nodes.egg-info/requires.txt
[0.594s] writing top-level names to ../build/promoc_nodes/promoc_nodes.egg-info/top_level.txt
[0.595s] writing manifest file '../build/promoc_nodes/promoc_nodes.egg-info/SOURCES.txt'
[0.596s] reading manifest file '../build/promoc_nodes/promoc_nodes.egg-info/SOURCES.txt'
[0.596s] writing manifest file '../build/promoc_nodes/promoc_nodes.egg-info/SOURCES.txt'
[0.596s] running build
[0.596s] running build_py
[0.596s] creating /home/pmlab_mover/Documents/ros2_ws/src/match-PM-match_pm_ProMOC_Assembly/build/promoc_nodes/build
[0.596s] creating /home/pmlab_mover/Documents/ros2_ws/src/match-PM-match_pm_ProMOC_Assembly/build/promoc_nodes/build/lib
[0.596s] creating /home/pmlab_mover/Documents/ros2_ws/src/match-PM-match_pm_ProMOC_Assembly/build/promoc_nodes/build/lib/promoc_nodes
[0.597s] copying promoc_nodes/__init__.py -> /home/pmlab_mover/Documents/ros2_ws/src/match-PM-match_pm_ProMOC_Assembly/build/promoc_nodes/build/lib/promoc_nodes
[0.597s] creating /home/pmlab_mover/Documents/ros2_ws/src/match-PM-match_pm_ProMOC_Assembly/build/promoc_nodes/build/lib/promoc_nodes/thorlabs
[0.597s] copying promoc_nodes/thorlabs/__init__.py -> /home/pmlab_mover/Documents/ros2_ws/src/match-PM-match_pm_ProMOC_Assembly/build/promoc_nodes/build/lib/promoc_nodes/thorlabs
[0.597s] copying promoc_nodes/thorlabs/lts300_service_node.py -> /home/pmlab_mover/Documents/ros2_ws/src/match-PM-match_pm_ProMOC_Assembly/build/promoc_nodes/build/lib/promoc_nodes/thorlabs
[0.597s] creating /home/pmlab_mover/Documents/ros2_ws/src/match-PM-match_pm_ProMOC_Assembly/build/promoc_nodes/build/lib/promoc_nodes/planar_motor
[0.597s] copying promoc_nodes/planar_motor/mover_service_node.py -> /home/pmlab_mover/Documents/ros2_ws/src/match-PM-match_pm_ProMOC_Assembly/build/promoc_nodes/build/lib/promoc_nodes/planar_motor
[0.597s] copying promoc_nodes/planar_motor/mover_client_node.py -> /home/pmlab_mover/Documents/ros2_ws/src/match-PM-match_pm_ProMOC_Assembly/build/promoc_nodes/build/lib/promoc_nodes/planar_motor
[0.597s] copying promoc_nodes/planar_motor/__init__.py -> /home/pmlab_mover/Documents/ros2_ws/src/match-PM-match_pm_ProMOC_Assembly/build/promoc_nodes/build/lib/promoc_nodes/planar_motor
[0.597s] running install
[0.597s] running install_lib
[0.598s] creating /home/pmlab_mover/Documents/ros2_ws/src/match-PM-match_pm_ProMOC_Assembly/install/promoc_nodes/lib/python3.10/site-packages/promoc_nodes
[0.598s] creating /home/pmlab_mover/Documents/ros2_ws/src/match-PM-match_pm_ProMOC_Assembly/install/promoc_nodes/lib/python3.10/site-packages/promoc_nodes/thorlabs
[0.598s] copying /home/pmlab_mover/Documents/ros2_ws/src/match-PM-match_pm_ProMOC_Assembly/build/promoc_nodes/build/lib/promoc_nodes/thorlabs/__init__.py -> /home/pmlab_mover/Documents/ros2_ws/src/match-PM-match_pm_ProMOC_Assembly/install/promoc_nodes/lib/python3.10/site-packages/promoc_nodes/thorlabs
[0.598s] copying /home/pmlab_mover/Documents/ros2_ws/src/match-PM-match_pm_ProMOC_Assembly/build/promoc_nodes/build/lib/promoc_nodes/thorlabs/lts300_service_node.py -> /home/pmlab_mover/Documents/ros2_ws/src/match-PM-match_pm_ProMOC_Assembly/install/promoc_nodes/lib/python3.10/site-packages/promoc_nodes/thorlabs
[0.598s] copying /home/pmlab_mover/Documents/ros2_ws/src/match-PM-match_pm_ProMOC_Assembly/build/promoc_nodes/build/lib/promoc_nodes/__init__.py -> /home/pmlab_mover/Documents/ros2_ws/src/match-PM-match_pm_ProMOC_Assembly/install/promoc_nodes/lib/python3.10/site-packages/promoc_nodes
[0.598s] creating /home/pmlab_mover/Documents/ros2_ws/src/match-PM-match_pm_ProMOC_Assembly/install/promoc_nodes/lib/python3.10/site-packages/promoc_nodes/planar_motor
[0.598s] copying /home/pmlab_mover/Documents/ros2_ws/src/match-PM-match_pm_ProMOC_Assembly/build/promoc_nodes/build/lib/promoc_nodes/planar_motor/mover_service_node.py -> /home/pmlab_mover/Documents/ros2_ws/src/match-PM-match_pm_ProMOC_Assembly/install/promoc_nodes/lib/python3.10/site-packages/promoc_nodes/planar_motor
[0.598s] copying /home/pmlab_mover/Documents/ros2_ws/src/match-PM-match_pm_ProMOC_Assembly/build/promoc_nodes/build/lib/promoc_nodes/planar_motor/mover_client_node.py -> /home/pmlab_mover/Documents/ros2_ws/src/match-PM-match_pm_ProMOC_Assembly/install/promoc_nodes/lib/python3.10/site-packages/promoc_nodes/planar_motor
[0.598s] copying /home/pmlab_mover/Documents/ros2_ws/src/match-PM-match_pm_ProMOC_Assembly/build/promoc_nodes/build/lib/promoc_nodes/planar_motor/__init__.py -> /home/pmlab_mover/Documents/ros2_ws/src/match-PM-match_pm_ProMOC_Assembly/install/promoc_nodes/lib/python3.10/site-packages/promoc_nodes/planar_motor
[0.599s] byte-compiling /home/pmlab_mover/Documents/ros2_ws/src/match-PM-match_pm_ProMOC_Assembly/install/promoc_nodes/lib/python3.10/site-packages/promoc_nodes/thorlabs/__init__.py to __init__.cpython-310.pyc
[0.599s] byte-compiling /home/pmlab_mover/Documents/ros2_ws/src/match-PM-match_pm_ProMOC_Assembly/install/promoc_nodes/lib/python3.10/site-packages/promoc_nodes/thorlabs/lts300_service_node.py to lts300_service_node.cpython-310.pyc
[0.599s] byte-compiling /home/pmlab_mover/Documents/ros2_ws/src/match-PM-match_pm_ProMOC_Assembly/install/promoc_nodes/lib/python3.10/site-packages/promoc_nodes/__init__.py to __init__.cpython-310.pyc
[0.599s] byte-compiling /home/pmlab_mover/Documents/ros2_ws/src/match-PM-match_pm_ProMOC_Assembly/install/promoc_nodes/lib/python3.10/site-packages/promoc_nodes/planar_motor/mover_service_node.py to mover_service_node.cpython-310.pyc
[0.600s] byte-compiling /home/pmlab_mover/Documents/ros2_ws/src/match-PM-match_pm_ProMOC_Assembly/install/promoc_nodes/lib/python3.10/site-packages/promoc_nodes/planar_motor/mover_client_node.py to mover_client_node.cpython-310.pyc
[0.601s] byte-compiling /home/pmlab_mover/Documents/ros2_ws/src/match-PM-match_pm_ProMOC_Assembly/install/promoc_nodes/lib/python3.10/site-packages/promoc_nodes/planar_motor/__init__.py to __init__.cpython-310.pyc
[0.601s] running install_data
[0.601s] creating /home/pmlab_mover/Documents/ros2_ws/src/match-PM-match_pm_ProMOC_Assembly/install/promoc_nodes/share/ament_index
[0.601s] creating /home/pmlab_mover/Documents/ros2_ws/src/match-PM-match_pm_ProMOC_Assembly/install/promoc_nodes/share/ament_index/resource_index
[0.601s] creating /home/pmlab_mover/Documents/ros2_ws/src/match-PM-match_pm_ProMOC_Assembly/install/promoc_nodes/share/ament_index/resource_index/packages
[0.601s] copying resource/promoc_nodes -> /home/pmlab_mover/Documents/ros2_ws/src/match-PM-match_pm_ProMOC_Assembly/install/promoc_nodes/share/ament_index/resource_index/packages
[0.601s] copying package.xml -> /home/pmlab_mover/Documents/ros2_ws/src/match-PM-match_pm_ProMOC_Assembly/install/promoc_nodes/share/promoc_nodes
[0.601s] running install_egg_info
[0.602s] Copying ../build/promoc_nodes/promoc_nodes.egg-info to /home/pmlab_mover/Documents/ros2_ws/src/match-PM-match_pm_ProMOC_Assembly/install/promoc_nodes/lib/python3.10/site-packages/promoc_nodes-0.0.0-py3.10.egg-info
[0.603s] running install_scripts
[0.615s] Installing mover_client_node script to /home/pmlab_mover/Documents/ros2_ws/src/match-PM-match_pm_ProMOC_Assembly/install/promoc_nodes/lib/promoc_nodes
[0.615s] Installing mover_service_node script to /home/pmlab_mover/Documents/ros2_ws/src/match-PM-match_pm_ProMOC_Assembly/install/promoc_nodes/lib/promoc_nodes
[0.615s] writing list of installed files to '/home/pmlab_mover/Documents/ros2_ws/src/match-PM-match_pm_ProMOC_Assembly/build/promoc_nodes/install.log'
[0.628s] Invoked command in '/home/pmlab_mover/Documents/ros2_ws/src/match-PM-match_pm_ProMOC_Assembly/promoc_nodes' returned '0': AMENT_PREFIX_PATH=/home/pmlab_mover/Documents/ros2_ws/src/match-PM-match_pm_ProMOC_Assembly/install/promoc_assembly_interfaces:${AMENT_PREFIX_PATH} CMAKE_PREFIX_PATH=/home/pmlab_mover/Documents/ros2_ws/src/match-PM-match_pm_ProMOC_Assembly/install/promoc_assembly_interfaces:${CMAKE_PREFIX_PATH} LD_LIBRARY_PATH=/home/pmlab_mover/Documents/ros2_ws/src/match-PM-match_pm_ProMOC_Assembly/install/promoc_assembly_interfaces/lib:${LD_LIBRARY_PATH} PYTHONPATH=/home/pmlab_mover/Documents/ros2_ws/src/match-PM-match_pm_ProMOC_Assembly/build/promoc_nodes/prefix_override:/usr/lib/python3/dist-packages/colcon_core/task/python/colcon_distutils_commands:/home/pmlab_mover/Documents/ros2_ws/src/match-PM-match_pm_ProMOC_Assembly/install/promoc_nodes/lib/python3.10/site-packages:/home/pmlab_mover/Documents/ros2_ws/src/match-PM-match_pm_ProMOC_Assembly/install/promoc_assembly_interfaces/local/lib/python3.10/dist-packages:${PYTHONPATH} /usr/bin/python3 -W ignore:setup.py install is deprecated -W ignore:easy_install command is deprecated setup.py egg_info --egg-base ../build/promoc_nodes build --build-base /home/pmlab_mover/Documents/ros2_ws/src/match-PM-match_pm_ProMOC_Assembly/build/promoc_nodes/build install --record /home/pmlab_mover/Documents/ros2_ws/src/match-PM-match_pm_ProMOC_Assembly/build/promoc_nodes/install.log --single-version-externally-managed install_data
