/home/pmlab_mover/Documents/ros2_ws/src/match-PM-match_pm_ProMOC_Assembly/install/promoc_nodes/lib/python3.10/site-packages/promoc_nodes/__init__.py
/home/pmlab_mover/Documents/ros2_ws/src/match-PM-match_pm_ProMOC_Assembly/install/promoc_nodes/lib/python3.10/site-packages/promoc_nodes/thorlabs/__init__.py
/home/pmlab_mover/Documents/ros2_ws/src/match-PM-match_pm_ProMOC_Assembly/install/promoc_nodes/lib/python3.10/site-packages/promoc_nodes/thorlabs/lts300_service_node.py
/home/pmlab_mover/Documents/ros2_ws/src/match-PM-match_pm_ProMOC_Assembly/install/promoc_nodes/lib/python3.10/site-packages/promoc_nodes/planar_motor/mover_service_node.py
/home/pmlab_mover/Documents/ros2_ws/src/match-PM-match_pm_ProMOC_Assembly/install/promoc_nodes/lib/python3.10/site-packages/promoc_nodes/planar_motor/mover_client_node.py
/home/pmlab_mover/Documents/ros2_ws/src/match-PM-match_pm_ProMOC_Assembly/install/promoc_nodes/lib/python3.10/site-packages/promoc_nodes/planar_motor/__init__.py
/home/pmlab_mover/Documents/ros2_ws/src/match-PM-match_pm_ProMOC_Assembly/install/promoc_nodes/lib/python3.10/site-packages/promoc_nodes/__pycache__/__init__.cpython-310.pyc
/home/pmlab_mover/Documents/ros2_ws/src/match-PM-match_pm_ProMOC_Assembly/install/promoc_nodes/lib/python3.10/site-packages/promoc_nodes/thorlabs/__pycache__/__init__.cpython-310.pyc
/home/pmlab_mover/Documents/ros2_ws/src/match-PM-match_pm_ProMOC_Assembly/install/promoc_nodes/lib/python3.10/site-packages/promoc_nodes/thorlabs/__pycache__/lts300_service_node.cpython-310.pyc
/home/pmlab_mover/Documents/ros2_ws/src/match-PM-match_pm_ProMOC_Assembly/install/promoc_nodes/lib/python3.10/site-packages/promoc_nodes/planar_motor/__pycache__/mover_service_node.cpython-310.pyc
/home/pmlab_mover/Documents/ros2_ws/src/match-PM-match_pm_ProMOC_Assembly/install/promoc_nodes/lib/python3.10/site-packages/promoc_nodes/planar_motor/__pycache__/mover_client_node.cpython-310.pyc
/home/pmlab_mover/Documents/ros2_ws/src/match-PM-match_pm_ProMOC_Assembly/install/promoc_nodes/lib/python3.10/site-packages/promoc_nodes/planar_motor/__pycache__/__init__.cpython-310.pyc
/home/pmlab_mover/Documents/ros2_ws/src/match-PM-match_pm_ProMOC_Assembly/install/promoc_nodes/share/ament_index/resource_index/packages/promoc_nodes
/home/pmlab_mover/Documents/ros2_ws/src/match-PM-match_pm_ProMOC_Assembly/install/promoc_nodes/share/promoc_nodes/package.xml
/home/pmlab_mover/Documents/ros2_ws/src/match-PM-match_pm_ProMOC_Assembly/install/promoc_nodes/lib/python3.10/site-packages/promoc_nodes-0.0.0-py3.10.egg-info/top_level.txt
/home/pmlab_mover/Documents/ros2_ws/src/match-PM-match_pm_ProMOC_Assembly/install/promoc_nodes/lib/python3.10/site-packages/promoc_nodes-0.0.0-py3.10.egg-info/entry_points.txt
/home/pmlab_mover/Documents/ros2_ws/src/match-PM-match_pm_ProMOC_Assembly/install/promoc_nodes/lib/python3.10/site-packages/promoc_nodes-0.0.0-py3.10.egg-info/dependency_links.txt
/home/pmlab_mover/Documents/ros2_ws/src/match-PM-match_pm_ProMOC_Assembly/install/promoc_nodes/lib/python3.10/site-packages/promoc_nodes-0.0.0-py3.10.egg-info/SOURCES.txt
/home/pmlab_mover/Documents/ros2_ws/src/match-PM-match_pm_ProMOC_Assembly/install/promoc_nodes/lib/python3.10/site-packages/promoc_nodes-0.0.0-py3.10.egg-info/zip-safe
/home/pmlab_mover/Documents/ros2_ws/src/match-PM-match_pm_ProMOC_Assembly/install/promoc_nodes/lib/python3.10/site-packages/promoc_nodes-0.0.0-py3.10.egg-info/requires.txt
/home/pmlab_mover/Documents/ros2_ws/src/match-PM-match_pm_ProMOC_Assembly/install/promoc_nodes/lib/python3.10/site-packages/promoc_nodes-0.0.0-py3.10.egg-info/PKG-INFO
/home/pmlab_mover/Documents/ros2_ws/src/match-PM-match_pm_ProMOC_Assembly/install/promoc_nodes/lib/promoc_nodes/mover_client_node
/home/pmlab_mover/Documents/ros2_ws/src/match-PM-match_pm_ProMOC_Assembly/install/promoc_nodes/lib/promoc_nodes/mover_service_node
