-- The C compiler identification is GNU 11.4.0
-- The CXX compiler identification is GNU 11.4.0
-- Detecting C compiler ABI info
-- Detecting C compiler ABI info - done
-- Check for working C compiler: /usr/bin/cc - skipped
-- Detecting C compile features
-- Detecting C compile features - done
-- Detecting CXX compiler ABI info
-- Detecting CXX compiler ABI info - done
-- Check for working CXX compiler: /usr/bin/c++ - skipped
-- Detecting CXX compile features
-- Detecting CXX compile features - done
-- Found ament_cmake: 1.3.11 (/opt/ros/humble/share/ament_cmake/cmake)
-- Found Python3: /usr/bin/python3 (found version "3.10.12") found components: Interpreter 
-- Found rosidl_default_generators: 1.2.0 (/opt/ros/humble/share/rosidl_default_generators/cmake)
-- Using all available rosidl_typesupport_c: rosidl_typesupport_fastrtps_c;rosidl_typesupport_introspection_c
-- Found rosidl_adapter: 3.1.6 (/opt/ros/humble/share/rosidl_adapter/cmake)
-- Using all available rosidl_typesupport_cpp: rosidl_typesupport_fastrtps_cpp;rosidl_typesupport_introspection_cpp
-- Found ament_cmake_ros: 0.10.0 (/opt/ros/humble/share/ament_cmake_ros/cmake)
-- Using all available rosidl_typesupport_c: rosidl_typesupport_fastrtps_c;rosidl_typesupport_introspection_c
-- Using all available rosidl_typesupport_cpp: rosidl_typesupport_fastrtps_cpp;rosidl_typesupport_introspection_cpp
-- Found PythonInterp: /usr/bin/python3 (found suitable version "3.10.12", minimum required is "3.6") 
-- Found python_cmake_module: 0.10.0 (/opt/ros/humble/share/python_cmake_module/cmake)
-- Found PythonLibs: /usr/lib/x86_64-linux-gnu/libpython3.10.so (found suitable version "3.10.12", minimum required is "3.5") 
-- Using PYTHON_EXECUTABLE: /usr/bin/python3
-- Using PYTHON_INCLUDE_DIRS: /usr/include/python3.10
-- Using PYTHON_LIBRARIES: /usr/lib/x86_64-linux-gnu/libpython3.10.so
-- Found PythonExtra: .so  
-- Configuring done
-- Generating done
-- Build files have been written to: /home/pmlab_mover/Documents/ros2_ws/src/match-PM-match_pm_ProMOC_Assembly/build/promoc_assembly_interfaces
[  1%] [34m[1mGenerating C code for ROS interfaces[0m
[  2%] [34m[1mGenerating C++ code for ROS interfaces[0m
[  2%] Built target ament_cmake_python_copy_promoc_assembly_interfaces
running egg_info
creating promoc_assembly_interfaces.egg-info
writing promoc_assembly_interfaces.egg-info/PKG-INFO
writing dependency_links to promoc_assembly_interfaces.egg-info/dependency_links.txt
writing top-level names to promoc_assembly_interfaces.egg-info/top_level.txt
writing manifest file 'promoc_assembly_interfaces.egg-info/SOURCES.txt'
reading manifest file 'promoc_assembly_interfaces.egg-info/SOURCES.txt'
writing manifest file 'promoc_assembly_interfaces.egg-info/SOURCES.txt'
[  2%] Built target ament_cmake_python_build_promoc_assembly_interfaces_egg
[  2%] Built target promoc_assembly_interfaces__cpp
[  5%] [32mBuilding C object CMakeFiles/promoc_assembly_interfaces__rosidl_generator_c.dir/rosidl_generator_c/promoc_assembly_interfaces/msg/detail/x_bot_info__functions.c.o[0m
[  5%] [32mBuilding C object CMakeFiles/promoc_assembly_interfaces__rosidl_generator_c.dir/rosidl_generator_c/promoc_assembly_interfaces/msg/detail/test__functions.c.o[0m
[  6%] [32mBuilding C object CMakeFiles/promoc_assembly_interfaces__rosidl_generator_c.dir/rosidl_generator_c/promoc_assembly_interfaces/srv/detail/six_dof_motion__functions.c.o[0m
[ 11%] [32mBuilding C object CMakeFiles/promoc_assembly_interfaces__rosidl_generator_c.dir/rosidl_generator_c/promoc_assembly_interfaces/srv/detail/linear_motion_si__functions.c.o[0m
[ 11%] [32mBuilding C object CMakeFiles/promoc_assembly_interfaces__rosidl_generator_c.dir/rosidl_generator_c/promoc_assembly_interfaces/srv/detail/activate_xbots__functions.c.o[0m
[ 11%] [32mBuilding C object CMakeFiles/promoc_assembly_interfaces__rosidl_generator_c.dir/rosidl_generator_c/promoc_assembly_interfaces/srv/detail/levitation_xbots__functions.c.o[0m
[ 11%] [32mBuilding C object CMakeFiles/promoc_assembly_interfaces__rosidl_generator_c.dir/rosidl_generator_c/promoc_assembly_interfaces/srv/detail/arc_motion__functions.c.o[0m
[ 13%] [34m[1mGenerating C++ type support for eProsima Fast-RTPS[0m
[ 13%] [34m[1mGenerating C++ introspection for ROS interfaces[0m
[ 15%] [34m[1mGenerating C++ type support dispatch for ROS interfaces[0m
[ 16%] [32m[1mLinking C shared library libpromoc_assembly_interfaces__rosidl_generator_c.so[0m
[ 16%] Built target promoc_assembly_interfaces__rosidl_generator_c
[ 20%] [34m[1mGenerating C type support for eProsima Fast-RTPS[0m
[ 20%] [34m[1mGenerating C type support dispatch for ROS interfaces[0m
[ 20%] [34m[1mGenerating C introspection for ROS interfaces[0m
[ 21%] [32mBuilding CXX object CMakeFiles/promoc_assembly_interfaces__rosidl_typesupport_cpp.dir/rosidl_typesupport_cpp/promoc_assembly_interfaces/srv/levitation_xbots__type_support.cpp.o[0m
[ 22%] [32mBuilding CXX object CMakeFiles/promoc_assembly_interfaces__rosidl_typesupport_cpp.dir/rosidl_typesupport_cpp/promoc_assembly_interfaces/srv/six_dof_motion__type_support.cpp.o[0m
[ 24%] [32mBuilding CXX object CMakeFiles/promoc_assembly_interfaces__rosidl_typesupport_cpp.dir/rosidl_typesupport_cpp/promoc_assembly_interfaces/msg/test__type_support.cpp.o[0m
[ 25%] [32mBuilding CXX object CMakeFiles/promoc_assembly_interfaces__rosidl_typesupport_cpp.dir/rosidl_typesupport_cpp/promoc_assembly_interfaces/srv/activate_xbots__type_support.cpp.o[0m
[ 27%] [32mBuilding CXX object CMakeFiles/promoc_assembly_interfaces__rosidl_typesupport_cpp.dir/rosidl_typesupport_cpp/promoc_assembly_interfaces/srv/arc_motion__type_support.cpp.o[0m
[ 27%] [32mBuilding CXX object CMakeFiles/promoc_assembly_interfaces__rosidl_typesupport_cpp.dir/rosidl_typesupport_cpp/promoc_assembly_interfaces/msg/x_bot_info__type_support.cpp.o[0m
[ 29%] [32mBuilding CXX object CMakeFiles/promoc_assembly_interfaces__rosidl_typesupport_cpp.dir/rosidl_typesupport_cpp/promoc_assembly_interfaces/srv/linear_motion_si__type_support.cpp.o[0m
[ 35%] [32mBuilding CXX object CMakeFiles/promoc_assembly_interfaces__rosidl_typesupport_introspection_cpp.dir/rosidl_typesupport_introspection_cpp/promoc_assembly_interfaces/msg/detail/x_bot_info__type_support.cpp.o[0m
[ 35%] [32mBuilding CXX object CMakeFiles/promoc_assembly_interfaces__rosidl_typesupport_c.dir/rosidl_typesupport_c/promoc_assembly_interfaces/msg/test__type_support.cpp.o[0m
[ 35%] [32mBuilding CXX object CMakeFiles/promoc_assembly_interfaces__rosidl_typesupport_c.dir/rosidl_typesupport_c/promoc_assembly_interfaces/msg/x_bot_info__type_support.cpp.o[0m
[ 35%] [32mBuilding CXX object CMakeFiles/promoc_assembly_interfaces__rosidl_typesupport_c.dir/rosidl_typesupport_c/promoc_assembly_interfaces/srv/levitation_xbots__type_support.cpp.o[0m
[ 36%] [32mBuilding CXX object CMakeFiles/promoc_assembly_interfaces__rosidl_typesupport_c.dir/rosidl_typesupport_c/promoc_assembly_interfaces/srv/activate_xbots__type_support.cpp.o[0m
[ 35%] [32mBuilding CXX object CMakeFiles/promoc_assembly_interfaces__rosidl_typesupport_introspection_cpp.dir/rosidl_typesupport_introspection_cpp/promoc_assembly_interfaces/msg/detail/test__type_support.cpp.o[0m
[ 39%] [32mBuilding CXX object CMakeFiles/promoc_assembly_interfaces__rosidl_typesupport_introspection_cpp.dir/rosidl_typesupport_introspection_cpp/promoc_assembly_interfaces/srv/detail/levitation_xbots__type_support.cpp.o[0m
[ 39%] [32mBuilding CXX object CMakeFiles/promoc_assembly_interfaces__rosidl_typesupport_introspection_cpp.dir/rosidl_typesupport_introspection_cpp/promoc_assembly_interfaces/srv/detail/activate_xbots__type_support.cpp.o[0m
[ 40%] [32mBuilding CXX object CMakeFiles/promoc_assembly_interfaces__rosidl_typesupport_c.dir/rosidl_typesupport_c/promoc_assembly_interfaces/srv/linear_motion_si__type_support.cpp.o[0m
[ 41%] [32mBuilding CXX object CMakeFiles/promoc_assembly_interfaces__rosidl_typesupport_c.dir/rosidl_typesupport_c/promoc_assembly_interfaces/srv/six_dof_motion__type_support.cpp.o[0m
[ 43%] [32mBuilding CXX object CMakeFiles/promoc_assembly_interfaces__rosidl_typesupport_c.dir/rosidl_typesupport_c/promoc_assembly_interfaces/srv/arc_motion__type_support.cpp.o[0m
[ 44%] [32mBuilding CXX object CMakeFiles/promoc_assembly_interfaces__rosidl_typesupport_fastrtps_cpp.dir/rosidl_typesupport_fastrtps_cpp/promoc_assembly_interfaces/msg/detail/dds_fastrtps/test__type_support.cpp.o[0m
[ 45%] [32m[1mLinking CXX shared library libpromoc_assembly_interfaces__rosidl_typesupport_c.so[0m
[ 46%] [32mBuilding CXX object CMakeFiles/promoc_assembly_interfaces__rosidl_typesupport_introspection_cpp.dir/rosidl_typesupport_introspection_cpp/promoc_assembly_interfaces/srv/detail/linear_motion_si__type_support.cpp.o[0m
[ 48%] [32mBuilding CXX object CMakeFiles/promoc_assembly_interfaces__rosidl_typesupport_introspection_cpp.dir/rosidl_typesupport_introspection_cpp/promoc_assembly_interfaces/srv/detail/six_dof_motion__type_support.cpp.o[0m
[ 49%] [32mBuilding CXX object CMakeFiles/promoc_assembly_interfaces__rosidl_typesupport_introspection_cpp.dir/rosidl_typesupport_introspection_cpp/promoc_assembly_interfaces/srv/detail/arc_motion__type_support.cpp.o[0m
[ 50%] [32mBuilding CXX object CMakeFiles/promoc_assembly_interfaces__rosidl_typesupport_fastrtps_cpp.dir/rosidl_typesupport_fastrtps_cpp/promoc_assembly_interfaces/msg/detail/dds_fastrtps/x_bot_info__type_support.cpp.o[0m
[ 50%] Built target promoc_assembly_interfaces__rosidl_typesupport_c
[ 51%] [32mBuilding CXX object CMakeFiles/promoc_assembly_interfaces__rosidl_typesupport_fastrtps_cpp.dir/rosidl_typesupport_fastrtps_cpp/promoc_assembly_interfaces/srv/detail/dds_fastrtps/activate_xbots__type_support.cpp.o[0m
[ 53%] [32mBuilding CXX object CMakeFiles/promoc_assembly_interfaces__rosidl_typesupport_fastrtps_cpp.dir/rosidl_typesupport_fastrtps_cpp/promoc_assembly_interfaces/srv/detail/dds_fastrtps/levitation_xbots__type_support.cpp.o[0m
[ 54%] [32mBuilding CXX object CMakeFiles/promoc_assembly_interfaces__rosidl_typesupport_fastrtps_cpp.dir/rosidl_typesupport_fastrtps_cpp/promoc_assembly_interfaces/srv/detail/dds_fastrtps/six_dof_motion__type_support.cpp.o[0m
[ 55%] [32mBuilding CXX object CMakeFiles/promoc_assembly_interfaces__rosidl_typesupport_fastrtps_cpp.dir/rosidl_typesupport_fastrtps_cpp/promoc_assembly_interfaces/srv/detail/dds_fastrtps/linear_motion_si__type_support.cpp.o[0m
[ 56%] [32mBuilding C object CMakeFiles/promoc_assembly_interfaces__rosidl_typesupport_introspection_c.dir/rosidl_typesupport_introspection_c/promoc_assembly_interfaces/msg/detail/test__type_support.c.o[0m
[ 58%] [32m[1mLinking CXX shared library libpromoc_assembly_interfaces__rosidl_typesupport_cpp.so[0m
[ 59%] [32mBuilding CXX object CMakeFiles/promoc_assembly_interfaces__rosidl_typesupport_fastrtps_c.dir/rosidl_typesupport_fastrtps_c/promoc_assembly_interfaces/msg/detail/test__type_support_c.cpp.o[0m
[ 60%] [32mBuilding C object CMakeFiles/promoc_assembly_interfaces__rosidl_typesupport_introspection_c.dir/rosidl_typesupport_introspection_c/promoc_assembly_interfaces/msg/detail/x_bot_info__type_support.c.o[0m
[ 60%] Built target promoc_assembly_interfaces__rosidl_typesupport_cpp
[ 62%] [32mBuilding C object CMakeFiles/promoc_assembly_interfaces__rosidl_typesupport_introspection_c.dir/rosidl_typesupport_introspection_c/promoc_assembly_interfaces/srv/detail/activate_xbots__type_support.c.o[0m
[ 63%] [32mBuilding CXX object CMakeFiles/promoc_assembly_interfaces__rosidl_typesupport_fastrtps_cpp.dir/rosidl_typesupport_fastrtps_cpp/promoc_assembly_interfaces/srv/detail/dds_fastrtps/arc_motion__type_support.cpp.o[0m
[ 64%] [32mBuilding C object CMakeFiles/promoc_assembly_interfaces__rosidl_typesupport_introspection_c.dir/rosidl_typesupport_introspection_c/promoc_assembly_interfaces/srv/detail/levitation_xbots__type_support.c.o[0m
[ 65%] [32mBuilding C object CMakeFiles/promoc_assembly_interfaces__rosidl_typesupport_introspection_c.dir/rosidl_typesupport_introspection_c/promoc_assembly_interfaces/srv/detail/linear_motion_si__type_support.c.o[0m
[ 67%] [32mBuilding C object CMakeFiles/promoc_assembly_interfaces__rosidl_typesupport_introspection_c.dir/rosidl_typesupport_introspection_c/promoc_assembly_interfaces/srv/detail/six_dof_motion__type_support.c.o[0m
[ 68%] [32mBuilding C object CMakeFiles/promoc_assembly_interfaces__rosidl_typesupport_introspection_c.dir/rosidl_typesupport_introspection_c/promoc_assembly_interfaces/srv/detail/arc_motion__type_support.c.o[0m
[ 69%] [32mBuilding CXX object CMakeFiles/promoc_assembly_interfaces__rosidl_typesupport_fastrtps_c.dir/rosidl_typesupport_fastrtps_c/promoc_assembly_interfaces/msg/detail/x_bot_info__type_support_c.cpp.o[0m
[ 70%] [32mBuilding CXX object CMakeFiles/promoc_assembly_interfaces__rosidl_typesupport_fastrtps_c.dir/rosidl_typesupport_fastrtps_c/promoc_assembly_interfaces/srv/detail/activate_xbots__type_support_c.cpp.o[0m
[ 72%] [32mBuilding CXX object CMakeFiles/promoc_assembly_interfaces__rosidl_typesupport_fastrtps_c.dir/rosidl_typesupport_fastrtps_c/promoc_assembly_interfaces/srv/detail/levitation_xbots__type_support_c.cpp.o[0m
[ 73%] [32mBuilding CXX object CMakeFiles/promoc_assembly_interfaces__rosidl_typesupport_fastrtps_c.dir/rosidl_typesupport_fastrtps_c/promoc_assembly_interfaces/srv/detail/linear_motion_si__type_support_c.cpp.o[0m
[ 74%] [32m[1mLinking C shared library libpromoc_assembly_interfaces__rosidl_typesupport_introspection_c.so[0m
[ 74%] Built target promoc_assembly_interfaces__rosidl_typesupport_introspection_c
[ 75%] [32mBuilding CXX object CMakeFiles/promoc_assembly_interfaces__rosidl_typesupport_fastrtps_c.dir/rosidl_typesupport_fastrtps_c/promoc_assembly_interfaces/srv/detail/six_dof_motion__type_support_c.cpp.o[0m
[ 77%] [32mBuilding CXX object CMakeFiles/promoc_assembly_interfaces__rosidl_typesupport_fastrtps_c.dir/rosidl_typesupport_fastrtps_c/promoc_assembly_interfaces/srv/detail/arc_motion__type_support_c.cpp.o[0m
[ 78%] [32m[1mLinking CXX shared library libpromoc_assembly_interfaces__rosidl_typesupport_introspection_cpp.so[0m
[ 78%] Built target promoc_assembly_interfaces__rosidl_typesupport_introspection_cpp
[ 79%] [32m[1mLinking CXX shared library libpromoc_assembly_interfaces__rosidl_typesupport_fastrtps_cpp.so[0m
[ 79%] Built target promoc_assembly_interfaces__rosidl_typesupport_fastrtps_cpp
[ 81%] [32m[1mLinking CXX shared library libpromoc_assembly_interfaces__rosidl_typesupport_fastrtps_c.so[0m
[ 81%] Built target promoc_assembly_interfaces__rosidl_typesupport_fastrtps_c
[ 81%] Built target promoc_assembly_interfaces
[ 82%] [34m[1mGenerating Python code for ROS interfaces[0m
[ 82%] Built target promoc_assembly_interfaces__py
[ 86%] [32mBuilding C object CMakeFiles/promoc_assembly_interfaces__rosidl_generator_py.dir/rosidl_generator_py/promoc_assembly_interfaces/msg/_test_s.c.o[0m
[ 86%] [32mBuilding C object CMakeFiles/promoc_assembly_interfaces__rosidl_generator_py.dir/rosidl_generator_py/promoc_assembly_interfaces/msg/_x_bot_info_s.c.o[0m
[ 86%] [32mBuilding C object CMakeFiles/promoc_assembly_interfaces__rosidl_generator_py.dir/rosidl_generator_py/promoc_assembly_interfaces/srv/_activate_xbots_s.c.o[0m
[ 87%] [32mBuilding C object CMakeFiles/promoc_assembly_interfaces__rosidl_generator_py.dir/rosidl_generator_py/promoc_assembly_interfaces/srv/_levitation_xbots_s.c.o[0m
[ 88%] [32mBuilding C object CMakeFiles/promoc_assembly_interfaces__rosidl_generator_py.dir/rosidl_generator_py/promoc_assembly_interfaces/srv/_linear_motion_si_s.c.o[0m
[ 89%] [32mBuilding C object CMakeFiles/promoc_assembly_interfaces__rosidl_generator_py.dir/rosidl_generator_py/promoc_assembly_interfaces/srv/_six_dof_motion_s.c.o[0m
[ 91%] [32mBuilding C object CMakeFiles/promoc_assembly_interfaces__rosidl_generator_py.dir/rosidl_generator_py/promoc_assembly_interfaces/srv/_arc_motion_s.c.o[0m
[ 92%] [32m[1mLinking C shared library rosidl_generator_py/promoc_assembly_interfaces/libpromoc_assembly_interfaces__rosidl_generator_py.so[0m
[ 92%] Built target promoc_assembly_interfaces__rosidl_generator_py
[ 96%] [32mBuilding C object CMakeFiles/promoc_assembly_interfaces__rosidl_typesupport_fastrtps_c__pyext.dir/rosidl_generator_py/promoc_assembly_interfaces/_promoc_assembly_interfaces_s.ep.rosidl_typesupport_fastrtps_c.c.o[0m
[ 96%] [32mBuilding C object CMakeFiles/promoc_assembly_interfaces__rosidl_typesupport_introspection_c__pyext.dir/rosidl_generator_py/promoc_assembly_interfaces/_promoc_assembly_interfaces_s.ep.rosidl_typesupport_introspection_c.c.o[0m
[ 96%] [32mBuilding C object CMakeFiles/promoc_assembly_interfaces__rosidl_typesupport_c__pyext.dir/rosidl_generator_py/promoc_assembly_interfaces/_promoc_assembly_interfaces_s.ep.rosidl_typesupport_c.c.o[0m
[ 98%] [32m[1mLinking C shared library rosidl_generator_py/promoc_assembly_interfaces/promoc_assembly_interfaces_s__rosidl_typesupport_c.cpython-310-x86_64-linux-gnu.so[0m
[ 98%] [32m[1mLinking C shared library rosidl_generator_py/promoc_assembly_interfaces/promoc_assembly_interfaces_s__rosidl_typesupport_introspection_c.cpython-310-x86_64-linux-gnu.so[0m
[100%] [32m[1mLinking C shared library rosidl_generator_py/promoc_assembly_interfaces/promoc_assembly_interfaces_s__rosidl_typesupport_fastrtps_c.cpython-310-x86_64-linux-gnu.so[0m
[100%] Built target promoc_assembly_interfaces__rosidl_typesupport_c__pyext
[100%] Built target promoc_assembly_interfaces__rosidl_typesupport_introspection_c__pyext
[100%] Built target promoc_assembly_interfaces__rosidl_typesupport_fastrtps_c__pyext
-- Install configuration: ""
-- Installing: /home/pmlab_mover/Documents/ros2_ws/src/match-PM-match_pm_ProMOC_Assembly/install/promoc_assembly_interfaces/share/ament_index/resource_index/rosidl_interfaces/promoc_assembly_interfaces
-- Installing: /home/pmlab_mover/Documents/ros2_ws/src/match-PM-match_pm_ProMOC_Assembly/install/promoc_assembly_interfaces/include/promoc_assembly_interfaces/promoc_assembly_interfaces
-- Installing: /home/pmlab_mover/Documents/ros2_ws/src/match-PM-match_pm_ProMOC_Assembly/install/promoc_assembly_interfaces/include/promoc_assembly_interfaces/promoc_assembly_interfaces/srv
-- Installing: /home/pmlab_mover/Documents/ros2_ws/src/match-PM-match_pm_ProMOC_Assembly/install/promoc_assembly_interfaces/include/promoc_assembly_interfaces/promoc_assembly_interfaces/srv/arc_motion.h
-- Installing: /home/pmlab_mover/Documents/ros2_ws/src/match-PM-match_pm_ProMOC_Assembly/install/promoc_assembly_interfaces/include/promoc_assembly_interfaces/promoc_assembly_interfaces/srv/activate_xbots.h
-- Installing: /home/pmlab_mover/Documents/ros2_ws/src/match-PM-match_pm_ProMOC_Assembly/install/promoc_assembly_interfaces/include/promoc_assembly_interfaces/promoc_assembly_interfaces/srv/six_dof_motion.h
-- Installing: /home/pmlab_mover/Documents/ros2_ws/src/match-PM-match_pm_ProMOC_Assembly/install/promoc_assembly_interfaces/include/promoc_assembly_interfaces/promoc_assembly_interfaces/srv/detail
-- Installing: /home/pmlab_mover/Documents/ros2_ws/src/match-PM-match_pm_ProMOC_Assembly/install/promoc_assembly_interfaces/include/promoc_assembly_interfaces/promoc_assembly_interfaces/srv/detail/arc_motion__type_support.h
-- Installing: /home/pmlab_mover/Documents/ros2_ws/src/match-PM-match_pm_ProMOC_Assembly/install/promoc_assembly_interfaces/include/promoc_assembly_interfaces/promoc_assembly_interfaces/srv/detail/six_dof_motion__functions.c
-- Installing: /home/pmlab_mover/Documents/ros2_ws/src/match-PM-match_pm_ProMOC_Assembly/install/promoc_assembly_interfaces/include/promoc_assembly_interfaces/promoc_assembly_interfaces/srv/detail/linear_motion_si__type_support.h
-- Installing: /home/pmlab_mover/Documents/ros2_ws/src/match-PM-match_pm_ProMOC_Assembly/install/promoc_assembly_interfaces/include/promoc_assembly_interfaces/promoc_assembly_interfaces/srv/detail/activate_xbots__struct.h
-- Installing: /home/pmlab_mover/Documents/ros2_ws/src/match-PM-match_pm_ProMOC_Assembly/install/promoc_assembly_interfaces/include/promoc_assembly_interfaces/promoc_assembly_interfaces/srv/detail/levitation_xbots__struct.h
-- Installing: /home/pmlab_mover/Documents/ros2_ws/src/match-PM-match_pm_ProMOC_Assembly/install/promoc_assembly_interfaces/include/promoc_assembly_interfaces/promoc_assembly_interfaces/srv/detail/levitation_xbots__functions.c
-- Installing: /home/pmlab_mover/Documents/ros2_ws/src/match-PM-match_pm_ProMOC_Assembly/install/promoc_assembly_interfaces/include/promoc_assembly_interfaces/promoc_assembly_interfaces/srv/detail/levitation_xbots__type_support.h
-- Installing: /home/pmlab_mover/Documents/ros2_ws/src/match-PM-match_pm_ProMOC_Assembly/install/promoc_assembly_interfaces/include/promoc_assembly_interfaces/promoc_assembly_interfaces/srv/detail/six_dof_motion__type_support.h
-- Installing: /home/pmlab_mover/Documents/ros2_ws/src/match-PM-match_pm_ProMOC_Assembly/install/promoc_assembly_interfaces/include/promoc_assembly_interfaces/promoc_assembly_interfaces/srv/detail/arc_motion__functions.h
-- Installing: /home/pmlab_mover/Documents/ros2_ws/src/match-PM-match_pm_ProMOC_Assembly/install/promoc_assembly_interfaces/include/promoc_assembly_interfaces/promoc_assembly_interfaces/srv/detail/six_dof_motion__struct.h
-- Installing: /home/pmlab_mover/Documents/ros2_ws/src/match-PM-match_pm_ProMOC_Assembly/install/promoc_assembly_interfaces/include/promoc_assembly_interfaces/promoc_assembly_interfaces/srv/detail/arc_motion__functions.c
-- Installing: /home/pmlab_mover/Documents/ros2_ws/src/match-PM-match_pm_ProMOC_Assembly/install/promoc_assembly_interfaces/include/promoc_assembly_interfaces/promoc_assembly_interfaces/srv/detail/arc_motion__struct.h
-- Installing: /home/pmlab_mover/Documents/ros2_ws/src/match-PM-match_pm_ProMOC_Assembly/install/promoc_assembly_interfaces/include/promoc_assembly_interfaces/promoc_assembly_interfaces/srv/detail/levitation_xbots__functions.h
-- Installing: /home/pmlab_mover/Documents/ros2_ws/src/match-PM-match_pm_ProMOC_Assembly/install/promoc_assembly_interfaces/include/promoc_assembly_interfaces/promoc_assembly_interfaces/srv/detail/linear_motion_si__struct.h
-- Installing: /home/pmlab_mover/Documents/ros2_ws/src/match-PM-match_pm_ProMOC_Assembly/install/promoc_assembly_interfaces/include/promoc_assembly_interfaces/promoc_assembly_interfaces/srv/detail/activate_xbots__functions.c
-- Installing: /home/pmlab_mover/Documents/ros2_ws/src/match-PM-match_pm_ProMOC_Assembly/install/promoc_assembly_interfaces/include/promoc_assembly_interfaces/promoc_assembly_interfaces/srv/detail/six_dof_motion__functions.h
-- Installing: /home/pmlab_mover/Documents/ros2_ws/src/match-PM-match_pm_ProMOC_Assembly/install/promoc_assembly_interfaces/include/promoc_assembly_interfaces/promoc_assembly_interfaces/srv/detail/linear_motion_si__functions.c
-- Installing: /home/pmlab_mover/Documents/ros2_ws/src/match-PM-match_pm_ProMOC_Assembly/install/promoc_assembly_interfaces/include/promoc_assembly_interfaces/promoc_assembly_interfaces/srv/detail/activate_xbots__type_support.h
-- Installing: /home/pmlab_mover/Documents/ros2_ws/src/match-PM-match_pm_ProMOC_Assembly/install/promoc_assembly_interfaces/include/promoc_assembly_interfaces/promoc_assembly_interfaces/srv/detail/activate_xbots__functions.h
-- Installing: /home/pmlab_mover/Documents/ros2_ws/src/match-PM-match_pm_ProMOC_Assembly/install/promoc_assembly_interfaces/include/promoc_assembly_interfaces/promoc_assembly_interfaces/srv/detail/linear_motion_si__functions.h
-- Installing: /home/pmlab_mover/Documents/ros2_ws/src/match-PM-match_pm_ProMOC_Assembly/install/promoc_assembly_interfaces/include/promoc_assembly_interfaces/promoc_assembly_interfaces/srv/linear_motion_si.h
-- Installing: /home/pmlab_mover/Documents/ros2_ws/src/match-PM-match_pm_ProMOC_Assembly/install/promoc_assembly_interfaces/include/promoc_assembly_interfaces/promoc_assembly_interfaces/srv/levitation_xbots.h
-- Installing: /home/pmlab_mover/Documents/ros2_ws/src/match-PM-match_pm_ProMOC_Assembly/install/promoc_assembly_interfaces/include/promoc_assembly_interfaces/promoc_assembly_interfaces/msg
-- Installing: /home/pmlab_mover/Documents/ros2_ws/src/match-PM-match_pm_ProMOC_Assembly/install/promoc_assembly_interfaces/include/promoc_assembly_interfaces/promoc_assembly_interfaces/msg/x_bot_info.h
-- Installing: /home/pmlab_mover/Documents/ros2_ws/src/match-PM-match_pm_ProMOC_Assembly/install/promoc_assembly_interfaces/include/promoc_assembly_interfaces/promoc_assembly_interfaces/msg/rosidl_generator_c__visibility_control.h
-- Installing: /home/pmlab_mover/Documents/ros2_ws/src/match-PM-match_pm_ProMOC_Assembly/install/promoc_assembly_interfaces/include/promoc_assembly_interfaces/promoc_assembly_interfaces/msg/detail
-- Installing: /home/pmlab_mover/Documents/ros2_ws/src/match-PM-match_pm_ProMOC_Assembly/install/promoc_assembly_interfaces/include/promoc_assembly_interfaces/promoc_assembly_interfaces/msg/detail/x_bot_info__struct.h
-- Installing: /home/pmlab_mover/Documents/ros2_ws/src/match-PM-match_pm_ProMOC_Assembly/install/promoc_assembly_interfaces/include/promoc_assembly_interfaces/promoc_assembly_interfaces/msg/detail/x_bot_info__functions.c
-- Installing: /home/pmlab_mover/Documents/ros2_ws/src/match-PM-match_pm_ProMOC_Assembly/install/promoc_assembly_interfaces/include/promoc_assembly_interfaces/promoc_assembly_interfaces/msg/detail/x_bot_info__functions.h
-- Installing: /home/pmlab_mover/Documents/ros2_ws/src/match-PM-match_pm_ProMOC_Assembly/install/promoc_assembly_interfaces/include/promoc_assembly_interfaces/promoc_assembly_interfaces/msg/detail/test__struct.h
-- Installing: /home/pmlab_mover/Documents/ros2_ws/src/match-PM-match_pm_ProMOC_Assembly/install/promoc_assembly_interfaces/include/promoc_assembly_interfaces/promoc_assembly_interfaces/msg/detail/x_bot_info__type_support.h
-- Installing: /home/pmlab_mover/Documents/ros2_ws/src/match-PM-match_pm_ProMOC_Assembly/install/promoc_assembly_interfaces/include/promoc_assembly_interfaces/promoc_assembly_interfaces/msg/detail/test__functions.h
-- Installing: /home/pmlab_mover/Documents/ros2_ws/src/match-PM-match_pm_ProMOC_Assembly/install/promoc_assembly_interfaces/include/promoc_assembly_interfaces/promoc_assembly_interfaces/msg/detail/test__functions.c
-- Installing: /home/pmlab_mover/Documents/ros2_ws/src/match-PM-match_pm_ProMOC_Assembly/install/promoc_assembly_interfaces/include/promoc_assembly_interfaces/promoc_assembly_interfaces/msg/detail/test__type_support.h
-- Installing: /home/pmlab_mover/Documents/ros2_ws/src/match-PM-match_pm_ProMOC_Assembly/install/promoc_assembly_interfaces/include/promoc_assembly_interfaces/promoc_assembly_interfaces/msg/test.h
-- Installing: /home/pmlab_mover/Documents/ros2_ws/src/match-PM-match_pm_ProMOC_Assembly/install/promoc_assembly_interfaces/share/promoc_assembly_interfaces/environment/library_path.sh
-- Installing: /home/pmlab_mover/Documents/ros2_ws/src/match-PM-match_pm_ProMOC_Assembly/install/promoc_assembly_interfaces/share/promoc_assembly_interfaces/environment/library_path.dsv
-- Installing: /home/pmlab_mover/Documents/ros2_ws/src/match-PM-match_pm_ProMOC_Assembly/install/promoc_assembly_interfaces/lib/libpromoc_assembly_interfaces__rosidl_generator_c.so
-- Set runtime path of "/home/pmlab_mover/Documents/ros2_ws/src/match-PM-match_pm_ProMOC_Assembly/install/promoc_assembly_interfaces/lib/libpromoc_assembly_interfaces__rosidl_generator_c.so" to ""
-- Up-to-date: /home/pmlab_mover/Documents/ros2_ws/src/match-PM-match_pm_ProMOC_Assembly/install/promoc_assembly_interfaces/include/promoc_assembly_interfaces/promoc_assembly_interfaces
-- Up-to-date: /home/pmlab_mover/Documents/ros2_ws/src/match-PM-match_pm_ProMOC_Assembly/install/promoc_assembly_interfaces/include/promoc_assembly_interfaces/promoc_assembly_interfaces/srv
-- Up-to-date: /home/pmlab_mover/Documents/ros2_ws/src/match-PM-match_pm_ProMOC_Assembly/install/promoc_assembly_interfaces/include/promoc_assembly_interfaces/promoc_assembly_interfaces/srv/detail
-- Installing: /home/pmlab_mover/Documents/ros2_ws/src/match-PM-match_pm_ProMOC_Assembly/install/promoc_assembly_interfaces/include/promoc_assembly_interfaces/promoc_assembly_interfaces/srv/detail/six_dof_motion__rosidl_typesupport_fastrtps_c.h
-- Installing: /home/pmlab_mover/Documents/ros2_ws/src/match-PM-match_pm_ProMOC_Assembly/install/promoc_assembly_interfaces/include/promoc_assembly_interfaces/promoc_assembly_interfaces/srv/detail/linear_motion_si__rosidl_typesupport_fastrtps_c.h
-- Installing: /home/pmlab_mover/Documents/ros2_ws/src/match-PM-match_pm_ProMOC_Assembly/install/promoc_assembly_interfaces/include/promoc_assembly_interfaces/promoc_assembly_interfaces/srv/detail/levitation_xbots__rosidl_typesupport_fastrtps_c.h
-- Installing: /home/pmlab_mover/Documents/ros2_ws/src/match-PM-match_pm_ProMOC_Assembly/install/promoc_assembly_interfaces/include/promoc_assembly_interfaces/promoc_assembly_interfaces/srv/detail/activate_xbots__rosidl_typesupport_fastrtps_c.h
-- Installing: /home/pmlab_mover/Documents/ros2_ws/src/match-PM-match_pm_ProMOC_Assembly/install/promoc_assembly_interfaces/include/promoc_assembly_interfaces/promoc_assembly_interfaces/srv/detail/arc_motion__rosidl_typesupport_fastrtps_c.h
-- Up-to-date: /home/pmlab_mover/Documents/ros2_ws/src/match-PM-match_pm_ProMOC_Assembly/install/promoc_assembly_interfaces/include/promoc_assembly_interfaces/promoc_assembly_interfaces/msg
-- Installing: /home/pmlab_mover/Documents/ros2_ws/src/match-PM-match_pm_ProMOC_Assembly/install/promoc_assembly_interfaces/include/promoc_assembly_interfaces/promoc_assembly_interfaces/msg/rosidl_typesupport_fastrtps_c__visibility_control.h
-- Up-to-date: /home/pmlab_mover/Documents/ros2_ws/src/match-PM-match_pm_ProMOC_Assembly/install/promoc_assembly_interfaces/include/promoc_assembly_interfaces/promoc_assembly_interfaces/msg/detail
-- Installing: /home/pmlab_mover/Documents/ros2_ws/src/match-PM-match_pm_ProMOC_Assembly/install/promoc_assembly_interfaces/include/promoc_assembly_interfaces/promoc_assembly_interfaces/msg/detail/test__rosidl_typesupport_fastrtps_c.h
-- Installing: /home/pmlab_mover/Documents/ros2_ws/src/match-PM-match_pm_ProMOC_Assembly/install/promoc_assembly_interfaces/include/promoc_assembly_interfaces/promoc_assembly_interfaces/msg/detail/x_bot_info__rosidl_typesupport_fastrtps_c.h
-- Installing: /home/pmlab_mover/Documents/ros2_ws/src/match-PM-match_pm_ProMOC_Assembly/install/promoc_assembly_interfaces/lib/libpromoc_assembly_interfaces__rosidl_typesupport_fastrtps_c.so
-- Set runtime path of "/home/pmlab_mover/Documents/ros2_ws/src/match-PM-match_pm_ProMOC_Assembly/install/promoc_assembly_interfaces/lib/libpromoc_assembly_interfaces__rosidl_typesupport_fastrtps_c.so" to ""
-- Up-to-date: /home/pmlab_mover/Documents/ros2_ws/src/match-PM-match_pm_ProMOC_Assembly/install/promoc_assembly_interfaces/include/promoc_assembly_interfaces/promoc_assembly_interfaces
-- Up-to-date: /home/pmlab_mover/Documents/ros2_ws/src/match-PM-match_pm_ProMOC_Assembly/install/promoc_assembly_interfaces/include/promoc_assembly_interfaces/promoc_assembly_interfaces/srv
-- Up-to-date: /home/pmlab_mover/Documents/ros2_ws/src/match-PM-match_pm_ProMOC_Assembly/install/promoc_assembly_interfaces/include/promoc_assembly_interfaces/promoc_assembly_interfaces/srv/detail
-- Installing: /home/pmlab_mover/Documents/ros2_ws/src/match-PM-match_pm_ProMOC_Assembly/install/promoc_assembly_interfaces/include/promoc_assembly_interfaces/promoc_assembly_interfaces/srv/detail/linear_motion_si__rosidl_typesupport_introspection_c.h
-- Installing: /home/pmlab_mover/Documents/ros2_ws/src/match-PM-match_pm_ProMOC_Assembly/install/promoc_assembly_interfaces/include/promoc_assembly_interfaces/promoc_assembly_interfaces/srv/detail/levitation_xbots__rosidl_typesupport_introspection_c.h
-- Installing: /home/pmlab_mover/Documents/ros2_ws/src/match-PM-match_pm_ProMOC_Assembly/install/promoc_assembly_interfaces/include/promoc_assembly_interfaces/promoc_assembly_interfaces/srv/detail/arc_motion__type_support.c
-- Installing: /home/pmlab_mover/Documents/ros2_ws/src/match-PM-match_pm_ProMOC_Assembly/install/promoc_assembly_interfaces/include/promoc_assembly_interfaces/promoc_assembly_interfaces/srv/detail/arc_motion__rosidl_typesupport_introspection_c.h
-- Installing: /home/pmlab_mover/Documents/ros2_ws/src/match-PM-match_pm_ProMOC_Assembly/install/promoc_assembly_interfaces/include/promoc_assembly_interfaces/promoc_assembly_interfaces/srv/detail/activate_xbots__type_support.c
-- Installing: /home/pmlab_mover/Documents/ros2_ws/src/match-PM-match_pm_ProMOC_Assembly/install/promoc_assembly_interfaces/include/promoc_assembly_interfaces/promoc_assembly_interfaces/srv/detail/six_dof_motion__rosidl_typesupport_introspection_c.h
-- Installing: /home/pmlab_mover/Documents/ros2_ws/src/match-PM-match_pm_ProMOC_Assembly/install/promoc_assembly_interfaces/include/promoc_assembly_interfaces/promoc_assembly_interfaces/srv/detail/levitation_xbots__type_support.c
-- Installing: /home/pmlab_mover/Documents/ros2_ws/src/match-PM-match_pm_ProMOC_Assembly/install/promoc_assembly_interfaces/include/promoc_assembly_interfaces/promoc_assembly_interfaces/srv/detail/activate_xbots__rosidl_typesupport_introspection_c.h
-- Installing: /home/pmlab_mover/Documents/ros2_ws/src/match-PM-match_pm_ProMOC_Assembly/install/promoc_assembly_interfaces/include/promoc_assembly_interfaces/promoc_assembly_interfaces/srv/detail/linear_motion_si__type_support.c
-- Installing: /home/pmlab_mover/Documents/ros2_ws/src/match-PM-match_pm_ProMOC_Assembly/install/promoc_assembly_interfaces/include/promoc_assembly_interfaces/promoc_assembly_interfaces/srv/detail/six_dof_motion__type_support.c
-- Up-to-date: /home/pmlab_mover/Documents/ros2_ws/src/match-PM-match_pm_ProMOC_Assembly/install/promoc_assembly_interfaces/include/promoc_assembly_interfaces/promoc_assembly_interfaces/msg
-- Installing: /home/pmlab_mover/Documents/ros2_ws/src/match-PM-match_pm_ProMOC_Assembly/install/promoc_assembly_interfaces/include/promoc_assembly_interfaces/promoc_assembly_interfaces/msg/rosidl_typesupport_introspection_c__visibility_control.h
-- Up-to-date: /home/pmlab_mover/Documents/ros2_ws/src/match-PM-match_pm_ProMOC_Assembly/install/promoc_assembly_interfaces/include/promoc_assembly_interfaces/promoc_assembly_interfaces/msg/detail
-- Installing: /home/pmlab_mover/Documents/ros2_ws/src/match-PM-match_pm_ProMOC_Assembly/install/promoc_assembly_interfaces/include/promoc_assembly_interfaces/promoc_assembly_interfaces/msg/detail/test__rosidl_typesupport_introspection_c.h
-- Installing: /home/pmlab_mover/Documents/ros2_ws/src/match-PM-match_pm_ProMOC_Assembly/install/promoc_assembly_interfaces/include/promoc_assembly_interfaces/promoc_assembly_interfaces/msg/detail/x_bot_info__type_support.c
-- Installing: /home/pmlab_mover/Documents/ros2_ws/src/match-PM-match_pm_ProMOC_Assembly/install/promoc_assembly_interfaces/include/promoc_assembly_interfaces/promoc_assembly_interfaces/msg/detail/x_bot_info__rosidl_typesupport_introspection_c.h
-- Installing: /home/pmlab_mover/Documents/ros2_ws/src/match-PM-match_pm_ProMOC_Assembly/install/promoc_assembly_interfaces/include/promoc_assembly_interfaces/promoc_assembly_interfaces/msg/detail/test__type_support.c
-- Installing: /home/pmlab_mover/Documents/ros2_ws/src/match-PM-match_pm_ProMOC_Assembly/install/promoc_assembly_interfaces/lib/libpromoc_assembly_interfaces__rosidl_typesupport_introspection_c.so
-- Set runtime path of "/home/pmlab_mover/Documents/ros2_ws/src/match-PM-match_pm_ProMOC_Assembly/install/promoc_assembly_interfaces/lib/libpromoc_assembly_interfaces__rosidl_typesupport_introspection_c.so" to ""
-- Installing: /home/pmlab_mover/Documents/ros2_ws/src/match-PM-match_pm_ProMOC_Assembly/install/promoc_assembly_interfaces/lib/libpromoc_assembly_interfaces__rosidl_typesupport_c.so
-- Set runtime path of "/home/pmlab_mover/Documents/ros2_ws/src/match-PM-match_pm_ProMOC_Assembly/install/promoc_assembly_interfaces/lib/libpromoc_assembly_interfaces__rosidl_typesupport_c.so" to ""
-- Up-to-date: /home/pmlab_mover/Documents/ros2_ws/src/match-PM-match_pm_ProMOC_Assembly/install/promoc_assembly_interfaces/include/promoc_assembly_interfaces/promoc_assembly_interfaces
-- Up-to-date: /home/pmlab_mover/Documents/ros2_ws/src/match-PM-match_pm_ProMOC_Assembly/install/promoc_assembly_interfaces/include/promoc_assembly_interfaces/promoc_assembly_interfaces/srv
-- Installing: /home/pmlab_mover/Documents/ros2_ws/src/match-PM-match_pm_ProMOC_Assembly/install/promoc_assembly_interfaces/include/promoc_assembly_interfaces/promoc_assembly_interfaces/srv/levitation_xbots.hpp
-- Installing: /home/pmlab_mover/Documents/ros2_ws/src/match-PM-match_pm_ProMOC_Assembly/install/promoc_assembly_interfaces/include/promoc_assembly_interfaces/promoc_assembly_interfaces/srv/arc_motion.hpp
-- Installing: /home/pmlab_mover/Documents/ros2_ws/src/match-PM-match_pm_ProMOC_Assembly/install/promoc_assembly_interfaces/include/promoc_assembly_interfaces/promoc_assembly_interfaces/srv/linear_motion_si.hpp
-- Installing: /home/pmlab_mover/Documents/ros2_ws/src/match-PM-match_pm_ProMOC_Assembly/install/promoc_assembly_interfaces/include/promoc_assembly_interfaces/promoc_assembly_interfaces/srv/activate_xbots.hpp
-- Up-to-date: /home/pmlab_mover/Documents/ros2_ws/src/match-PM-match_pm_ProMOC_Assembly/install/promoc_assembly_interfaces/include/promoc_assembly_interfaces/promoc_assembly_interfaces/srv/detail
-- Installing: /home/pmlab_mover/Documents/ros2_ws/src/match-PM-match_pm_ProMOC_Assembly/install/promoc_assembly_interfaces/include/promoc_assembly_interfaces/promoc_assembly_interfaces/srv/detail/six_dof_motion__builder.hpp
-- Installing: /home/pmlab_mover/Documents/ros2_ws/src/match-PM-match_pm_ProMOC_Assembly/install/promoc_assembly_interfaces/include/promoc_assembly_interfaces/promoc_assembly_interfaces/srv/detail/arc_motion__type_support.hpp
-- Installing: /home/pmlab_mover/Documents/ros2_ws/src/match-PM-match_pm_ProMOC_Assembly/install/promoc_assembly_interfaces/include/promoc_assembly_interfaces/promoc_assembly_interfaces/srv/detail/six_dof_motion__traits.hpp
-- Installing: /home/pmlab_mover/Documents/ros2_ws/src/match-PM-match_pm_ProMOC_Assembly/install/promoc_assembly_interfaces/include/promoc_assembly_interfaces/promoc_assembly_interfaces/srv/detail/arc_motion__traits.hpp
-- Installing: /home/pmlab_mover/Documents/ros2_ws/src/match-PM-match_pm_ProMOC_Assembly/install/promoc_assembly_interfaces/include/promoc_assembly_interfaces/promoc_assembly_interfaces/srv/detail/linear_motion_si__type_support.hpp
-- Installing: /home/pmlab_mover/Documents/ros2_ws/src/match-PM-match_pm_ProMOC_Assembly/install/promoc_assembly_interfaces/include/promoc_assembly_interfaces/promoc_assembly_interfaces/srv/detail/levitation_xbots__traits.hpp
-- Installing: /home/pmlab_mover/Documents/ros2_ws/src/match-PM-match_pm_ProMOC_Assembly/install/promoc_assembly_interfaces/include/promoc_assembly_interfaces/promoc_assembly_interfaces/srv/detail/levitation_xbots__struct.hpp
-- Installing: /home/pmlab_mover/Documents/ros2_ws/src/match-PM-match_pm_ProMOC_Assembly/install/promoc_assembly_interfaces/include/promoc_assembly_interfaces/promoc_assembly_interfaces/srv/detail/activate_xbots__builder.hpp
-- Installing: /home/pmlab_mover/Documents/ros2_ws/src/match-PM-match_pm_ProMOC_Assembly/install/promoc_assembly_interfaces/include/promoc_assembly_interfaces/promoc_assembly_interfaces/srv/detail/linear_motion_si__traits.hpp
-- Installing: /home/pmlab_mover/Documents/ros2_ws/src/match-PM-match_pm_ProMOC_Assembly/install/promoc_assembly_interfaces/include/promoc_assembly_interfaces/promoc_assembly_interfaces/srv/detail/activate_xbots__traits.hpp
-- Installing: /home/pmlab_mover/Documents/ros2_ws/src/match-PM-match_pm_ProMOC_Assembly/install/promoc_assembly_interfaces/include/promoc_assembly_interfaces/promoc_assembly_interfaces/srv/detail/activate_xbots__struct.hpp
-- Installing: /home/pmlab_mover/Documents/ros2_ws/src/match-PM-match_pm_ProMOC_Assembly/install/promoc_assembly_interfaces/include/promoc_assembly_interfaces/promoc_assembly_interfaces/srv/detail/arc_motion__builder.hpp
-- Installing: /home/pmlab_mover/Documents/ros2_ws/src/match-PM-match_pm_ProMOC_Assembly/install/promoc_assembly_interfaces/include/promoc_assembly_interfaces/promoc_assembly_interfaces/srv/detail/six_dof_motion__struct.hpp
-- Installing: /home/pmlab_mover/Documents/ros2_ws/src/match-PM-match_pm_ProMOC_Assembly/install/promoc_assembly_interfaces/include/promoc_assembly_interfaces/promoc_assembly_interfaces/srv/detail/levitation_xbots__type_support.hpp
-- Installing: /home/pmlab_mover/Documents/ros2_ws/src/match-PM-match_pm_ProMOC_Assembly/install/promoc_assembly_interfaces/include/promoc_assembly_interfaces/promoc_assembly_interfaces/srv/detail/linear_motion_si__builder.hpp
-- Installing: /home/pmlab_mover/Documents/ros2_ws/src/match-PM-match_pm_ProMOC_Assembly/install/promoc_assembly_interfaces/include/promoc_assembly_interfaces/promoc_assembly_interfaces/srv/detail/linear_motion_si__struct.hpp
-- Installing: /home/pmlab_mover/Documents/ros2_ws/src/match-PM-match_pm_ProMOC_Assembly/install/promoc_assembly_interfaces/include/promoc_assembly_interfaces/promoc_assembly_interfaces/srv/detail/six_dof_motion__type_support.hpp
-- Installing: /home/pmlab_mover/Documents/ros2_ws/src/match-PM-match_pm_ProMOC_Assembly/install/promoc_assembly_interfaces/include/promoc_assembly_interfaces/promoc_assembly_interfaces/srv/detail/activate_xbots__type_support.hpp
-- Installing: /home/pmlab_mover/Documents/ros2_ws/src/match-PM-match_pm_ProMOC_Assembly/install/promoc_assembly_interfaces/include/promoc_assembly_interfaces/promoc_assembly_interfaces/srv/detail/levitation_xbots__builder.hpp
-- Installing: /home/pmlab_mover/Documents/ros2_ws/src/match-PM-match_pm_ProMOC_Assembly/install/promoc_assembly_interfaces/include/promoc_assembly_interfaces/promoc_assembly_interfaces/srv/detail/arc_motion__struct.hpp
-- Installing: /home/pmlab_mover/Documents/ros2_ws/src/match-PM-match_pm_ProMOC_Assembly/install/promoc_assembly_interfaces/include/promoc_assembly_interfaces/promoc_assembly_interfaces/srv/six_dof_motion.hpp
-- Up-to-date: /home/pmlab_mover/Documents/ros2_ws/src/match-PM-match_pm_ProMOC_Assembly/install/promoc_assembly_interfaces/include/promoc_assembly_interfaces/promoc_assembly_interfaces/msg
-- Installing: /home/pmlab_mover/Documents/ros2_ws/src/match-PM-match_pm_ProMOC_Assembly/install/promoc_assembly_interfaces/include/promoc_assembly_interfaces/promoc_assembly_interfaces/msg/rosidl_generator_cpp__visibility_control.hpp
-- Installing: /home/pmlab_mover/Documents/ros2_ws/src/match-PM-match_pm_ProMOC_Assembly/install/promoc_assembly_interfaces/include/promoc_assembly_interfaces/promoc_assembly_interfaces/msg/x_bot_info.hpp
-- Up-to-date: /home/pmlab_mover/Documents/ros2_ws/src/match-PM-match_pm_ProMOC_Assembly/install/promoc_assembly_interfaces/include/promoc_assembly_interfaces/promoc_assembly_interfaces/msg/detail
-- Installing: /home/pmlab_mover/Documents/ros2_ws/src/match-PM-match_pm_ProMOC_Assembly/install/promoc_assembly_interfaces/include/promoc_assembly_interfaces/promoc_assembly_interfaces/msg/detail/test__type_support.hpp
-- Installing: /home/pmlab_mover/Documents/ros2_ws/src/match-PM-match_pm_ProMOC_Assembly/install/promoc_assembly_interfaces/include/promoc_assembly_interfaces/promoc_assembly_interfaces/msg/detail/test__traits.hpp
-- Installing: /home/pmlab_mover/Documents/ros2_ws/src/match-PM-match_pm_ProMOC_Assembly/install/promoc_assembly_interfaces/include/promoc_assembly_interfaces/promoc_assembly_interfaces/msg/detail/test__struct.hpp
-- Installing: /home/pmlab_mover/Documents/ros2_ws/src/match-PM-match_pm_ProMOC_Assembly/install/promoc_assembly_interfaces/include/promoc_assembly_interfaces/promoc_assembly_interfaces/msg/detail/x_bot_info__struct.hpp
-- Installing: /home/pmlab_mover/Documents/ros2_ws/src/match-PM-match_pm_ProMOC_Assembly/install/promoc_assembly_interfaces/include/promoc_assembly_interfaces/promoc_assembly_interfaces/msg/detail/x_bot_info__type_support.hpp
-- Installing: /home/pmlab_mover/Documents/ros2_ws/src/match-PM-match_pm_ProMOC_Assembly/install/promoc_assembly_interfaces/include/promoc_assembly_interfaces/promoc_assembly_interfaces/msg/detail/x_bot_info__traits.hpp
-- Installing: /home/pmlab_mover/Documents/ros2_ws/src/match-PM-match_pm_ProMOC_Assembly/install/promoc_assembly_interfaces/include/promoc_assembly_interfaces/promoc_assembly_interfaces/msg/detail/test__builder.hpp
-- Installing: /home/pmlab_mover/Documents/ros2_ws/src/match-PM-match_pm_ProMOC_Assembly/install/promoc_assembly_interfaces/include/promoc_assembly_interfaces/promoc_assembly_interfaces/msg/detail/x_bot_info__builder.hpp
-- Installing: /home/pmlab_mover/Documents/ros2_ws/src/match-PM-match_pm_ProMOC_Assembly/install/promoc_assembly_interfaces/include/promoc_assembly_interfaces/promoc_assembly_interfaces/msg/test.hpp
-- Up-to-date: /home/pmlab_mover/Documents/ros2_ws/src/match-PM-match_pm_ProMOC_Assembly/install/promoc_assembly_interfaces/include/promoc_assembly_interfaces/promoc_assembly_interfaces
-- Up-to-date: /home/pmlab_mover/Documents/ros2_ws/src/match-PM-match_pm_ProMOC_Assembly/install/promoc_assembly_interfaces/include/promoc_assembly_interfaces/promoc_assembly_interfaces/srv
-- Up-to-date: /home/pmlab_mover/Documents/ros2_ws/src/match-PM-match_pm_ProMOC_Assembly/install/promoc_assembly_interfaces/include/promoc_assembly_interfaces/promoc_assembly_interfaces/srv/detail
-- Installing: /home/pmlab_mover/Documents/ros2_ws/src/match-PM-match_pm_ProMOC_Assembly/install/promoc_assembly_interfaces/include/promoc_assembly_interfaces/promoc_assembly_interfaces/srv/detail/linear_motion_si__rosidl_typesupport_fastrtps_cpp.hpp
-- Installing: /home/pmlab_mover/Documents/ros2_ws/src/match-PM-match_pm_ProMOC_Assembly/install/promoc_assembly_interfaces/include/promoc_assembly_interfaces/promoc_assembly_interfaces/srv/detail/levitation_xbots__rosidl_typesupport_fastrtps_cpp.hpp
-- Installing: /home/pmlab_mover/Documents/ros2_ws/src/match-PM-match_pm_ProMOC_Assembly/install/promoc_assembly_interfaces/include/promoc_assembly_interfaces/promoc_assembly_interfaces/srv/detail/dds_fastrtps
-- Installing: /home/pmlab_mover/Documents/ros2_ws/src/match-PM-match_pm_ProMOC_Assembly/install/promoc_assembly_interfaces/include/promoc_assembly_interfaces/promoc_assembly_interfaces/srv/detail/activate_xbots__rosidl_typesupport_fastrtps_cpp.hpp
-- Installing: /home/pmlab_mover/Documents/ros2_ws/src/match-PM-match_pm_ProMOC_Assembly/install/promoc_assembly_interfaces/include/promoc_assembly_interfaces/promoc_assembly_interfaces/srv/detail/six_dof_motion__rosidl_typesupport_fastrtps_cpp.hpp
-- Installing: /home/pmlab_mover/Documents/ros2_ws/src/match-PM-match_pm_ProMOC_Assembly/install/promoc_assembly_interfaces/include/promoc_assembly_interfaces/promoc_assembly_interfaces/srv/detail/arc_motion__rosidl_typesupport_fastrtps_cpp.hpp
-- Up-to-date: /home/pmlab_mover/Documents/ros2_ws/src/match-PM-match_pm_ProMOC_Assembly/install/promoc_assembly_interfaces/include/promoc_assembly_interfaces/promoc_assembly_interfaces/msg
-- Installing: /home/pmlab_mover/Documents/ros2_ws/src/match-PM-match_pm_ProMOC_Assembly/install/promoc_assembly_interfaces/include/promoc_assembly_interfaces/promoc_assembly_interfaces/msg/rosidl_typesupport_fastrtps_cpp__visibility_control.h
-- Up-to-date: /home/pmlab_mover/Documents/ros2_ws/src/match-PM-match_pm_ProMOC_Assembly/install/promoc_assembly_interfaces/include/promoc_assembly_interfaces/promoc_assembly_interfaces/msg/detail
-- Installing: /home/pmlab_mover/Documents/ros2_ws/src/match-PM-match_pm_ProMOC_Assembly/install/promoc_assembly_interfaces/include/promoc_assembly_interfaces/promoc_assembly_interfaces/msg/detail/test__rosidl_typesupport_fastrtps_cpp.hpp
-- Installing: /home/pmlab_mover/Documents/ros2_ws/src/match-PM-match_pm_ProMOC_Assembly/install/promoc_assembly_interfaces/include/promoc_assembly_interfaces/promoc_assembly_interfaces/msg/detail/x_bot_info__rosidl_typesupport_fastrtps_cpp.hpp
-- Installing: /home/pmlab_mover/Documents/ros2_ws/src/match-PM-match_pm_ProMOC_Assembly/install/promoc_assembly_interfaces/include/promoc_assembly_interfaces/promoc_assembly_interfaces/msg/detail/dds_fastrtps
-- Installing: /home/pmlab_mover/Documents/ros2_ws/src/match-PM-match_pm_ProMOC_Assembly/install/promoc_assembly_interfaces/lib/libpromoc_assembly_interfaces__rosidl_typesupport_fastrtps_cpp.so
-- Set runtime path of "/home/pmlab_mover/Documents/ros2_ws/src/match-PM-match_pm_ProMOC_Assembly/install/promoc_assembly_interfaces/lib/libpromoc_assembly_interfaces__rosidl_typesupport_fastrtps_cpp.so" to ""
-- Up-to-date: /home/pmlab_mover/Documents/ros2_ws/src/match-PM-match_pm_ProMOC_Assembly/install/promoc_assembly_interfaces/include/promoc_assembly_interfaces/promoc_assembly_interfaces
-- Up-to-date: /home/pmlab_mover/Documents/ros2_ws/src/match-PM-match_pm_ProMOC_Assembly/install/promoc_assembly_interfaces/include/promoc_assembly_interfaces/promoc_assembly_interfaces/srv
-- Up-to-date: /home/pmlab_mover/Documents/ros2_ws/src/match-PM-match_pm_ProMOC_Assembly/install/promoc_assembly_interfaces/include/promoc_assembly_interfaces/promoc_assembly_interfaces/srv/detail
-- Installing: /home/pmlab_mover/Documents/ros2_ws/src/match-PM-match_pm_ProMOC_Assembly/install/promoc_assembly_interfaces/include/promoc_assembly_interfaces/promoc_assembly_interfaces/srv/detail/linear_motion_si__type_support.cpp
-- Installing: /home/pmlab_mover/Documents/ros2_ws/src/match-PM-match_pm_ProMOC_Assembly/install/promoc_assembly_interfaces/include/promoc_assembly_interfaces/promoc_assembly_interfaces/srv/detail/levitation_xbots__type_support.cpp
-- Installing: /home/pmlab_mover/Documents/ros2_ws/src/match-PM-match_pm_ProMOC_Assembly/install/promoc_assembly_interfaces/include/promoc_assembly_interfaces/promoc_assembly_interfaces/srv/detail/activate_xbots__type_support.cpp
-- Installing: /home/pmlab_mover/Documents/ros2_ws/src/match-PM-match_pm_ProMOC_Assembly/install/promoc_assembly_interfaces/include/promoc_assembly_interfaces/promoc_assembly_interfaces/srv/detail/linear_motion_si__rosidl_typesupport_introspection_cpp.hpp
-- Installing: /home/pmlab_mover/Documents/ros2_ws/src/match-PM-match_pm_ProMOC_Assembly/install/promoc_assembly_interfaces/include/promoc_assembly_interfaces/promoc_assembly_interfaces/srv/detail/activate_xbots__rosidl_typesupport_introspection_cpp.hpp
-- Installing: /home/pmlab_mover/Documents/ros2_ws/src/match-PM-match_pm_ProMOC_Assembly/install/promoc_assembly_interfaces/include/promoc_assembly_interfaces/promoc_assembly_interfaces/srv/detail/arc_motion__rosidl_typesupport_introspection_cpp.hpp
-- Installing: /home/pmlab_mover/Documents/ros2_ws/src/match-PM-match_pm_ProMOC_Assembly/install/promoc_assembly_interfaces/include/promoc_assembly_interfaces/promoc_assembly_interfaces/srv/detail/levitation_xbots__rosidl_typesupport_introspection_cpp.hpp
-- Installing: /home/pmlab_mover/Documents/ros2_ws/src/match-PM-match_pm_ProMOC_Assembly/install/promoc_assembly_interfaces/include/promoc_assembly_interfaces/promoc_assembly_interfaces/srv/detail/six_dof_motion__rosidl_typesupport_introspection_cpp.hpp
-- Installing: /home/pmlab_mover/Documents/ros2_ws/src/match-PM-match_pm_ProMOC_Assembly/install/promoc_assembly_interfaces/include/promoc_assembly_interfaces/promoc_assembly_interfaces/srv/detail/arc_motion__type_support.cpp
-- Installing: /home/pmlab_mover/Documents/ros2_ws/src/match-PM-match_pm_ProMOC_Assembly/install/promoc_assembly_interfaces/include/promoc_assembly_interfaces/promoc_assembly_interfaces/srv/detail/six_dof_motion__type_support.cpp
-- Up-to-date: /home/pmlab_mover/Documents/ros2_ws/src/match-PM-match_pm_ProMOC_Assembly/install/promoc_assembly_interfaces/include/promoc_assembly_interfaces/promoc_assembly_interfaces/msg
-- Up-to-date: /home/pmlab_mover/Documents/ros2_ws/src/match-PM-match_pm_ProMOC_Assembly/install/promoc_assembly_interfaces/include/promoc_assembly_interfaces/promoc_assembly_interfaces/msg/detail
-- Installing: /home/pmlab_mover/Documents/ros2_ws/src/match-PM-match_pm_ProMOC_Assembly/install/promoc_assembly_interfaces/include/promoc_assembly_interfaces/promoc_assembly_interfaces/msg/detail/x_bot_info__type_support.cpp
-- Installing: /home/pmlab_mover/Documents/ros2_ws/src/match-PM-match_pm_ProMOC_Assembly/install/promoc_assembly_interfaces/include/promoc_assembly_interfaces/promoc_assembly_interfaces/msg/detail/test__type_support.cpp
-- Installing: /home/pmlab_mover/Documents/ros2_ws/src/match-PM-match_pm_ProMOC_Assembly/install/promoc_assembly_interfaces/include/promoc_assembly_interfaces/promoc_assembly_interfaces/msg/detail/x_bot_info__rosidl_typesupport_introspection_cpp.hpp
-- Installing: /home/pmlab_mover/Documents/ros2_ws/src/match-PM-match_pm_ProMOC_Assembly/install/promoc_assembly_interfaces/include/promoc_assembly_interfaces/promoc_assembly_interfaces/msg/detail/test__rosidl_typesupport_introspection_cpp.hpp
-- Installing: /home/pmlab_mover/Documents/ros2_ws/src/match-PM-match_pm_ProMOC_Assembly/install/promoc_assembly_interfaces/lib/libpromoc_assembly_interfaces__rosidl_typesupport_introspection_cpp.so
-- Set runtime path of "/home/pmlab_mover/Documents/ros2_ws/src/match-PM-match_pm_ProMOC_Assembly/install/promoc_assembly_interfaces/lib/libpromoc_assembly_interfaces__rosidl_typesupport_introspection_cpp.so" to ""
-- Installing: /home/pmlab_mover/Documents/ros2_ws/src/match-PM-match_pm_ProMOC_Assembly/install/promoc_assembly_interfaces/lib/libpromoc_assembly_interfaces__rosidl_typesupport_cpp.so
-- Set runtime path of "/home/pmlab_mover/Documents/ros2_ws/src/match-PM-match_pm_ProMOC_Assembly/install/promoc_assembly_interfaces/lib/libpromoc_assembly_interfaces__rosidl_typesupport_cpp.so" to ""
-- Installing: /home/pmlab_mover/Documents/ros2_ws/src/match-PM-match_pm_ProMOC_Assembly/install/promoc_assembly_interfaces/share/promoc_assembly_interfaces/environment/pythonpath.sh
-- Installing: /home/pmlab_mover/Documents/ros2_ws/src/match-PM-match_pm_ProMOC_Assembly/install/promoc_assembly_interfaces/share/promoc_assembly_interfaces/environment/pythonpath.dsv
-- Installing: /home/pmlab_mover/Documents/ros2_ws/src/match-PM-match_pm_ProMOC_Assembly/install/promoc_assembly_interfaces/local/lib/python3.10/dist-packages/promoc_assembly_interfaces-0.0.0-py3.10.egg-info
-- Installing: /home/pmlab_mover/Documents/ros2_ws/src/match-PM-match_pm_ProMOC_Assembly/install/promoc_assembly_interfaces/local/lib/python3.10/dist-packages/promoc_assembly_interfaces-0.0.0-py3.10.egg-info/top_level.txt
-- Installing: /home/pmlab_mover/Documents/ros2_ws/src/match-PM-match_pm_ProMOC_Assembly/install/promoc_assembly_interfaces/local/lib/python3.10/dist-packages/promoc_assembly_interfaces-0.0.0-py3.10.egg-info/dependency_links.txt
-- Installing: /home/pmlab_mover/Documents/ros2_ws/src/match-PM-match_pm_ProMOC_Assembly/install/promoc_assembly_interfaces/local/lib/python3.10/dist-packages/promoc_assembly_interfaces-0.0.0-py3.10.egg-info/SOURCES.txt
-- Installing: /home/pmlab_mover/Documents/ros2_ws/src/match-PM-match_pm_ProMOC_Assembly/install/promoc_assembly_interfaces/local/lib/python3.10/dist-packages/promoc_assembly_interfaces-0.0.0-py3.10.egg-info/PKG-INFO
-- Installing: /home/pmlab_mover/Documents/ros2_ws/src/match-PM-match_pm_ProMOC_Assembly/install/promoc_assembly_interfaces/local/lib/python3.10/dist-packages/promoc_assembly_interfaces
-- Installing: /home/pmlab_mover/Documents/ros2_ws/src/match-PM-match_pm_ProMOC_Assembly/install/promoc_assembly_interfaces/local/lib/python3.10/dist-packages/promoc_assembly_interfaces/srv
-- Installing: /home/pmlab_mover/Documents/ros2_ws/src/match-PM-match_pm_ProMOC_Assembly/install/promoc_assembly_interfaces/local/lib/python3.10/dist-packages/promoc_assembly_interfaces/srv/_linear_motion_si.py
-- Installing: /home/pmlab_mover/Documents/ros2_ws/src/match-PM-match_pm_ProMOC_Assembly/install/promoc_assembly_interfaces/local/lib/python3.10/dist-packages/promoc_assembly_interfaces/srv/_levitation_xbots.py
-- Installing: /home/pmlab_mover/Documents/ros2_ws/src/match-PM-match_pm_ProMOC_Assembly/install/promoc_assembly_interfaces/local/lib/python3.10/dist-packages/promoc_assembly_interfaces/srv/_arc_motion.py
-- Installing: /home/pmlab_mover/Documents/ros2_ws/src/match-PM-match_pm_ProMOC_Assembly/install/promoc_assembly_interfaces/local/lib/python3.10/dist-packages/promoc_assembly_interfaces/srv/_six_dof_motion.py
-- Installing: /home/pmlab_mover/Documents/ros2_ws/src/match-PM-match_pm_ProMOC_Assembly/install/promoc_assembly_interfaces/local/lib/python3.10/dist-packages/promoc_assembly_interfaces/srv/_activate_xbots.py
-- Installing: /home/pmlab_mover/Documents/ros2_ws/src/match-PM-match_pm_ProMOC_Assembly/install/promoc_assembly_interfaces/local/lib/python3.10/dist-packages/promoc_assembly_interfaces/srv/_levitation_xbots_s.c
-- Installing: /home/pmlab_mover/Documents/ros2_ws/src/match-PM-match_pm_ProMOC_Assembly/install/promoc_assembly_interfaces/local/lib/python3.10/dist-packages/promoc_assembly_interfaces/srv/_six_dof_motion_s.c
-- Installing: /home/pmlab_mover/Documents/ros2_ws/src/match-PM-match_pm_ProMOC_Assembly/install/promoc_assembly_interfaces/local/lib/python3.10/dist-packages/promoc_assembly_interfaces/srv/__init__.py
-- Installing: /home/pmlab_mover/Documents/ros2_ws/src/match-PM-match_pm_ProMOC_Assembly/install/promoc_assembly_interfaces/local/lib/python3.10/dist-packages/promoc_assembly_interfaces/srv/_activate_xbots_s.c
-- Installing: /home/pmlab_mover/Documents/ros2_ws/src/match-PM-match_pm_ProMOC_Assembly/install/promoc_assembly_interfaces/local/lib/python3.10/dist-packages/promoc_assembly_interfaces/srv/_arc_motion_s.c
-- Installing: /home/pmlab_mover/Documents/ros2_ws/src/match-PM-match_pm_ProMOC_Assembly/install/promoc_assembly_interfaces/local/lib/python3.10/dist-packages/promoc_assembly_interfaces/srv/_linear_motion_si_s.c
-- Installing: /home/pmlab_mover/Documents/ros2_ws/src/match-PM-match_pm_ProMOC_Assembly/install/promoc_assembly_interfaces/local/lib/python3.10/dist-packages/promoc_assembly_interfaces/_promoc_assembly_interfaces_s.ep.rosidl_typesupport_fastrtps_c.c
-- Installing: /home/pmlab_mover/Documents/ros2_ws/src/match-PM-match_pm_ProMOC_Assembly/install/promoc_assembly_interfaces/local/lib/python3.10/dist-packages/promoc_assembly_interfaces/promoc_assembly_interfaces_s__rosidl_typesupport_fastrtps_c.cpython-310-x86_64-linux-gnu.so
-- Installing: /home/pmlab_mover/Documents/ros2_ws/src/match-PM-match_pm_ProMOC_Assembly/install/promoc_assembly_interfaces/local/lib/python3.10/dist-packages/promoc_assembly_interfaces/promoc_assembly_interfaces_s__rosidl_typesupport_introspection_c.cpython-310-x86_64-linux-gnu.so
-- Installing: /home/pmlab_mover/Documents/ros2_ws/src/match-PM-match_pm_ProMOC_Assembly/install/promoc_assembly_interfaces/local/lib/python3.10/dist-packages/promoc_assembly_interfaces/promoc_assembly_interfaces_s__rosidl_typesupport_c.cpython-310-x86_64-linux-gnu.so
-- Installing: /home/pmlab_mover/Documents/ros2_ws/src/match-PM-match_pm_ProMOC_Assembly/install/promoc_assembly_interfaces/local/lib/python3.10/dist-packages/promoc_assembly_interfaces/_promoc_assembly_interfaces_s.ep.rosidl_typesupport_c.c
-- Installing: /home/pmlab_mover/Documents/ros2_ws/src/match-PM-match_pm_ProMOC_Assembly/install/promoc_assembly_interfaces/local/lib/python3.10/dist-packages/promoc_assembly_interfaces/msg
-- Installing: /home/pmlab_mover/Documents/ros2_ws/src/match-PM-match_pm_ProMOC_Assembly/install/promoc_assembly_interfaces/local/lib/python3.10/dist-packages/promoc_assembly_interfaces/msg/_test_s.c
-- Installing: /home/pmlab_mover/Documents/ros2_ws/src/match-PM-match_pm_ProMOC_Assembly/install/promoc_assembly_interfaces/local/lib/python3.10/dist-packages/promoc_assembly_interfaces/msg/_x_bot_info.py
-- Installing: /home/pmlab_mover/Documents/ros2_ws/src/match-PM-match_pm_ProMOC_Assembly/install/promoc_assembly_interfaces/local/lib/python3.10/dist-packages/promoc_assembly_interfaces/msg/__init__.py
-- Installing: /home/pmlab_mover/Documents/ros2_ws/src/match-PM-match_pm_ProMOC_Assembly/install/promoc_assembly_interfaces/local/lib/python3.10/dist-packages/promoc_assembly_interfaces/msg/_test.py
-- Installing: /home/pmlab_mover/Documents/ros2_ws/src/match-PM-match_pm_ProMOC_Assembly/install/promoc_assembly_interfaces/local/lib/python3.10/dist-packages/promoc_assembly_interfaces/msg/_x_bot_info_s.c
-- Installing: /home/pmlab_mover/Documents/ros2_ws/src/match-PM-match_pm_ProMOC_Assembly/install/promoc_assembly_interfaces/local/lib/python3.10/dist-packages/promoc_assembly_interfaces/libpromoc_assembly_interfaces__rosidl_generator_py.so
-- Installing: /home/pmlab_mover/Documents/ros2_ws/src/match-PM-match_pm_ProMOC_Assembly/install/promoc_assembly_interfaces/local/lib/python3.10/dist-packages/promoc_assembly_interfaces/__init__.py
-- Installing: /home/pmlab_mover/Documents/ros2_ws/src/match-PM-match_pm_ProMOC_Assembly/install/promoc_assembly_interfaces/local/lib/python3.10/dist-packages/promoc_assembly_interfaces/_promoc_assembly_interfaces_s.ep.rosidl_typesupport_introspection_c.c
Listing '/home/pmlab_mover/Documents/ros2_ws/src/match-PM-match_pm_ProMOC_Assembly/install/promoc_assembly_interfaces/local/lib/python3.10/dist-packages/promoc_assembly_interfaces'...
Compiling '/home/pmlab_mover/Documents/ros2_ws/src/match-PM-match_pm_ProMOC_Assembly/install/promoc_assembly_interfaces/local/lib/python3.10/dist-packages/promoc_assembly_interfaces/__init__.py'...
Listing '/home/pmlab_mover/Documents/ros2_ws/src/match-PM-match_pm_ProMOC_Assembly/install/promoc_assembly_interfaces/local/lib/python3.10/dist-packages/promoc_assembly_interfaces/msg'...
Compiling '/home/pmlab_mover/Documents/ros2_ws/src/match-PM-match_pm_ProMOC_Assembly/install/promoc_assembly_interfaces/local/lib/python3.10/dist-packages/promoc_assembly_interfaces/msg/__init__.py'...
Compiling '/home/pmlab_mover/Documents/ros2_ws/src/match-PM-match_pm_ProMOC_Assembly/install/promoc_assembly_interfaces/local/lib/python3.10/dist-packages/promoc_assembly_interfaces/msg/_test.py'...
Compiling '/home/pmlab_mover/Documents/ros2_ws/src/match-PM-match_pm_ProMOC_Assembly/install/promoc_assembly_interfaces/local/lib/python3.10/dist-packages/promoc_assembly_interfaces/msg/_x_bot_info.py'...
Listing '/home/pmlab_mover/Documents/ros2_ws/src/match-PM-match_pm_ProMOC_Assembly/install/promoc_assembly_interfaces/local/lib/python3.10/dist-packages/promoc_assembly_interfaces/srv'...
Compiling '/home/pmlab_mover/Documents/ros2_ws/src/match-PM-match_pm_ProMOC_Assembly/install/promoc_assembly_interfaces/local/lib/python3.10/dist-packages/promoc_assembly_interfaces/srv/__init__.py'...
Compiling '/home/pmlab_mover/Documents/ros2_ws/src/match-PM-match_pm_ProMOC_Assembly/install/promoc_assembly_interfaces/local/lib/python3.10/dist-packages/promoc_assembly_interfaces/srv/_activate_xbots.py'...
Compiling '/home/pmlab_mover/Documents/ros2_ws/src/match-PM-match_pm_ProMOC_Assembly/install/promoc_assembly_interfaces/local/lib/python3.10/dist-packages/promoc_assembly_interfaces/srv/_arc_motion.py'...
Compiling '/home/pmlab_mover/Documents/ros2_ws/src/match-PM-match_pm_ProMOC_Assembly/install/promoc_assembly_interfaces/local/lib/python3.10/dist-packages/promoc_assembly_interfaces/srv/_levitation_xbots.py'...
Compiling '/home/pmlab_mover/Documents/ros2_ws/src/match-PM-match_pm_ProMOC_Assembly/install/promoc_assembly_interfaces/local/lib/python3.10/dist-packages/promoc_assembly_interfaces/srv/_linear_motion_si.py'...
Compiling '/home/pmlab_mover/Documents/ros2_ws/src/match-PM-match_pm_ProMOC_Assembly/install/promoc_assembly_interfaces/local/lib/python3.10/dist-packages/promoc_assembly_interfaces/srv/_six_dof_motion.py'...
-- Installing: /home/pmlab_mover/Documents/ros2_ws/src/match-PM-match_pm_ProMOC_Assembly/install/promoc_assembly_interfaces/local/lib/python3.10/dist-packages/promoc_assembly_interfaces/promoc_assembly_interfaces_s__rosidl_typesupport_fastrtps_c.cpython-310-x86_64-linux-gnu.so
-- Set runtime path of "/home/pmlab_mover/Documents/ros2_ws/src/match-PM-match_pm_ProMOC_Assembly/install/promoc_assembly_interfaces/local/lib/python3.10/dist-packages/promoc_assembly_interfaces/promoc_assembly_interfaces_s__rosidl_typesupport_fastrtps_c.cpython-310-x86_64-linux-gnu.so" to ""
-- Installing: /home/pmlab_mover/Documents/ros2_ws/src/match-PM-match_pm_ProMOC_Assembly/install/promoc_assembly_interfaces/local/lib/python3.10/dist-packages/promoc_assembly_interfaces/promoc_assembly_interfaces_s__rosidl_typesupport_introspection_c.cpython-310-x86_64-linux-gnu.so
-- Set runtime path of "/home/pmlab_mover/Documents/ros2_ws/src/match-PM-match_pm_ProMOC_Assembly/install/promoc_assembly_interfaces/local/lib/python3.10/dist-packages/promoc_assembly_interfaces/promoc_assembly_interfaces_s__rosidl_typesupport_introspection_c.cpython-310-x86_64-linux-gnu.so" to ""
-- Installing: /home/pmlab_mover/Documents/ros2_ws/src/match-PM-match_pm_ProMOC_Assembly/install/promoc_assembly_interfaces/local/lib/python3.10/dist-packages/promoc_assembly_interfaces/promoc_assembly_interfaces_s__rosidl_typesupport_c.cpython-310-x86_64-linux-gnu.so
-- Set runtime path of "/home/pmlab_mover/Documents/ros2_ws/src/match-PM-match_pm_ProMOC_Assembly/install/promoc_assembly_interfaces/local/lib/python3.10/dist-packages/promoc_assembly_interfaces/promoc_assembly_interfaces_s__rosidl_typesupport_c.cpython-310-x86_64-linux-gnu.so" to ""
-- Installing: /home/pmlab_mover/Documents/ros2_ws/src/match-PM-match_pm_ProMOC_Assembly/install/promoc_assembly_interfaces/lib/libpromoc_assembly_interfaces__rosidl_generator_py.so
-- Set runtime path of "/home/pmlab_mover/Documents/ros2_ws/src/match-PM-match_pm_ProMOC_Assembly/install/promoc_assembly_interfaces/lib/libpromoc_assembly_interfaces__rosidl_generator_py.so" to ""
-- Installing: /home/pmlab_mover/Documents/ros2_ws/src/match-PM-match_pm_ProMOC_Assembly/install/promoc_assembly_interfaces/share/promoc_assembly_interfaces/msg/Test.idl
-- Installing: /home/pmlab_mover/Documents/ros2_ws/src/match-PM-match_pm_ProMOC_Assembly/install/promoc_assembly_interfaces/share/promoc_assembly_interfaces/msg/XBotInfo.idl
-- Installing: /home/pmlab_mover/Documents/ros2_ws/src/match-PM-match_pm_ProMOC_Assembly/install/promoc_assembly_interfaces/share/promoc_assembly_interfaces/srv/ActivateXbots.idl
-- Installing: /home/pmlab_mover/Documents/ros2_ws/src/match-PM-match_pm_ProMOC_Assembly/install/promoc_assembly_interfaces/share/promoc_assembly_interfaces/srv/LevitationXbots.idl
-- Installing: /home/pmlab_mover/Documents/ros2_ws/src/match-PM-match_pm_ProMOC_Assembly/install/promoc_assembly_interfaces/share/promoc_assembly_interfaces/srv/LinearMotionSi.idl
-- Installing: /home/pmlab_mover/Documents/ros2_ws/src/match-PM-match_pm_ProMOC_Assembly/install/promoc_assembly_interfaces/share/promoc_assembly_interfaces/srv/SixDofMotion.idl
-- Installing: /home/pmlab_mover/Documents/ros2_ws/src/match-PM-match_pm_ProMOC_Assembly/install/promoc_assembly_interfaces/share/promoc_assembly_interfaces/srv/ArcMotion.idl
-- Installing: /home/pmlab_mover/Documents/ros2_ws/src/match-PM-match_pm_ProMOC_Assembly/install/promoc_assembly_interfaces/share/promoc_assembly_interfaces/test/Test.msg
-- Installing: /home/pmlab_mover/Documents/ros2_ws/src/match-PM-match_pm_ProMOC_Assembly/install/promoc_assembly_interfaces/share/promoc_assembly_interfaces/planar_motor/XBotInfo.msg
-- Installing: /home/pmlab_mover/Documents/ros2_ws/src/match-PM-match_pm_ProMOC_Assembly/install/promoc_assembly_interfaces/share/promoc_assembly_interfaces/planar_motor/ActivateXbots.srv
-- Installing: /home/pmlab_mover/Documents/ros2_ws/src/match-PM-match_pm_ProMOC_Assembly/install/promoc_assembly_interfaces/share/promoc_assembly_interfaces/planar_motor/ActivateXbots_Request.msg
-- Installing: /home/pmlab_mover/Documents/ros2_ws/src/match-PM-match_pm_ProMOC_Assembly/install/promoc_assembly_interfaces/share/promoc_assembly_interfaces/planar_motor/ActivateXbots_Response.msg
-- Installing: /home/pmlab_mover/Documents/ros2_ws/src/match-PM-match_pm_ProMOC_Assembly/install/promoc_assembly_interfaces/share/promoc_assembly_interfaces/planar_motor/LevitationXbots.srv
-- Installing: /home/pmlab_mover/Documents/ros2_ws/src/match-PM-match_pm_ProMOC_Assembly/install/promoc_assembly_interfaces/share/promoc_assembly_interfaces/planar_motor/LevitationXbots_Request.msg
-- Installing: /home/pmlab_mover/Documents/ros2_ws/src/match-PM-match_pm_ProMOC_Assembly/install/promoc_assembly_interfaces/share/promoc_assembly_interfaces/planar_motor/LevitationXbots_Response.msg
-- Installing: /home/pmlab_mover/Documents/ros2_ws/src/match-PM-match_pm_ProMOC_Assembly/install/promoc_assembly_interfaces/share/promoc_assembly_interfaces/planar_motor/LinearMotionSi.srv
-- Installing: /home/pmlab_mover/Documents/ros2_ws/src/match-PM-match_pm_ProMOC_Assembly/install/promoc_assembly_interfaces/share/promoc_assembly_interfaces/planar_motor/LinearMotionSi_Request.msg
-- Installing: /home/pmlab_mover/Documents/ros2_ws/src/match-PM-match_pm_ProMOC_Assembly/install/promoc_assembly_interfaces/share/promoc_assembly_interfaces/planar_motor/LinearMotionSi_Response.msg
-- Installing: /home/pmlab_mover/Documents/ros2_ws/src/match-PM-match_pm_ProMOC_Assembly/install/promoc_assembly_interfaces/share/promoc_assembly_interfaces/planar_motor/SixDofMotion.srv
-- Installing: /home/pmlab_mover/Documents/ros2_ws/src/match-PM-match_pm_ProMOC_Assembly/install/promoc_assembly_interfaces/share/promoc_assembly_interfaces/planar_motor/SixDofMotion_Request.msg
-- Installing: /home/pmlab_mover/Documents/ros2_ws/src/match-PM-match_pm_ProMOC_Assembly/install/promoc_assembly_interfaces/share/promoc_assembly_interfaces/planar_motor/SixDofMotion_Response.msg
-- Installing: /home/pmlab_mover/Documents/ros2_ws/src/match-PM-match_pm_ProMOC_Assembly/install/promoc_assembly_interfaces/share/promoc_assembly_interfaces/planar_motor/ArcMotion.srv
-- Installing: /home/pmlab_mover/Documents/ros2_ws/src/match-PM-match_pm_ProMOC_Assembly/install/promoc_assembly_interfaces/share/promoc_assembly_interfaces/planar_motor/ArcMotion_Request.msg
-- Installing: /home/pmlab_mover/Documents/ros2_ws/src/match-PM-match_pm_ProMOC_Assembly/install/promoc_assembly_interfaces/share/promoc_assembly_interfaces/planar_motor/ArcMotion_Response.msg
-- Installing: /home/pmlab_mover/Documents/ros2_ws/src/match-PM-match_pm_ProMOC_Assembly/install/promoc_assembly_interfaces/share/ament_index/resource_index/package_run_dependencies/promoc_assembly_interfaces
-- Installing: /home/pmlab_mover/Documents/ros2_ws/src/match-PM-match_pm_ProMOC_Assembly/install/promoc_assembly_interfaces/share/ament_index/resource_index/parent_prefix_path/promoc_assembly_interfaces
-- Installing: /home/pmlab_mover/Documents/ros2_ws/src/match-PM-match_pm_ProMOC_Assembly/install/promoc_assembly_interfaces/share/promoc_assembly_interfaces/environment/ament_prefix_path.sh
-- Installing: /home/pmlab_mover/Documents/ros2_ws/src/match-PM-match_pm_ProMOC_Assembly/install/promoc_assembly_interfaces/share/promoc_assembly_interfaces/environment/ament_prefix_path.dsv
-- Installing: /home/pmlab_mover/Documents/ros2_ws/src/match-PM-match_pm_ProMOC_Assembly/install/promoc_assembly_interfaces/share/promoc_assembly_interfaces/environment/path.sh
-- Installing: /home/pmlab_mover/Documents/ros2_ws/src/match-PM-match_pm_ProMOC_Assembly/install/promoc_assembly_interfaces/share/promoc_assembly_interfaces/environment/path.dsv
-- Installing: /home/pmlab_mover/Documents/ros2_ws/src/match-PM-match_pm_ProMOC_Assembly/install/promoc_assembly_interfaces/share/promoc_assembly_interfaces/local_setup.bash
-- Installing: /home/pmlab_mover/Documents/ros2_ws/src/match-PM-match_pm_ProMOC_Assembly/install/promoc_assembly_interfaces/share/promoc_assembly_interfaces/local_setup.sh
-- Installing: /home/pmlab_mover/Documents/ros2_ws/src/match-PM-match_pm_ProMOC_Assembly/install/promoc_assembly_interfaces/share/promoc_assembly_interfaces/local_setup.zsh
-- Installing: /home/pmlab_mover/Documents/ros2_ws/src/match-PM-match_pm_ProMOC_Assembly/install/promoc_assembly_interfaces/share/promoc_assembly_interfaces/local_setup.dsv
-- Installing: /home/pmlab_mover/Documents/ros2_ws/src/match-PM-match_pm_ProMOC_Assembly/install/promoc_assembly_interfaces/share/promoc_assembly_interfaces/package.dsv
-- Installing: /home/pmlab_mover/Documents/ros2_ws/src/match-PM-match_pm_ProMOC_Assembly/install/promoc_assembly_interfaces/share/ament_index/resource_index/packages/promoc_assembly_interfaces
-- Installing: /home/pmlab_mover/Documents/ros2_ws/src/match-PM-match_pm_ProMOC_Assembly/install/promoc_assembly_interfaces/share/promoc_assembly_interfaces/cmake/export_promoc_assembly_interfaces__rosidl_generator_cExport.cmake
-- Installing: /home/pmlab_mover/Documents/ros2_ws/src/match-PM-match_pm_ProMOC_Assembly/install/promoc_assembly_interfaces/share/promoc_assembly_interfaces/cmake/export_promoc_assembly_interfaces__rosidl_generator_cExport-noconfig.cmake
-- Installing: /home/pmlab_mover/Documents/ros2_ws/src/match-PM-match_pm_ProMOC_Assembly/install/promoc_assembly_interfaces/share/promoc_assembly_interfaces/cmake/export_promoc_assembly_interfaces__rosidl_typesupport_fastrtps_cExport.cmake
-- Installing: /home/pmlab_mover/Documents/ros2_ws/src/match-PM-match_pm_ProMOC_Assembly/install/promoc_assembly_interfaces/share/promoc_assembly_interfaces/cmake/export_promoc_assembly_interfaces__rosidl_typesupport_fastrtps_cExport-noconfig.cmake
-- Installing: /home/pmlab_mover/Documents/ros2_ws/src/match-PM-match_pm_ProMOC_Assembly/install/promoc_assembly_interfaces/share/promoc_assembly_interfaces/cmake/promoc_assembly_interfaces__rosidl_typesupport_introspection_cExport.cmake
-- Installing: /home/pmlab_mover/Documents/ros2_ws/src/match-PM-match_pm_ProMOC_Assembly/install/promoc_assembly_interfaces/share/promoc_assembly_interfaces/cmake/promoc_assembly_interfaces__rosidl_typesupport_introspection_cExport-noconfig.cmake
-- Installing: /home/pmlab_mover/Documents/ros2_ws/src/match-PM-match_pm_ProMOC_Assembly/install/promoc_assembly_interfaces/share/promoc_assembly_interfaces/cmake/promoc_assembly_interfaces__rosidl_typesupport_cExport.cmake
-- Installing: /home/pmlab_mover/Documents/ros2_ws/src/match-PM-match_pm_ProMOC_Assembly/install/promoc_assembly_interfaces/share/promoc_assembly_interfaces/cmake/promoc_assembly_interfaces__rosidl_typesupport_cExport-noconfig.cmake
-- Installing: /home/pmlab_mover/Documents/ros2_ws/src/match-PM-match_pm_ProMOC_Assembly/install/promoc_assembly_interfaces/share/promoc_assembly_interfaces/cmake/export_promoc_assembly_interfaces__rosidl_generator_cppExport.cmake
-- Installing: /home/pmlab_mover/Documents/ros2_ws/src/match-PM-match_pm_ProMOC_Assembly/install/promoc_assembly_interfaces/share/promoc_assembly_interfaces/cmake/export_promoc_assembly_interfaces__rosidl_typesupport_fastrtps_cppExport.cmake
-- Installing: /home/pmlab_mover/Documents/ros2_ws/src/match-PM-match_pm_ProMOC_Assembly/install/promoc_assembly_interfaces/share/promoc_assembly_interfaces/cmake/export_promoc_assembly_interfaces__rosidl_typesupport_fastrtps_cppExport-noconfig.cmake
-- Installing: /home/pmlab_mover/Documents/ros2_ws/src/match-PM-match_pm_ProMOC_Assembly/install/promoc_assembly_interfaces/share/promoc_assembly_interfaces/cmake/promoc_assembly_interfaces__rosidl_typesupport_introspection_cppExport.cmake
-- Installing: /home/pmlab_mover/Documents/ros2_ws/src/match-PM-match_pm_ProMOC_Assembly/install/promoc_assembly_interfaces/share/promoc_assembly_interfaces/cmake/promoc_assembly_interfaces__rosidl_typesupport_introspection_cppExport-noconfig.cmake
-- Installing: /home/pmlab_mover/Documents/ros2_ws/src/match-PM-match_pm_ProMOC_Assembly/install/promoc_assembly_interfaces/share/promoc_assembly_interfaces/cmake/promoc_assembly_interfaces__rosidl_typesupport_cppExport.cmake
-- Installing: /home/pmlab_mover/Documents/ros2_ws/src/match-PM-match_pm_ProMOC_Assembly/install/promoc_assembly_interfaces/share/promoc_assembly_interfaces/cmake/promoc_assembly_interfaces__rosidl_typesupport_cppExport-noconfig.cmake
-- Installing: /home/pmlab_mover/Documents/ros2_ws/src/match-PM-match_pm_ProMOC_Assembly/install/promoc_assembly_interfaces/share/promoc_assembly_interfaces/cmake/export_promoc_assembly_interfaces__rosidl_generator_pyExport.cmake
-- Installing: /home/pmlab_mover/Documents/ros2_ws/src/match-PM-match_pm_ProMOC_Assembly/install/promoc_assembly_interfaces/share/promoc_assembly_interfaces/cmake/export_promoc_assembly_interfaces__rosidl_generator_pyExport-noconfig.cmake
-- Installing: /home/pmlab_mover/Documents/ros2_ws/src/match-PM-match_pm_ProMOC_Assembly/install/promoc_assembly_interfaces/share/promoc_assembly_interfaces/cmake/rosidl_cmake-extras.cmake
-- Installing: /home/pmlab_mover/Documents/ros2_ws/src/match-PM-match_pm_ProMOC_Assembly/install/promoc_assembly_interfaces/share/promoc_assembly_interfaces/cmake/ament_cmake_export_include_directories-extras.cmake
-- Installing: /home/pmlab_mover/Documents/ros2_ws/src/match-PM-match_pm_ProMOC_Assembly/install/promoc_assembly_interfaces/share/promoc_assembly_interfaces/cmake/ament_cmake_export_libraries-extras.cmake
-- Installing: /home/pmlab_mover/Documents/ros2_ws/src/match-PM-match_pm_ProMOC_Assembly/install/promoc_assembly_interfaces/share/promoc_assembly_interfaces/cmake/ament_cmake_export_targets-extras.cmake
-- Installing: /home/pmlab_mover/Documents/ros2_ws/src/match-PM-match_pm_ProMOC_Assembly/install/promoc_assembly_interfaces/share/promoc_assembly_interfaces/cmake/rosidl_cmake_export_typesupport_targets-extras.cmake
-- Installing: /home/pmlab_mover/Documents/ros2_ws/src/match-PM-match_pm_ProMOC_Assembly/install/promoc_assembly_interfaces/share/promoc_assembly_interfaces/cmake/ament_cmake_export_dependencies-extras.cmake
-- Installing: /home/pmlab_mover/Documents/ros2_ws/src/match-PM-match_pm_ProMOC_Assembly/install/promoc_assembly_interfaces/share/promoc_assembly_interfaces/cmake/rosidl_cmake_export_typesupport_libraries-extras.cmake
-- Installing: /home/pmlab_mover/Documents/ros2_ws/src/match-PM-match_pm_ProMOC_Assembly/install/promoc_assembly_interfaces/share/promoc_assembly_interfaces/cmake/promoc_assembly_interfacesConfig.cmake
-- Installing: /home/pmlab_mover/Documents/ros2_ws/src/match-PM-match_pm_ProMOC_Assembly/install/promoc_assembly_interfaces/share/promoc_assembly_interfaces/cmake/promoc_assembly_interfacesConfig-version.cmake
-- Installing: /home/pmlab_mover/Documents/ros2_ws/src/match-PM-match_pm_ProMOC_Assembly/install/promoc_assembly_interfaces/share/promoc_assembly_interfaces/package.xml
