[0.007s] Invoking command in '/home/pmlab_mover/Documents/ros2_ws/src/match-PM-match_pm_ProMOC_Assembly/build/promoc_assembly_interfaces': CMAKE_PREFIX_PATH=${CMAKE_PREFIX_PATH}:/home/pmlab_mover/Documents/ros2_ws/install/ros_sequential_action_programmer:/home/pmlab_mover/Documents/ros2_ws/install/promoc_nodes:/opt/ros/humble /usr/bin/cmake /home/pmlab_mover/Documents/ros2_ws/src/match-PM-match_pm_ProMOC_Assembly/promoc_assembly_interfaces -DCMAKE_INSTALL_PREFIX=/home/pmlab_mover/Documents/ros2_ws/src/match-PM-match_pm_ProMOC_Assembly/install/promoc_assembly_interfaces
[0.045s] -- The C compiler identification is GNU 11.4.0
[0.082s] -- The CXX compiler identification is GNU 11.4.0
[0.087s] -- Detecting C compiler ABI info
[0.136s] -- Detecting C compiler ABI info - done
[0.142s] -- Check for working C compiler: /usr/bin/cc - skipped
[0.143s] -- Detecting C compile features
[0.143s] -- Detecting C compile features - done
[0.146s] -- Detecting CXX compiler ABI info
[0.202s] -- Detecting CXX compiler ABI info - done
[0.210s] -- Check for working CXX compiler: /usr/bin/c++ - skipped
[0.210s] -- Detecting CXX compile features
[0.211s] -- Detecting CXX compile features - done
[0.213s] -- Found ament_cmake: 1.3.11 (/opt/ros/humble/share/ament_cmake/cmake)
[0.318s] -- Found Python3: /usr/bin/python3 (found version "3.10.12") found components: Interpreter 
[0.389s] -- Found rosidl_default_generators: 1.2.0 (/opt/ros/humble/share/rosidl_default_generators/cmake)
[0.393s] -- Using all available rosidl_typesupport_c: rosidl_typesupport_fastrtps_c;rosidl_typesupport_introspection_c
[0.401s] -- Found rosidl_adapter: 3.1.6 (/opt/ros/humble/share/rosidl_adapter/cmake)
[0.432s] -- Using all available rosidl_typesupport_cpp: rosidl_typesupport_fastrtps_cpp;rosidl_typesupport_introspection_cpp
[0.648s] -- Found ament_cmake_ros: 0.10.0 (/opt/ros/humble/share/ament_cmake_ros/cmake)
[0.780s] -- Using all available rosidl_typesupport_c: rosidl_typesupport_fastrtps_c;rosidl_typesupport_introspection_c
[0.947s] -- Using all available rosidl_typesupport_cpp: rosidl_typesupport_fastrtps_cpp;rosidl_typesupport_introspection_cpp
[0.963s] -- Found PythonInterp: /usr/bin/python3 (found suitable version "3.10.12", minimum required is "3.6") 
[0.965s] -- Found python_cmake_module: 0.10.0 (/opt/ros/humble/share/python_cmake_module/cmake)
[0.984s] -- Found PythonLibs: /usr/lib/x86_64-linux-gnu/libpython3.10.so (found suitable version "3.10.12", minimum required is "3.5") 
[0.984s] -- Using PYTHON_EXECUTABLE: /usr/bin/python3
[0.984s] -- Using PYTHON_INCLUDE_DIRS: /usr/include/python3.10
[0.985s] -- Using PYTHON_LIBRARIES: /usr/lib/x86_64-linux-gnu/libpython3.10.so
[0.999s] -- Found PythonExtra: .so  
[1.031s] -- Configuring done
[1.067s] -- Generating done
[1.075s] -- Build files have been written to: /home/pmlab_mover/Documents/ros2_ws/src/match-PM-match_pm_ProMOC_Assembly/build/promoc_assembly_interfaces
[1.080s] Invoked command in '/home/pmlab_mover/Documents/ros2_ws/src/match-PM-match_pm_ProMOC_Assembly/build/promoc_assembly_interfaces' returned '0': CMAKE_PREFIX_PATH=${CMAKE_PREFIX_PATH}:/home/pmlab_mover/Documents/ros2_ws/install/ros_sequential_action_programmer:/home/pmlab_mover/Documents/ros2_ws/install/promoc_nodes:/opt/ros/humble /usr/bin/cmake /home/pmlab_mover/Documents/ros2_ws/src/match-PM-match_pm_ProMOC_Assembly/promoc_assembly_interfaces -DCMAKE_INSTALL_PREFIX=/home/pmlab_mover/Documents/ros2_ws/src/match-PM-match_pm_ProMOC_Assembly/install/promoc_assembly_interfaces
[1.081s] Invoking command in '/home/pmlab_mover/Documents/ros2_ws/src/match-PM-match_pm_ProMOC_Assembly/build/promoc_assembly_interfaces': CMAKE_PREFIX_PATH=${CMAKE_PREFIX_PATH}:/home/pmlab_mover/Documents/ros2_ws/install/ros_sequential_action_programmer:/home/pmlab_mover/Documents/ros2_ws/install/promoc_nodes:/opt/ros/humble /usr/bin/cmake --build /home/pmlab_mover/Documents/ros2_ws/src/match-PM-match_pm_ProMOC_Assembly/build/promoc_assembly_interfaces -- -j16 -l16
[1.110s] [  1%] [34m[1mGenerating C code for ROS interfaces[0m
[1.117s] [  2%] [34m[1mGenerating C++ code for ROS interfaces[0m
[1.122s] [  2%] Built target ament_cmake_python_copy_promoc_assembly_interfaces
[1.296s] running egg_info
[1.296s] creating promoc_assembly_interfaces.egg-info
[1.296s] writing promoc_assembly_interfaces.egg-info/PKG-INFO
[1.296s] writing dependency_links to promoc_assembly_interfaces.egg-info/dependency_links.txt
[1.297s] writing top-level names to promoc_assembly_interfaces.egg-info/top_level.txt
[1.297s] writing manifest file 'promoc_assembly_interfaces.egg-info/SOURCES.txt'
[1.298s] reading manifest file 'promoc_assembly_interfaces.egg-info/SOURCES.txt'
[1.298s] writing manifest file 'promoc_assembly_interfaces.egg-info/SOURCES.txt'
[1.314s] [  2%] Built target ament_cmake_python_build_promoc_assembly_interfaces_egg
[1.559s] [  2%] Built target promoc_assembly_interfaces__cpp
[1.561s] [  5%] [32mBuilding C object CMakeFiles/promoc_assembly_interfaces__rosidl_generator_c.dir/rosidl_generator_c/promoc_assembly_interfaces/msg/detail/x_bot_info__functions.c.o[0m
[1.561s] [  5%] [32mBuilding C object CMakeFiles/promoc_assembly_interfaces__rosidl_generator_c.dir/rosidl_generator_c/promoc_assembly_interfaces/msg/detail/test__functions.c.o[0m
[1.561s] [  6%] [32mBuilding C object CMakeFiles/promoc_assembly_interfaces__rosidl_generator_c.dir/rosidl_generator_c/promoc_assembly_interfaces/srv/detail/six_dof_motion__functions.c.o[0m
[1.561s] [ 11%] [32mBuilding C object CMakeFiles/promoc_assembly_interfaces__rosidl_generator_c.dir/rosidl_generator_c/promoc_assembly_interfaces/srv/detail/linear_motion_si__functions.c.o[0m
[1.561s] [ 11%] [32mBuilding C object CMakeFiles/promoc_assembly_interfaces__rosidl_generator_c.dir/rosidl_generator_c/promoc_assembly_interfaces/srv/detail/activate_xbots__functions.c.o[0m
[1.561s] [ 11%] [32mBuilding C object CMakeFiles/promoc_assembly_interfaces__rosidl_generator_c.dir/rosidl_generator_c/promoc_assembly_interfaces/srv/detail/levitation_xbots__functions.c.o[0m
[1.561s] [ 11%] [32mBuilding C object CMakeFiles/promoc_assembly_interfaces__rosidl_generator_c.dir/rosidl_generator_c/promoc_assembly_interfaces/srv/detail/arc_motion__functions.c.o[0m
[1.567s] [ 13%] [34m[1mGenerating C++ type support for eProsima Fast-RTPS[0m
[1.567s] [ 13%] [34m[1mGenerating C++ introspection for ROS interfaces[0m
[1.567s] [ 15%] [34m[1mGenerating C++ type support dispatch for ROS interfaces[0m
[1.610s] [ 16%] [32m[1mLinking C shared library libpromoc_assembly_interfaces__rosidl_generator_c.so[0m
[1.637s] [ 16%] Built target promoc_assembly_interfaces__rosidl_generator_c
[1.645s] [ 20%] [34m[1mGenerating C type support for eProsima Fast-RTPS[0m
[1.645s] [ 20%] [34m[1mGenerating C type support dispatch for ROS interfaces[0m
[1.645s] [ 20%] [34m[1mGenerating C introspection for ROS interfaces[0m
[1.872s] [ 21%] [32mBuilding CXX object CMakeFiles/promoc_assembly_interfaces__rosidl_typesupport_cpp.dir/rosidl_typesupport_cpp/promoc_assembly_interfaces/srv/levitation_xbots__type_support.cpp.o[0m
[1.872s] [ 22%] [32mBuilding CXX object CMakeFiles/promoc_assembly_interfaces__rosidl_typesupport_cpp.dir/rosidl_typesupport_cpp/promoc_assembly_interfaces/srv/six_dof_motion__type_support.cpp.o[0m
[1.872s] [ 24%] [32mBuilding CXX object CMakeFiles/promoc_assembly_interfaces__rosidl_typesupport_cpp.dir/rosidl_typesupport_cpp/promoc_assembly_interfaces/msg/test__type_support.cpp.o[0m
[1.874s] [ 25%] [32mBuilding CXX object CMakeFiles/promoc_assembly_interfaces__rosidl_typesupport_cpp.dir/rosidl_typesupport_cpp/promoc_assembly_interfaces/srv/activate_xbots__type_support.cpp.o[0m
[1.874s] [ 27%] [32mBuilding CXX object CMakeFiles/promoc_assembly_interfaces__rosidl_typesupport_cpp.dir/rosidl_typesupport_cpp/promoc_assembly_interfaces/srv/arc_motion__type_support.cpp.o[0m
[1.874s] [ 27%] [32mBuilding CXX object CMakeFiles/promoc_assembly_interfaces__rosidl_typesupport_cpp.dir/rosidl_typesupport_cpp/promoc_assembly_interfaces/msg/x_bot_info__type_support.cpp.o[0m
[1.874s] [ 29%] [32mBuilding CXX object CMakeFiles/promoc_assembly_interfaces__rosidl_typesupport_cpp.dir/rosidl_typesupport_cpp/promoc_assembly_interfaces/srv/linear_motion_si__type_support.cpp.o[0m
[1.973s] [ 35%] [32mBuilding CXX object CMakeFiles/promoc_assembly_interfaces__rosidl_typesupport_introspection_cpp.dir/rosidl_typesupport_introspection_cpp/promoc_assembly_interfaces/msg/detail/x_bot_info__type_support.cpp.o[0m
[1.974s] [ 35%] [32mBuilding CXX object CMakeFiles/promoc_assembly_interfaces__rosidl_typesupport_c.dir/rosidl_typesupport_c/promoc_assembly_interfaces/msg/test__type_support.cpp.o[0m
[1.974s] [ 35%] [32mBuilding CXX object CMakeFiles/promoc_assembly_interfaces__rosidl_typesupport_c.dir/rosidl_typesupport_c/promoc_assembly_interfaces/msg/x_bot_info__type_support.cpp.o[0m
[1.974s] [ 35%] [32mBuilding CXX object CMakeFiles/promoc_assembly_interfaces__rosidl_typesupport_c.dir/rosidl_typesupport_c/promoc_assembly_interfaces/srv/levitation_xbots__type_support.cpp.o[0m
[1.974s] [ 36%] [32mBuilding CXX object CMakeFiles/promoc_assembly_interfaces__rosidl_typesupport_c.dir/rosidl_typesupport_c/promoc_assembly_interfaces/srv/activate_xbots__type_support.cpp.o[0m
[1.974s] [ 35%] [32mBuilding CXX object CMakeFiles/promoc_assembly_interfaces__rosidl_typesupport_introspection_cpp.dir/rosidl_typesupport_introspection_cpp/promoc_assembly_interfaces/msg/detail/test__type_support.cpp.o[0m
[2.009s] [ 39%] [32mBuilding CXX object CMakeFiles/promoc_assembly_interfaces__rosidl_typesupport_introspection_cpp.dir/rosidl_typesupport_introspection_cpp/promoc_assembly_interfaces/srv/detail/levitation_xbots__type_support.cpp.o[0m
[2.009s] [ 39%] [32mBuilding CXX object CMakeFiles/promoc_assembly_interfaces__rosidl_typesupport_introspection_cpp.dir/rosidl_typesupport_introspection_cpp/promoc_assembly_interfaces/srv/detail/activate_xbots__type_support.cpp.o[0m
[2.014s] [ 40%] [32mBuilding CXX object CMakeFiles/promoc_assembly_interfaces__rosidl_typesupport_c.dir/rosidl_typesupport_c/promoc_assembly_interfaces/srv/linear_motion_si__type_support.cpp.o[0m
[2.014s] [ 41%] [32mBuilding CXX object CMakeFiles/promoc_assembly_interfaces__rosidl_typesupport_c.dir/rosidl_typesupport_c/promoc_assembly_interfaces/srv/six_dof_motion__type_support.cpp.o[0m
[2.059s] [ 43%] [32mBuilding CXX object CMakeFiles/promoc_assembly_interfaces__rosidl_typesupport_c.dir/rosidl_typesupport_c/promoc_assembly_interfaces/srv/arc_motion__type_support.cpp.o[0m
[2.096s] [ 44%] [32mBuilding CXX object CMakeFiles/promoc_assembly_interfaces__rosidl_typesupport_fastrtps_cpp.dir/rosidl_typesupport_fastrtps_cpp/promoc_assembly_interfaces/msg/detail/dds_fastrtps/test__type_support.cpp.o[0m
[2.100s] [ 45%] [32m[1mLinking CXX shared library libpromoc_assembly_interfaces__rosidl_typesupport_c.so[0m
[2.113s] [ 46%] [32mBuilding CXX object CMakeFiles/promoc_assembly_interfaces__rosidl_typesupport_introspection_cpp.dir/rosidl_typesupport_introspection_cpp/promoc_assembly_interfaces/srv/detail/linear_motion_si__type_support.cpp.o[0m
[2.151s] [ 48%] [32mBuilding CXX object CMakeFiles/promoc_assembly_interfaces__rosidl_typesupport_introspection_cpp.dir/rosidl_typesupport_introspection_cpp/promoc_assembly_interfaces/srv/detail/six_dof_motion__type_support.cpp.o[0m
[2.153s] [ 49%] [32mBuilding CXX object CMakeFiles/promoc_assembly_interfaces__rosidl_typesupport_introspection_cpp.dir/rosidl_typesupport_introspection_cpp/promoc_assembly_interfaces/srv/detail/arc_motion__type_support.cpp.o[0m
[2.156s] [ 50%] [32mBuilding CXX object CMakeFiles/promoc_assembly_interfaces__rosidl_typesupport_fastrtps_cpp.dir/rosidl_typesupport_fastrtps_cpp/promoc_assembly_interfaces/msg/detail/dds_fastrtps/x_bot_info__type_support.cpp.o[0m
[2.158s] [ 50%] Built target promoc_assembly_interfaces__rosidl_typesupport_c
[2.167s] [ 51%] [32mBuilding CXX object CMakeFiles/promoc_assembly_interfaces__rosidl_typesupport_fastrtps_cpp.dir/rosidl_typesupport_fastrtps_cpp/promoc_assembly_interfaces/srv/detail/dds_fastrtps/activate_xbots__type_support.cpp.o[0m
[2.172s] [ 53%] [32mBuilding CXX object CMakeFiles/promoc_assembly_interfaces__rosidl_typesupport_fastrtps_cpp.dir/rosidl_typesupport_fastrtps_cpp/promoc_assembly_interfaces/srv/detail/dds_fastrtps/levitation_xbots__type_support.cpp.o[0m
[2.172s] [ 54%] [32mBuilding CXX object CMakeFiles/promoc_assembly_interfaces__rosidl_typesupport_fastrtps_cpp.dir/rosidl_typesupport_fastrtps_cpp/promoc_assembly_interfaces/srv/detail/dds_fastrtps/six_dof_motion__type_support.cpp.o[0m
[2.173s] [ 55%] [32mBuilding CXX object CMakeFiles/promoc_assembly_interfaces__rosidl_typesupport_fastrtps_cpp.dir/rosidl_typesupport_fastrtps_cpp/promoc_assembly_interfaces/srv/detail/dds_fastrtps/linear_motion_si__type_support.cpp.o[0m
[2.174s] [ 56%] [32mBuilding C object CMakeFiles/promoc_assembly_interfaces__rosidl_typesupport_introspection_c.dir/rosidl_typesupport_introspection_c/promoc_assembly_interfaces/msg/detail/test__type_support.c.o[0m
[2.174s] [ 58%] [32m[1mLinking CXX shared library libpromoc_assembly_interfaces__rosidl_typesupport_cpp.so[0m
[2.190s] [ 59%] [32mBuilding CXX object CMakeFiles/promoc_assembly_interfaces__rosidl_typesupport_fastrtps_c.dir/rosidl_typesupport_fastrtps_c/promoc_assembly_interfaces/msg/detail/test__type_support_c.cpp.o[0m
[2.219s] [ 60%] [32mBuilding C object CMakeFiles/promoc_assembly_interfaces__rosidl_typesupport_introspection_c.dir/rosidl_typesupport_introspection_c/promoc_assembly_interfaces/msg/detail/x_bot_info__type_support.c.o[0m
[2.239s] [ 60%] Built target promoc_assembly_interfaces__rosidl_typesupport_cpp
[2.250s] [ 62%] [32mBuilding C object CMakeFiles/promoc_assembly_interfaces__rosidl_typesupport_introspection_c.dir/rosidl_typesupport_introspection_c/promoc_assembly_interfaces/srv/detail/activate_xbots__type_support.c.o[0m
[2.266s] [ 63%] [32mBuilding CXX object CMakeFiles/promoc_assembly_interfaces__rosidl_typesupport_fastrtps_cpp.dir/rosidl_typesupport_fastrtps_cpp/promoc_assembly_interfaces/srv/detail/dds_fastrtps/arc_motion__type_support.cpp.o[0m
[2.297s] [ 64%] [32mBuilding C object CMakeFiles/promoc_assembly_interfaces__rosidl_typesupport_introspection_c.dir/rosidl_typesupport_introspection_c/promoc_assembly_interfaces/srv/detail/levitation_xbots__type_support.c.o[0m
[2.343s] [ 65%] [32mBuilding C object CMakeFiles/promoc_assembly_interfaces__rosidl_typesupport_introspection_c.dir/rosidl_typesupport_introspection_c/promoc_assembly_interfaces/srv/detail/linear_motion_si__type_support.c.o[0m
[2.390s] [ 67%] [32mBuilding C object CMakeFiles/promoc_assembly_interfaces__rosidl_typesupport_introspection_c.dir/rosidl_typesupport_introspection_c/promoc_assembly_interfaces/srv/detail/six_dof_motion__type_support.c.o[0m
[2.395s] [ 68%] [32mBuilding C object CMakeFiles/promoc_assembly_interfaces__rosidl_typesupport_introspection_c.dir/rosidl_typesupport_introspection_c/promoc_assembly_interfaces/srv/detail/arc_motion__type_support.c.o[0m
[2.398s] [ 69%] [32mBuilding CXX object CMakeFiles/promoc_assembly_interfaces__rosidl_typesupport_fastrtps_c.dir/rosidl_typesupport_fastrtps_c/promoc_assembly_interfaces/msg/detail/x_bot_info__type_support_c.cpp.o[0m
[2.429s] [ 70%] [32mBuilding CXX object CMakeFiles/promoc_assembly_interfaces__rosidl_typesupport_fastrtps_c.dir/rosidl_typesupport_fastrtps_c/promoc_assembly_interfaces/srv/detail/activate_xbots__type_support_c.cpp.o[0m
[2.435s] [ 72%] [32mBuilding CXX object CMakeFiles/promoc_assembly_interfaces__rosidl_typesupport_fastrtps_c.dir/rosidl_typesupport_fastrtps_c/promoc_assembly_interfaces/srv/detail/levitation_xbots__type_support_c.cpp.o[0m
[2.437s] [ 73%] [32mBuilding CXX object CMakeFiles/promoc_assembly_interfaces__rosidl_typesupport_fastrtps_c.dir/rosidl_typesupport_fastrtps_c/promoc_assembly_interfaces/srv/detail/linear_motion_si__type_support_c.cpp.o[0m
[2.440s] [ 74%] [32m[1mLinking C shared library libpromoc_assembly_interfaces__rosidl_typesupport_introspection_c.so[0m
[2.495s] [ 74%] Built target promoc_assembly_interfaces__rosidl_typesupport_introspection_c
[2.509s] [ 75%] [32mBuilding CXX object CMakeFiles/promoc_assembly_interfaces__rosidl_typesupport_fastrtps_c.dir/rosidl_typesupport_fastrtps_c/promoc_assembly_interfaces/srv/detail/six_dof_motion__type_support_c.cpp.o[0m
[2.540s] [ 77%] [32mBuilding CXX object CMakeFiles/promoc_assembly_interfaces__rosidl_typesupport_fastrtps_c.dir/rosidl_typesupport_fastrtps_c/promoc_assembly_interfaces/srv/detail/arc_motion__type_support_c.cpp.o[0m
[2.596s] [ 78%] [32m[1mLinking CXX shared library libpromoc_assembly_interfaces__rosidl_typesupport_introspection_cpp.so[0m
[2.647s] [ 78%] Built target promoc_assembly_interfaces__rosidl_typesupport_introspection_cpp
[2.719s] [ 79%] [32m[1mLinking CXX shared library libpromoc_assembly_interfaces__rosidl_typesupport_fastrtps_cpp.so[0m
[2.772s] [ 79%] Built target promoc_assembly_interfaces__rosidl_typesupport_fastrtps_cpp
[2.824s] [ 81%] [32m[1mLinking CXX shared library libpromoc_assembly_interfaces__rosidl_typesupport_fastrtps_c.so[0m
[2.873s] [ 81%] Built target promoc_assembly_interfaces__rosidl_typesupport_fastrtps_c
[2.886s] [ 81%] Built target promoc_assembly_interfaces
[2.900s] [ 82%] [34m[1mGenerating Python code for ROS interfaces[0m
[3.610s] [ 82%] Built target promoc_assembly_interfaces__py
[3.625s] [ 86%] [32mBuilding C object CMakeFiles/promoc_assembly_interfaces__rosidl_generator_py.dir/rosidl_generator_py/promoc_assembly_interfaces/msg/_test_s.c.o[0m
[3.625s] [ 86%] [32mBuilding C object CMakeFiles/promoc_assembly_interfaces__rosidl_generator_py.dir/rosidl_generator_py/promoc_assembly_interfaces/msg/_x_bot_info_s.c.o[0m
[3.625s] [ 86%] [32mBuilding C object CMakeFiles/promoc_assembly_interfaces__rosidl_generator_py.dir/rosidl_generator_py/promoc_assembly_interfaces/srv/_activate_xbots_s.c.o[0m
[3.625s] [ 87%] [32mBuilding C object CMakeFiles/promoc_assembly_interfaces__rosidl_generator_py.dir/rosidl_generator_py/promoc_assembly_interfaces/srv/_levitation_xbots_s.c.o[0m
[3.626s] [ 88%] [32mBuilding C object CMakeFiles/promoc_assembly_interfaces__rosidl_generator_py.dir/rosidl_generator_py/promoc_assembly_interfaces/srv/_linear_motion_si_s.c.o[0m
[3.626s] [ 89%] [32mBuilding C object CMakeFiles/promoc_assembly_interfaces__rosidl_generator_py.dir/rosidl_generator_py/promoc_assembly_interfaces/srv/_six_dof_motion_s.c.o[0m
[3.626s] [ 91%] [32mBuilding C object CMakeFiles/promoc_assembly_interfaces__rosidl_generator_py.dir/rosidl_generator_py/promoc_assembly_interfaces/srv/_arc_motion_s.c.o[0m
[3.700s] [ 92%] [32m[1mLinking C shared library rosidl_generator_py/promoc_assembly_interfaces/libpromoc_assembly_interfaces__rosidl_generator_py.so[0m
[3.728s] [ 92%] Built target promoc_assembly_interfaces__rosidl_generator_py
[3.741s] [ 96%] [32mBuilding C object CMakeFiles/promoc_assembly_interfaces__rosidl_typesupport_fastrtps_c__pyext.dir/rosidl_generator_py/promoc_assembly_interfaces/_promoc_assembly_interfaces_s.ep.rosidl_typesupport_fastrtps_c.c.o[0m
[3.741s] [ 96%] [32mBuilding C object CMakeFiles/promoc_assembly_interfaces__rosidl_typesupport_introspection_c__pyext.dir/rosidl_generator_py/promoc_assembly_interfaces/_promoc_assembly_interfaces_s.ep.rosidl_typesupport_introspection_c.c.o[0m
[3.742s] [ 96%] [32mBuilding C object CMakeFiles/promoc_assembly_interfaces__rosidl_typesupport_c__pyext.dir/rosidl_generator_py/promoc_assembly_interfaces/_promoc_assembly_interfaces_s.ep.rosidl_typesupport_c.c.o[0m
[3.822s] [ 98%] [32m[1mLinking C shared library rosidl_generator_py/promoc_assembly_interfaces/promoc_assembly_interfaces_s__rosidl_typesupport_c.cpython-310-x86_64-linux-gnu.so[0m
[3.822s] [ 98%] [32m[1mLinking C shared library rosidl_generator_py/promoc_assembly_interfaces/promoc_assembly_interfaces_s__rosidl_typesupport_introspection_c.cpython-310-x86_64-linux-gnu.so[0m
[3.824s] [100%] [32m[1mLinking C shared library rosidl_generator_py/promoc_assembly_interfaces/promoc_assembly_interfaces_s__rosidl_typesupport_fastrtps_c.cpython-310-x86_64-linux-gnu.so[0m
[3.845s] [100%] Built target promoc_assembly_interfaces__rosidl_typesupport_c__pyext
[3.846s] [100%] Built target promoc_assembly_interfaces__rosidl_typesupport_introspection_c__pyext
[3.848s] [100%] Built target promoc_assembly_interfaces__rosidl_typesupport_fastrtps_c__pyext
[3.857s] Invoked command in '/home/pmlab_mover/Documents/ros2_ws/src/match-PM-match_pm_ProMOC_Assembly/build/promoc_assembly_interfaces' returned '0': CMAKE_PREFIX_PATH=${CMAKE_PREFIX_PATH}:/home/pmlab_mover/Documents/ros2_ws/install/ros_sequential_action_programmer:/home/pmlab_mover/Documents/ros2_ws/install/promoc_nodes:/opt/ros/humble /usr/bin/cmake --build /home/pmlab_mover/Documents/ros2_ws/src/match-PM-match_pm_ProMOC_Assembly/build/promoc_assembly_interfaces -- -j16 -l16
[3.864s] Invoking command in '/home/pmlab_mover/Documents/ros2_ws/src/match-PM-match_pm_ProMOC_Assembly/build/promoc_assembly_interfaces': CMAKE_PREFIX_PATH=${CMAKE_PREFIX_PATH}:/home/pmlab_mover/Documents/ros2_ws/install/ros_sequential_action_programmer:/home/pmlab_mover/Documents/ros2_ws/install/promoc_nodes:/opt/ros/humble /usr/bin/cmake --install /home/pmlab_mover/Documents/ros2_ws/src/match-PM-match_pm_ProMOC_Assembly/build/promoc_assembly_interfaces
[3.869s] -- Install configuration: ""
[3.870s] -- Installing: /home/pmlab_mover/Documents/ros2_ws/src/match-PM-match_pm_ProMOC_Assembly/install/promoc_assembly_interfaces/share/ament_index/resource_index/rosidl_interfaces/promoc_assembly_interfaces
[3.870s] -- Installing: /home/pmlab_mover/Documents/ros2_ws/src/match-PM-match_pm_ProMOC_Assembly/install/promoc_assembly_interfaces/include/promoc_assembly_interfaces/promoc_assembly_interfaces
[3.870s] -- Installing: /home/pmlab_mover/Documents/ros2_ws/src/match-PM-match_pm_ProMOC_Assembly/install/promoc_assembly_interfaces/include/promoc_assembly_interfaces/promoc_assembly_interfaces/srv
[3.870s] -- Installing: /home/pmlab_mover/Documents/ros2_ws/src/match-PM-match_pm_ProMOC_Assembly/install/promoc_assembly_interfaces/include/promoc_assembly_interfaces/promoc_assembly_interfaces/srv/arc_motion.h
[3.870s] -- Installing: /home/pmlab_mover/Documents/ros2_ws/src/match-PM-match_pm_ProMOC_Assembly/install/promoc_assembly_interfaces/include/promoc_assembly_interfaces/promoc_assembly_interfaces/srv/activate_xbots.h
[3.870s] -- Installing: /home/pmlab_mover/Documents/ros2_ws/src/match-PM-match_pm_ProMOC_Assembly/install/promoc_assembly_interfaces/include/promoc_assembly_interfaces/promoc_assembly_interfaces/srv/six_dof_motion.h
[3.870s] -- Installing: /home/pmlab_mover/Documents/ros2_ws/src/match-PM-match_pm_ProMOC_Assembly/install/promoc_assembly_interfaces/include/promoc_assembly_interfaces/promoc_assembly_interfaces/srv/detail
[3.870s] -- Installing: /home/pmlab_mover/Documents/ros2_ws/src/match-PM-match_pm_ProMOC_Assembly/install/promoc_assembly_interfaces/include/promoc_assembly_interfaces/promoc_assembly_interfaces/srv/detail/arc_motion__type_support.h
[3.870s] -- Installing: /home/pmlab_mover/Documents/ros2_ws/src/match-PM-match_pm_ProMOC_Assembly/install/promoc_assembly_interfaces/include/promoc_assembly_interfaces/promoc_assembly_interfaces/srv/detail/six_dof_motion__functions.c
[3.870s] -- Installing: /home/pmlab_mover/Documents/ros2_ws/src/match-PM-match_pm_ProMOC_Assembly/install/promoc_assembly_interfaces/include/promoc_assembly_interfaces/promoc_assembly_interfaces/srv/detail/linear_motion_si__type_support.h
[3.871s] -- Installing: /home/pmlab_mover/Documents/ros2_ws/src/match-PM-match_pm_ProMOC_Assembly/install/promoc_assembly_interfaces/include/promoc_assembly_interfaces/promoc_assembly_interfaces/srv/detail/activate_xbots__struct.h
[3.871s] -- Installing: /home/pmlab_mover/Documents/ros2_ws/src/match-PM-match_pm_ProMOC_Assembly/install/promoc_assembly_interfaces/include/promoc_assembly_interfaces/promoc_assembly_interfaces/srv/detail/levitation_xbots__struct.h
[3.871s] -- Installing: /home/pmlab_mover/Documents/ros2_ws/src/match-PM-match_pm_ProMOC_Assembly/install/promoc_assembly_interfaces/include/promoc_assembly_interfaces/promoc_assembly_interfaces/srv/detail/levitation_xbots__functions.c
[3.871s] -- Installing: /home/pmlab_mover/Documents/ros2_ws/src/match-PM-match_pm_ProMOC_Assembly/install/promoc_assembly_interfaces/include/promoc_assembly_interfaces/promoc_assembly_interfaces/srv/detail/levitation_xbots__type_support.h
[3.871s] -- Installing: /home/pmlab_mover/Documents/ros2_ws/src/match-PM-match_pm_ProMOC_Assembly/install/promoc_assembly_interfaces/include/promoc_assembly_interfaces/promoc_assembly_interfaces/srv/detail/six_dof_motion__type_support.h
[3.871s] -- Installing: /home/pmlab_mover/Documents/ros2_ws/src/match-PM-match_pm_ProMOC_Assembly/install/promoc_assembly_interfaces/include/promoc_assembly_interfaces/promoc_assembly_interfaces/srv/detail/arc_motion__functions.h
[3.871s] -- Installing: /home/pmlab_mover/Documents/ros2_ws/src/match-PM-match_pm_ProMOC_Assembly/install/promoc_assembly_interfaces/include/promoc_assembly_interfaces/promoc_assembly_interfaces/srv/detail/six_dof_motion__struct.h
[3.871s] -- Installing: /home/pmlab_mover/Documents/ros2_ws/src/match-PM-match_pm_ProMOC_Assembly/install/promoc_assembly_interfaces/include/promoc_assembly_interfaces/promoc_assembly_interfaces/srv/detail/arc_motion__functions.c
[3.871s] -- Installing: /home/pmlab_mover/Documents/ros2_ws/src/match-PM-match_pm_ProMOC_Assembly/install/promoc_assembly_interfaces/include/promoc_assembly_interfaces/promoc_assembly_interfaces/srv/detail/arc_motion__struct.h
[3.872s] -- Installing: /home/pmlab_mover/Documents/ros2_ws/src/match-PM-match_pm_ProMOC_Assembly/install/promoc_assembly_interfaces/include/promoc_assembly_interfaces/promoc_assembly_interfaces/srv/detail/levitation_xbots__functions.h
[3.872s] -- Installing: /home/pmlab_mover/Documents/ros2_ws/src/match-PM-match_pm_ProMOC_Assembly/install/promoc_assembly_interfaces/include/promoc_assembly_interfaces/promoc_assembly_interfaces/srv/detail/linear_motion_si__struct.h
[3.872s] -- Installing: /home/pmlab_mover/Documents/ros2_ws/src/match-PM-match_pm_ProMOC_Assembly/install/promoc_assembly_interfaces/include/promoc_assembly_interfaces/promoc_assembly_interfaces/srv/detail/activate_xbots__functions.c
[3.872s] -- Installing: /home/pmlab_mover/Documents/ros2_ws/src/match-PM-match_pm_ProMOC_Assembly/install/promoc_assembly_interfaces/include/promoc_assembly_interfaces/promoc_assembly_interfaces/srv/detail/six_dof_motion__functions.h
[3.872s] -- Installing: /home/pmlab_mover/Documents/ros2_ws/src/match-PM-match_pm_ProMOC_Assembly/install/promoc_assembly_interfaces/include/promoc_assembly_interfaces/promoc_assembly_interfaces/srv/detail/linear_motion_si__functions.c
[3.872s] -- Installing: /home/pmlab_mover/Documents/ros2_ws/src/match-PM-match_pm_ProMOC_Assembly/install/promoc_assembly_interfaces/include/promoc_assembly_interfaces/promoc_assembly_interfaces/srv/detail/activate_xbots__type_support.h
[3.872s] -- Installing: /home/pmlab_mover/Documents/ros2_ws/src/match-PM-match_pm_ProMOC_Assembly/install/promoc_assembly_interfaces/include/promoc_assembly_interfaces/promoc_assembly_interfaces/srv/detail/activate_xbots__functions.h
[3.872s] -- Installing: /home/pmlab_mover/Documents/ros2_ws/src/match-PM-match_pm_ProMOC_Assembly/install/promoc_assembly_interfaces/include/promoc_assembly_interfaces/promoc_assembly_interfaces/srv/detail/linear_motion_si__functions.h
[3.872s] -- Installing: /home/pmlab_mover/Documents/ros2_ws/src/match-PM-match_pm_ProMOC_Assembly/install/promoc_assembly_interfaces/include/promoc_assembly_interfaces/promoc_assembly_interfaces/srv/linear_motion_si.h
[3.872s] -- Installing: /home/pmlab_mover/Documents/ros2_ws/src/match-PM-match_pm_ProMOC_Assembly/install/promoc_assembly_interfaces/include/promoc_assembly_interfaces/promoc_assembly_interfaces/srv/levitation_xbots.h
[3.873s] -- Installing: /home/pmlab_mover/Documents/ros2_ws/src/match-PM-match_pm_ProMOC_Assembly/install/promoc_assembly_interfaces/include/promoc_assembly_interfaces/promoc_assembly_interfaces/msg
[3.873s] -- Installing: /home/pmlab_mover/Documents/ros2_ws/src/match-PM-match_pm_ProMOC_Assembly/install/promoc_assembly_interfaces/include/promoc_assembly_interfaces/promoc_assembly_interfaces/msg/x_bot_info.h
[3.873s] -- Installing: /home/pmlab_mover/Documents/ros2_ws/src/match-PM-match_pm_ProMOC_Assembly/install/promoc_assembly_interfaces/include/promoc_assembly_interfaces/promoc_assembly_interfaces/msg/rosidl_generator_c__visibility_control.h
[3.873s] -- Installing: /home/pmlab_mover/Documents/ros2_ws/src/match-PM-match_pm_ProMOC_Assembly/install/promoc_assembly_interfaces/include/promoc_assembly_interfaces/promoc_assembly_interfaces/msg/detail
[3.873s] -- Installing: /home/pmlab_mover/Documents/ros2_ws/src/match-PM-match_pm_ProMOC_Assembly/install/promoc_assembly_interfaces/include/promoc_assembly_interfaces/promoc_assembly_interfaces/msg/detail/x_bot_info__struct.h
[3.873s] -- Installing: /home/pmlab_mover/Documents/ros2_ws/src/match-PM-match_pm_ProMOC_Assembly/install/promoc_assembly_interfaces/include/promoc_assembly_interfaces/promoc_assembly_interfaces/msg/detail/x_bot_info__functions.c
[3.873s] -- Installing: /home/pmlab_mover/Documents/ros2_ws/src/match-PM-match_pm_ProMOC_Assembly/install/promoc_assembly_interfaces/include/promoc_assembly_interfaces/promoc_assembly_interfaces/msg/detail/x_bot_info__functions.h
[3.873s] -- Installing: /home/pmlab_mover/Documents/ros2_ws/src/match-PM-match_pm_ProMOC_Assembly/install/promoc_assembly_interfaces/include/promoc_assembly_interfaces/promoc_assembly_interfaces/msg/detail/test__struct.h
[3.873s] -- Installing: /home/pmlab_mover/Documents/ros2_ws/src/match-PM-match_pm_ProMOC_Assembly/install/promoc_assembly_interfaces/include/promoc_assembly_interfaces/promoc_assembly_interfaces/msg/detail/x_bot_info__type_support.h
[3.873s] -- Installing: /home/pmlab_mover/Documents/ros2_ws/src/match-PM-match_pm_ProMOC_Assembly/install/promoc_assembly_interfaces/include/promoc_assembly_interfaces/promoc_assembly_interfaces/msg/detail/test__functions.h
[3.874s] -- Installing: /home/pmlab_mover/Documents/ros2_ws/src/match-PM-match_pm_ProMOC_Assembly/install/promoc_assembly_interfaces/include/promoc_assembly_interfaces/promoc_assembly_interfaces/msg/detail/test__functions.c
[3.874s] -- Installing: /home/pmlab_mover/Documents/ros2_ws/src/match-PM-match_pm_ProMOC_Assembly/install/promoc_assembly_interfaces/include/promoc_assembly_interfaces/promoc_assembly_interfaces/msg/detail/test__type_support.h
[3.874s] -- Installing: /home/pmlab_mover/Documents/ros2_ws/src/match-PM-match_pm_ProMOC_Assembly/install/promoc_assembly_interfaces/include/promoc_assembly_interfaces/promoc_assembly_interfaces/msg/test.h
[3.874s] -- Installing: /home/pmlab_mover/Documents/ros2_ws/src/match-PM-match_pm_ProMOC_Assembly/install/promoc_assembly_interfaces/share/promoc_assembly_interfaces/environment/library_path.sh
[3.874s] -- Installing: /home/pmlab_mover/Documents/ros2_ws/src/match-PM-match_pm_ProMOC_Assembly/install/promoc_assembly_interfaces/share/promoc_assembly_interfaces/environment/library_path.dsv
[3.874s] -- Installing: /home/pmlab_mover/Documents/ros2_ws/src/match-PM-match_pm_ProMOC_Assembly/install/promoc_assembly_interfaces/lib/libpromoc_assembly_interfaces__rosidl_generator_c.so
[3.875s] -- Set runtime path of "/home/pmlab_mover/Documents/ros2_ws/src/match-PM-match_pm_ProMOC_Assembly/install/promoc_assembly_interfaces/lib/libpromoc_assembly_interfaces__rosidl_generator_c.so" to ""
[3.875s] -- Up-to-date: /home/pmlab_mover/Documents/ros2_ws/src/match-PM-match_pm_ProMOC_Assembly/install/promoc_assembly_interfaces/include/promoc_assembly_interfaces/promoc_assembly_interfaces
[3.875s] -- Up-to-date: /home/pmlab_mover/Documents/ros2_ws/src/match-PM-match_pm_ProMOC_Assembly/install/promoc_assembly_interfaces/include/promoc_assembly_interfaces/promoc_assembly_interfaces/srv
[3.875s] -- Up-to-date: /home/pmlab_mover/Documents/ros2_ws/src/match-PM-match_pm_ProMOC_Assembly/install/promoc_assembly_interfaces/include/promoc_assembly_interfaces/promoc_assembly_interfaces/srv/detail
[3.875s] -- Installing: /home/pmlab_mover/Documents/ros2_ws/src/match-PM-match_pm_ProMOC_Assembly/install/promoc_assembly_interfaces/include/promoc_assembly_interfaces/promoc_assembly_interfaces/srv/detail/six_dof_motion__rosidl_typesupport_fastrtps_c.h
[3.875s] -- Installing: /home/pmlab_mover/Documents/ros2_ws/src/match-PM-match_pm_ProMOC_Assembly/install/promoc_assembly_interfaces/include/promoc_assembly_interfaces/promoc_assembly_interfaces/srv/detail/linear_motion_si__rosidl_typesupport_fastrtps_c.h
[3.875s] -- Installing: /home/pmlab_mover/Documents/ros2_ws/src/match-PM-match_pm_ProMOC_Assembly/install/promoc_assembly_interfaces/include/promoc_assembly_interfaces/promoc_assembly_interfaces/srv/detail/levitation_xbots__rosidl_typesupport_fastrtps_c.h
[3.875s] -- Installing: /home/pmlab_mover/Documents/ros2_ws/src/match-PM-match_pm_ProMOC_Assembly/install/promoc_assembly_interfaces/include/promoc_assembly_interfaces/promoc_assembly_interfaces/srv/detail/activate_xbots__rosidl_typesupport_fastrtps_c.h
[3.875s] -- Installing: /home/pmlab_mover/Documents/ros2_ws/src/match-PM-match_pm_ProMOC_Assembly/install/promoc_assembly_interfaces/include/promoc_assembly_interfaces/promoc_assembly_interfaces/srv/detail/arc_motion__rosidl_typesupport_fastrtps_c.h
[3.875s] -- Up-to-date: /home/pmlab_mover/Documents/ros2_ws/src/match-PM-match_pm_ProMOC_Assembly/install/promoc_assembly_interfaces/include/promoc_assembly_interfaces/promoc_assembly_interfaces/msg
[3.875s] -- Installing: /home/pmlab_mover/Documents/ros2_ws/src/match-PM-match_pm_ProMOC_Assembly/install/promoc_assembly_interfaces/include/promoc_assembly_interfaces/promoc_assembly_interfaces/msg/rosidl_typesupport_fastrtps_c__visibility_control.h
[3.875s] -- Up-to-date: /home/pmlab_mover/Documents/ros2_ws/src/match-PM-match_pm_ProMOC_Assembly/install/promoc_assembly_interfaces/include/promoc_assembly_interfaces/promoc_assembly_interfaces/msg/detail
[3.875s] -- Installing: /home/pmlab_mover/Documents/ros2_ws/src/match-PM-match_pm_ProMOC_Assembly/install/promoc_assembly_interfaces/include/promoc_assembly_interfaces/promoc_assembly_interfaces/msg/detail/test__rosidl_typesupport_fastrtps_c.h
[3.876s] -- Installing: /home/pmlab_mover/Documents/ros2_ws/src/match-PM-match_pm_ProMOC_Assembly/install/promoc_assembly_interfaces/include/promoc_assembly_interfaces/promoc_assembly_interfaces/msg/detail/x_bot_info__rosidl_typesupport_fastrtps_c.h
[3.876s] -- Installing: /home/pmlab_mover/Documents/ros2_ws/src/match-PM-match_pm_ProMOC_Assembly/install/promoc_assembly_interfaces/lib/libpromoc_assembly_interfaces__rosidl_typesupport_fastrtps_c.so
[3.876s] -- Set runtime path of "/home/pmlab_mover/Documents/ros2_ws/src/match-PM-match_pm_ProMOC_Assembly/install/promoc_assembly_interfaces/lib/libpromoc_assembly_interfaces__rosidl_typesupport_fastrtps_c.so" to ""
[3.876s] -- Up-to-date: /home/pmlab_mover/Documents/ros2_ws/src/match-PM-match_pm_ProMOC_Assembly/install/promoc_assembly_interfaces/include/promoc_assembly_interfaces/promoc_assembly_interfaces
[3.876s] -- Up-to-date: /home/pmlab_mover/Documents/ros2_ws/src/match-PM-match_pm_ProMOC_Assembly/install/promoc_assembly_interfaces/include/promoc_assembly_interfaces/promoc_assembly_interfaces/srv
[3.876s] -- Up-to-date: /home/pmlab_mover/Documents/ros2_ws/src/match-PM-match_pm_ProMOC_Assembly/install/promoc_assembly_interfaces/include/promoc_assembly_interfaces/promoc_assembly_interfaces/srv/detail
[3.876s] -- Installing: /home/pmlab_mover/Documents/ros2_ws/src/match-PM-match_pm_ProMOC_Assembly/install/promoc_assembly_interfaces/include/promoc_assembly_interfaces/promoc_assembly_interfaces/srv/detail/linear_motion_si__rosidl_typesupport_introspection_c.h
[3.876s] -- Installing: /home/pmlab_mover/Documents/ros2_ws/src/match-PM-match_pm_ProMOC_Assembly/install/promoc_assembly_interfaces/include/promoc_assembly_interfaces/promoc_assembly_interfaces/srv/detail/levitation_xbots__rosidl_typesupport_introspection_c.h
[3.876s] -- Installing: /home/pmlab_mover/Documents/ros2_ws/src/match-PM-match_pm_ProMOC_Assembly/install/promoc_assembly_interfaces/include/promoc_assembly_interfaces/promoc_assembly_interfaces/srv/detail/arc_motion__type_support.c
[3.876s] -- Installing: /home/pmlab_mover/Documents/ros2_ws/src/match-PM-match_pm_ProMOC_Assembly/install/promoc_assembly_interfaces/include/promoc_assembly_interfaces/promoc_assembly_interfaces/srv/detail/arc_motion__rosidl_typesupport_introspection_c.h
[3.877s] -- Installing: /home/pmlab_mover/Documents/ros2_ws/src/match-PM-match_pm_ProMOC_Assembly/install/promoc_assembly_interfaces/include/promoc_assembly_interfaces/promoc_assembly_interfaces/srv/detail/activate_xbots__type_support.c
[3.877s] -- Installing: /home/pmlab_mover/Documents/ros2_ws/src/match-PM-match_pm_ProMOC_Assembly/install/promoc_assembly_interfaces/include/promoc_assembly_interfaces/promoc_assembly_interfaces/srv/detail/six_dof_motion__rosidl_typesupport_introspection_c.h
[3.877s] -- Installing: /home/pmlab_mover/Documents/ros2_ws/src/match-PM-match_pm_ProMOC_Assembly/install/promoc_assembly_interfaces/include/promoc_assembly_interfaces/promoc_assembly_interfaces/srv/detail/levitation_xbots__type_support.c
[3.877s] -- Installing: /home/pmlab_mover/Documents/ros2_ws/src/match-PM-match_pm_ProMOC_Assembly/install/promoc_assembly_interfaces/include/promoc_assembly_interfaces/promoc_assembly_interfaces/srv/detail/activate_xbots__rosidl_typesupport_introspection_c.h
[3.877s] -- Installing: /home/pmlab_mover/Documents/ros2_ws/src/match-PM-match_pm_ProMOC_Assembly/install/promoc_assembly_interfaces/include/promoc_assembly_interfaces/promoc_assembly_interfaces/srv/detail/linear_motion_si__type_support.c
[3.877s] -- Installing: /home/pmlab_mover/Documents/ros2_ws/src/match-PM-match_pm_ProMOC_Assembly/install/promoc_assembly_interfaces/include/promoc_assembly_interfaces/promoc_assembly_interfaces/srv/detail/six_dof_motion__type_support.c
[3.877s] -- Up-to-date: /home/pmlab_mover/Documents/ros2_ws/src/match-PM-match_pm_ProMOC_Assembly/install/promoc_assembly_interfaces/include/promoc_assembly_interfaces/promoc_assembly_interfaces/msg
[3.877s] -- Installing: /home/pmlab_mover/Documents/ros2_ws/src/match-PM-match_pm_ProMOC_Assembly/install/promoc_assembly_interfaces/include/promoc_assembly_interfaces/promoc_assembly_interfaces/msg/rosidl_typesupport_introspection_c__visibility_control.h
[3.877s] -- Up-to-date: /home/pmlab_mover/Documents/ros2_ws/src/match-PM-match_pm_ProMOC_Assembly/install/promoc_assembly_interfaces/include/promoc_assembly_interfaces/promoc_assembly_interfaces/msg/detail
[3.877s] -- Installing: /home/pmlab_mover/Documents/ros2_ws/src/match-PM-match_pm_ProMOC_Assembly/install/promoc_assembly_interfaces/include/promoc_assembly_interfaces/promoc_assembly_interfaces/msg/detail/test__rosidl_typesupport_introspection_c.h
[3.878s] -- Installing: /home/pmlab_mover/Documents/ros2_ws/src/match-PM-match_pm_ProMOC_Assembly/install/promoc_assembly_interfaces/include/promoc_assembly_interfaces/promoc_assembly_interfaces/msg/detail/x_bot_info__type_support.c
[3.878s] -- Installing: /home/pmlab_mover/Documents/ros2_ws/src/match-PM-match_pm_ProMOC_Assembly/install/promoc_assembly_interfaces/include/promoc_assembly_interfaces/promoc_assembly_interfaces/msg/detail/x_bot_info__rosidl_typesupport_introspection_c.h
[3.878s] -- Installing: /home/pmlab_mover/Documents/ros2_ws/src/match-PM-match_pm_ProMOC_Assembly/install/promoc_assembly_interfaces/include/promoc_assembly_interfaces/promoc_assembly_interfaces/msg/detail/test__type_support.c
[3.878s] -- Installing: /home/pmlab_mover/Documents/ros2_ws/src/match-PM-match_pm_ProMOC_Assembly/install/promoc_assembly_interfaces/lib/libpromoc_assembly_interfaces__rosidl_typesupport_introspection_c.so
[3.878s] -- Set runtime path of "/home/pmlab_mover/Documents/ros2_ws/src/match-PM-match_pm_ProMOC_Assembly/install/promoc_assembly_interfaces/lib/libpromoc_assembly_interfaces__rosidl_typesupport_introspection_c.so" to ""
[3.878s] -- Installing: /home/pmlab_mover/Documents/ros2_ws/src/match-PM-match_pm_ProMOC_Assembly/install/promoc_assembly_interfaces/lib/libpromoc_assembly_interfaces__rosidl_typesupport_c.so
[3.879s] -- Set runtime path of "/home/pmlab_mover/Documents/ros2_ws/src/match-PM-match_pm_ProMOC_Assembly/install/promoc_assembly_interfaces/lib/libpromoc_assembly_interfaces__rosidl_typesupport_c.so" to ""
[3.879s] -- Up-to-date: /home/pmlab_mover/Documents/ros2_ws/src/match-PM-match_pm_ProMOC_Assembly/install/promoc_assembly_interfaces/include/promoc_assembly_interfaces/promoc_assembly_interfaces
[3.879s] -- Up-to-date: /home/pmlab_mover/Documents/ros2_ws/src/match-PM-match_pm_ProMOC_Assembly/install/promoc_assembly_interfaces/include/promoc_assembly_interfaces/promoc_assembly_interfaces/srv
[3.879s] -- Installing: /home/pmlab_mover/Documents/ros2_ws/src/match-PM-match_pm_ProMOC_Assembly/install/promoc_assembly_interfaces/include/promoc_assembly_interfaces/promoc_assembly_interfaces/srv/levitation_xbots.hpp
[3.879s] -- Installing: /home/pmlab_mover/Documents/ros2_ws/src/match-PM-match_pm_ProMOC_Assembly/install/promoc_assembly_interfaces/include/promoc_assembly_interfaces/promoc_assembly_interfaces/srv/arc_motion.hpp
[3.879s] -- Installing: /home/pmlab_mover/Documents/ros2_ws/src/match-PM-match_pm_ProMOC_Assembly/install/promoc_assembly_interfaces/include/promoc_assembly_interfaces/promoc_assembly_interfaces/srv/linear_motion_si.hpp
[3.879s] -- Installing: /home/pmlab_mover/Documents/ros2_ws/src/match-PM-match_pm_ProMOC_Assembly/install/promoc_assembly_interfaces/include/promoc_assembly_interfaces/promoc_assembly_interfaces/srv/activate_xbots.hpp
[3.879s] -- Up-to-date: /home/pmlab_mover/Documents/ros2_ws/src/match-PM-match_pm_ProMOC_Assembly/install/promoc_assembly_interfaces/include/promoc_assembly_interfaces/promoc_assembly_interfaces/srv/detail
[3.879s] -- Installing: /home/pmlab_mover/Documents/ros2_ws/src/match-PM-match_pm_ProMOC_Assembly/install/promoc_assembly_interfaces/include/promoc_assembly_interfaces/promoc_assembly_interfaces/srv/detail/six_dof_motion__builder.hpp
[3.879s] -- Installing: /home/pmlab_mover/Documents/ros2_ws/src/match-PM-match_pm_ProMOC_Assembly/install/promoc_assembly_interfaces/include/promoc_assembly_interfaces/promoc_assembly_interfaces/srv/detail/arc_motion__type_support.hpp
[3.879s] -- Installing: /home/pmlab_mover/Documents/ros2_ws/src/match-PM-match_pm_ProMOC_Assembly/install/promoc_assembly_interfaces/include/promoc_assembly_interfaces/promoc_assembly_interfaces/srv/detail/six_dof_motion__traits.hpp
[3.879s] -- Installing: /home/pmlab_mover/Documents/ros2_ws/src/match-PM-match_pm_ProMOC_Assembly/install/promoc_assembly_interfaces/include/promoc_assembly_interfaces/promoc_assembly_interfaces/srv/detail/arc_motion__traits.hpp
[3.880s] -- Installing: /home/pmlab_mover/Documents/ros2_ws/src/match-PM-match_pm_ProMOC_Assembly/install/promoc_assembly_interfaces/include/promoc_assembly_interfaces/promoc_assembly_interfaces/srv/detail/linear_motion_si__type_support.hpp
[3.880s] -- Installing: /home/pmlab_mover/Documents/ros2_ws/src/match-PM-match_pm_ProMOC_Assembly/install/promoc_assembly_interfaces/include/promoc_assembly_interfaces/promoc_assembly_interfaces/srv/detail/levitation_xbots__traits.hpp
[3.880s] -- Installing: /home/pmlab_mover/Documents/ros2_ws/src/match-PM-match_pm_ProMOC_Assembly/install/promoc_assembly_interfaces/include/promoc_assembly_interfaces/promoc_assembly_interfaces/srv/detail/levitation_xbots__struct.hpp
[3.880s] -- Installing: /home/pmlab_mover/Documents/ros2_ws/src/match-PM-match_pm_ProMOC_Assembly/install/promoc_assembly_interfaces/include/promoc_assembly_interfaces/promoc_assembly_interfaces/srv/detail/activate_xbots__builder.hpp
[3.880s] -- Installing: /home/pmlab_mover/Documents/ros2_ws/src/match-PM-match_pm_ProMOC_Assembly/install/promoc_assembly_interfaces/include/promoc_assembly_interfaces/promoc_assembly_interfaces/srv/detail/linear_motion_si__traits.hpp
[3.880s] -- Installing: /home/pmlab_mover/Documents/ros2_ws/src/match-PM-match_pm_ProMOC_Assembly/install/promoc_assembly_interfaces/include/promoc_assembly_interfaces/promoc_assembly_interfaces/srv/detail/activate_xbots__traits.hpp
[3.880s] -- Installing: /home/pmlab_mover/Documents/ros2_ws/src/match-PM-match_pm_ProMOC_Assembly/install/promoc_assembly_interfaces/include/promoc_assembly_interfaces/promoc_assembly_interfaces/srv/detail/activate_xbots__struct.hpp
[3.880s] -- Installing: /home/pmlab_mover/Documents/ros2_ws/src/match-PM-match_pm_ProMOC_Assembly/install/promoc_assembly_interfaces/include/promoc_assembly_interfaces/promoc_assembly_interfaces/srv/detail/arc_motion__builder.hpp
[3.880s] -- Installing: /home/pmlab_mover/Documents/ros2_ws/src/match-PM-match_pm_ProMOC_Assembly/install/promoc_assembly_interfaces/include/promoc_assembly_interfaces/promoc_assembly_interfaces/srv/detail/six_dof_motion__struct.hpp
[3.880s] -- Installing: /home/pmlab_mover/Documents/ros2_ws/src/match-PM-match_pm_ProMOC_Assembly/install/promoc_assembly_interfaces/include/promoc_assembly_interfaces/promoc_assembly_interfaces/srv/detail/levitation_xbots__type_support.hpp
[3.881s] -- Installing: /home/pmlab_mover/Documents/ros2_ws/src/match-PM-match_pm_ProMOC_Assembly/install/promoc_assembly_interfaces/include/promoc_assembly_interfaces/promoc_assembly_interfaces/srv/detail/linear_motion_si__builder.hpp
[3.881s] -- Installing: /home/pmlab_mover/Documents/ros2_ws/src/match-PM-match_pm_ProMOC_Assembly/install/promoc_assembly_interfaces/include/promoc_assembly_interfaces/promoc_assembly_interfaces/srv/detail/linear_motion_si__struct.hpp
[3.881s] -- Installing: /home/pmlab_mover/Documents/ros2_ws/src/match-PM-match_pm_ProMOC_Assembly/install/promoc_assembly_interfaces/include/promoc_assembly_interfaces/promoc_assembly_interfaces/srv/detail/six_dof_motion__type_support.hpp
[3.881s] -- Installing: /home/pmlab_mover/Documents/ros2_ws/src/match-PM-match_pm_ProMOC_Assembly/install/promoc_assembly_interfaces/include/promoc_assembly_interfaces/promoc_assembly_interfaces/srv/detail/activate_xbots__type_support.hpp
[3.881s] -- Installing: /home/pmlab_mover/Documents/ros2_ws/src/match-PM-match_pm_ProMOC_Assembly/install/promoc_assembly_interfaces/include/promoc_assembly_interfaces/promoc_assembly_interfaces/srv/detail/levitation_xbots__builder.hpp
[3.881s] -- Installing: /home/pmlab_mover/Documents/ros2_ws/src/match-PM-match_pm_ProMOC_Assembly/install/promoc_assembly_interfaces/include/promoc_assembly_interfaces/promoc_assembly_interfaces/srv/detail/arc_motion__struct.hpp
[3.881s] -- Installing: /home/pmlab_mover/Documents/ros2_ws/src/match-PM-match_pm_ProMOC_Assembly/install/promoc_assembly_interfaces/include/promoc_assembly_interfaces/promoc_assembly_interfaces/srv/six_dof_motion.hpp
[3.881s] -- Up-to-date: /home/pmlab_mover/Documents/ros2_ws/src/match-PM-match_pm_ProMOC_Assembly/install/promoc_assembly_interfaces/include/promoc_assembly_interfaces/promoc_assembly_interfaces/msg
[3.881s] -- Installing: /home/pmlab_mover/Documents/ros2_ws/src/match-PM-match_pm_ProMOC_Assembly/install/promoc_assembly_interfaces/include/promoc_assembly_interfaces/promoc_assembly_interfaces/msg/rosidl_generator_cpp__visibility_control.hpp
[3.881s] -- Installing: /home/pmlab_mover/Documents/ros2_ws/src/match-PM-match_pm_ProMOC_Assembly/install/promoc_assembly_interfaces/include/promoc_assembly_interfaces/promoc_assembly_interfaces/msg/x_bot_info.hpp
[3.882s] -- Up-to-date: /home/pmlab_mover/Documents/ros2_ws/src/match-PM-match_pm_ProMOC_Assembly/install/promoc_assembly_interfaces/include/promoc_assembly_interfaces/promoc_assembly_interfaces/msg/detail
[3.882s] -- Installing: /home/pmlab_mover/Documents/ros2_ws/src/match-PM-match_pm_ProMOC_Assembly/install/promoc_assembly_interfaces/include/promoc_assembly_interfaces/promoc_assembly_interfaces/msg/detail/test__type_support.hpp
[3.882s] -- Installing: /home/pmlab_mover/Documents/ros2_ws/src/match-PM-match_pm_ProMOC_Assembly/install/promoc_assembly_interfaces/include/promoc_assembly_interfaces/promoc_assembly_interfaces/msg/detail/test__traits.hpp
[3.882s] -- Installing: /home/pmlab_mover/Documents/ros2_ws/src/match-PM-match_pm_ProMOC_Assembly/install/promoc_assembly_interfaces/include/promoc_assembly_interfaces/promoc_assembly_interfaces/msg/detail/test__struct.hpp
[3.882s] -- Installing: /home/pmlab_mover/Documents/ros2_ws/src/match-PM-match_pm_ProMOC_Assembly/install/promoc_assembly_interfaces/include/promoc_assembly_interfaces/promoc_assembly_interfaces/msg/detail/x_bot_info__struct.hpp
[3.882s] -- Installing: /home/pmlab_mover/Documents/ros2_ws/src/match-PM-match_pm_ProMOC_Assembly/install/promoc_assembly_interfaces/include/promoc_assembly_interfaces/promoc_assembly_interfaces/msg/detail/x_bot_info__type_support.hpp
[3.882s] -- Installing: /home/pmlab_mover/Documents/ros2_ws/src/match-PM-match_pm_ProMOC_Assembly/install/promoc_assembly_interfaces/include/promoc_assembly_interfaces/promoc_assembly_interfaces/msg/detail/x_bot_info__traits.hpp
[3.882s] -- Installing: /home/pmlab_mover/Documents/ros2_ws/src/match-PM-match_pm_ProMOC_Assembly/install/promoc_assembly_interfaces/include/promoc_assembly_interfaces/promoc_assembly_interfaces/msg/detail/test__builder.hpp
[3.882s] -- Installing: /home/pmlab_mover/Documents/ros2_ws/src/match-PM-match_pm_ProMOC_Assembly/install/promoc_assembly_interfaces/include/promoc_assembly_interfaces/promoc_assembly_interfaces/msg/detail/x_bot_info__builder.hpp
[3.882s] -- Installing: /home/pmlab_mover/Documents/ros2_ws/src/match-PM-match_pm_ProMOC_Assembly/install/promoc_assembly_interfaces/include/promoc_assembly_interfaces/promoc_assembly_interfaces/msg/test.hpp
[3.883s] -- Up-to-date: /home/pmlab_mover/Documents/ros2_ws/src/match-PM-match_pm_ProMOC_Assembly/install/promoc_assembly_interfaces/include/promoc_assembly_interfaces/promoc_assembly_interfaces
[3.883s] -- Up-to-date: /home/pmlab_mover/Documents/ros2_ws/src/match-PM-match_pm_ProMOC_Assembly/install/promoc_assembly_interfaces/include/promoc_assembly_interfaces/promoc_assembly_interfaces/srv
[3.883s] -- Up-to-date: /home/pmlab_mover/Documents/ros2_ws/src/match-PM-match_pm_ProMOC_Assembly/install/promoc_assembly_interfaces/include/promoc_assembly_interfaces/promoc_assembly_interfaces/srv/detail
[3.883s] -- Installing: /home/pmlab_mover/Documents/ros2_ws/src/match-PM-match_pm_ProMOC_Assembly/install/promoc_assembly_interfaces/include/promoc_assembly_interfaces/promoc_assembly_interfaces/srv/detail/linear_motion_si__rosidl_typesupport_fastrtps_cpp.hpp
[3.883s] -- Installing: /home/pmlab_mover/Documents/ros2_ws/src/match-PM-match_pm_ProMOC_Assembly/install/promoc_assembly_interfaces/include/promoc_assembly_interfaces/promoc_assembly_interfaces/srv/detail/levitation_xbots__rosidl_typesupport_fastrtps_cpp.hpp
[3.883s] -- Installing: /home/pmlab_mover/Documents/ros2_ws/src/match-PM-match_pm_ProMOC_Assembly/install/promoc_assembly_interfaces/include/promoc_assembly_interfaces/promoc_assembly_interfaces/srv/detail/dds_fastrtps
[3.883s] -- Installing: /home/pmlab_mover/Documents/ros2_ws/src/match-PM-match_pm_ProMOC_Assembly/install/promoc_assembly_interfaces/include/promoc_assembly_interfaces/promoc_assembly_interfaces/srv/detail/activate_xbots__rosidl_typesupport_fastrtps_cpp.hpp
[3.883s] -- Installing: /home/pmlab_mover/Documents/ros2_ws/src/match-PM-match_pm_ProMOC_Assembly/install/promoc_assembly_interfaces/include/promoc_assembly_interfaces/promoc_assembly_interfaces/srv/detail/six_dof_motion__rosidl_typesupport_fastrtps_cpp.hpp
[3.883s] -- Installing: /home/pmlab_mover/Documents/ros2_ws/src/match-PM-match_pm_ProMOC_Assembly/install/promoc_assembly_interfaces/include/promoc_assembly_interfaces/promoc_assembly_interfaces/srv/detail/arc_motion__rosidl_typesupport_fastrtps_cpp.hpp
[3.883s] -- Up-to-date: /home/pmlab_mover/Documents/ros2_ws/src/match-PM-match_pm_ProMOC_Assembly/install/promoc_assembly_interfaces/include/promoc_assembly_interfaces/promoc_assembly_interfaces/msg
[3.883s] -- Installing: /home/pmlab_mover/Documents/ros2_ws/src/match-PM-match_pm_ProMOC_Assembly/install/promoc_assembly_interfaces/include/promoc_assembly_interfaces/promoc_assembly_interfaces/msg/rosidl_typesupport_fastrtps_cpp__visibility_control.h
[3.883s] -- Up-to-date: /home/pmlab_mover/Documents/ros2_ws/src/match-PM-match_pm_ProMOC_Assembly/install/promoc_assembly_interfaces/include/promoc_assembly_interfaces/promoc_assembly_interfaces/msg/detail
[3.883s] -- Installing: /home/pmlab_mover/Documents/ros2_ws/src/match-PM-match_pm_ProMOC_Assembly/install/promoc_assembly_interfaces/include/promoc_assembly_interfaces/promoc_assembly_interfaces/msg/detail/test__rosidl_typesupport_fastrtps_cpp.hpp
[3.884s] -- Installing: /home/pmlab_mover/Documents/ros2_ws/src/match-PM-match_pm_ProMOC_Assembly/install/promoc_assembly_interfaces/include/promoc_assembly_interfaces/promoc_assembly_interfaces/msg/detail/x_bot_info__rosidl_typesupport_fastrtps_cpp.hpp
[3.884s] -- Installing: /home/pmlab_mover/Documents/ros2_ws/src/match-PM-match_pm_ProMOC_Assembly/install/promoc_assembly_interfaces/include/promoc_assembly_interfaces/promoc_assembly_interfaces/msg/detail/dds_fastrtps
[3.884s] -- Installing: /home/pmlab_mover/Documents/ros2_ws/src/match-PM-match_pm_ProMOC_Assembly/install/promoc_assembly_interfaces/lib/libpromoc_assembly_interfaces__rosidl_typesupport_fastrtps_cpp.so
[3.884s] -- Set runtime path of "/home/pmlab_mover/Documents/ros2_ws/src/match-PM-match_pm_ProMOC_Assembly/install/promoc_assembly_interfaces/lib/libpromoc_assembly_interfaces__rosidl_typesupport_fastrtps_cpp.so" to ""
[3.884s] -- Up-to-date: /home/pmlab_mover/Documents/ros2_ws/src/match-PM-match_pm_ProMOC_Assembly/install/promoc_assembly_interfaces/include/promoc_assembly_interfaces/promoc_assembly_interfaces
[3.884s] -- Up-to-date: /home/pmlab_mover/Documents/ros2_ws/src/match-PM-match_pm_ProMOC_Assembly/install/promoc_assembly_interfaces/include/promoc_assembly_interfaces/promoc_assembly_interfaces/srv
[3.884s] -- Up-to-date: /home/pmlab_mover/Documents/ros2_ws/src/match-PM-match_pm_ProMOC_Assembly/install/promoc_assembly_interfaces/include/promoc_assembly_interfaces/promoc_assembly_interfaces/srv/detail
[3.884s] -- Installing: /home/pmlab_mover/Documents/ros2_ws/src/match-PM-match_pm_ProMOC_Assembly/install/promoc_assembly_interfaces/include/promoc_assembly_interfaces/promoc_assembly_interfaces/srv/detail/linear_motion_si__type_support.cpp
[3.884s] -- Installing: /home/pmlab_mover/Documents/ros2_ws/src/match-PM-match_pm_ProMOC_Assembly/install/promoc_assembly_interfaces/include/promoc_assembly_interfaces/promoc_assembly_interfaces/srv/detail/levitation_xbots__type_support.cpp
[3.885s] -- Installing: /home/pmlab_mover/Documents/ros2_ws/src/match-PM-match_pm_ProMOC_Assembly/install/promoc_assembly_interfaces/include/promoc_assembly_interfaces/promoc_assembly_interfaces/srv/detail/activate_xbots__type_support.cpp
[3.885s] -- Installing: /home/pmlab_mover/Documents/ros2_ws/src/match-PM-match_pm_ProMOC_Assembly/install/promoc_assembly_interfaces/include/promoc_assembly_interfaces/promoc_assembly_interfaces/srv/detail/linear_motion_si__rosidl_typesupport_introspection_cpp.hpp
[3.885s] -- Installing: /home/pmlab_mover/Documents/ros2_ws/src/match-PM-match_pm_ProMOC_Assembly/install/promoc_assembly_interfaces/include/promoc_assembly_interfaces/promoc_assembly_interfaces/srv/detail/activate_xbots__rosidl_typesupport_introspection_cpp.hpp
[3.885s] -- Installing: /home/pmlab_mover/Documents/ros2_ws/src/match-PM-match_pm_ProMOC_Assembly/install/promoc_assembly_interfaces/include/promoc_assembly_interfaces/promoc_assembly_interfaces/srv/detail/arc_motion__rosidl_typesupport_introspection_cpp.hpp
[3.885s] -- Installing: /home/pmlab_mover/Documents/ros2_ws/src/match-PM-match_pm_ProMOC_Assembly/install/promoc_assembly_interfaces/include/promoc_assembly_interfaces/promoc_assembly_interfaces/srv/detail/levitation_xbots__rosidl_typesupport_introspection_cpp.hpp
[3.885s] -- Installing: /home/pmlab_mover/Documents/ros2_ws/src/match-PM-match_pm_ProMOC_Assembly/install/promoc_assembly_interfaces/include/promoc_assembly_interfaces/promoc_assembly_interfaces/srv/detail/six_dof_motion__rosidl_typesupport_introspection_cpp.hpp
[3.885s] -- Installing: /home/pmlab_mover/Documents/ros2_ws/src/match-PM-match_pm_ProMOC_Assembly/install/promoc_assembly_interfaces/include/promoc_assembly_interfaces/promoc_assembly_interfaces/srv/detail/arc_motion__type_support.cpp
[3.885s] -- Installing: /home/pmlab_mover/Documents/ros2_ws/src/match-PM-match_pm_ProMOC_Assembly/install/promoc_assembly_interfaces/include/promoc_assembly_interfaces/promoc_assembly_interfaces/srv/detail/six_dof_motion__type_support.cpp
[3.886s] -- Up-to-date: /home/pmlab_mover/Documents/ros2_ws/src/match-PM-match_pm_ProMOC_Assembly/install/promoc_assembly_interfaces/include/promoc_assembly_interfaces/promoc_assembly_interfaces/msg
[3.886s] -- Up-to-date: /home/pmlab_mover/Documents/ros2_ws/src/match-PM-match_pm_ProMOC_Assembly/install/promoc_assembly_interfaces/include/promoc_assembly_interfaces/promoc_assembly_interfaces/msg/detail
[3.886s] -- Installing: /home/pmlab_mover/Documents/ros2_ws/src/match-PM-match_pm_ProMOC_Assembly/install/promoc_assembly_interfaces/include/promoc_assembly_interfaces/promoc_assembly_interfaces/msg/detail/x_bot_info__type_support.cpp
[3.886s] -- Installing: /home/pmlab_mover/Documents/ros2_ws/src/match-PM-match_pm_ProMOC_Assembly/install/promoc_assembly_interfaces/include/promoc_assembly_interfaces/promoc_assembly_interfaces/msg/detail/test__type_support.cpp
[3.886s] -- Installing: /home/pmlab_mover/Documents/ros2_ws/src/match-PM-match_pm_ProMOC_Assembly/install/promoc_assembly_interfaces/include/promoc_assembly_interfaces/promoc_assembly_interfaces/msg/detail/x_bot_info__rosidl_typesupport_introspection_cpp.hpp
[3.886s] -- Installing: /home/pmlab_mover/Documents/ros2_ws/src/match-PM-match_pm_ProMOC_Assembly/install/promoc_assembly_interfaces/include/promoc_assembly_interfaces/promoc_assembly_interfaces/msg/detail/test__rosidl_typesupport_introspection_cpp.hpp
[3.886s] -- Installing: /home/pmlab_mover/Documents/ros2_ws/src/match-PM-match_pm_ProMOC_Assembly/install/promoc_assembly_interfaces/lib/libpromoc_assembly_interfaces__rosidl_typesupport_introspection_cpp.so
[3.886s] -- Set runtime path of "/home/pmlab_mover/Documents/ros2_ws/src/match-PM-match_pm_ProMOC_Assembly/install/promoc_assembly_interfaces/lib/libpromoc_assembly_interfaces__rosidl_typesupport_introspection_cpp.so" to ""
[3.887s] -- Installing: /home/pmlab_mover/Documents/ros2_ws/src/match-PM-match_pm_ProMOC_Assembly/install/promoc_assembly_interfaces/lib/libpromoc_assembly_interfaces__rosidl_typesupport_cpp.so
[3.887s] -- Set runtime path of "/home/pmlab_mover/Documents/ros2_ws/src/match-PM-match_pm_ProMOC_Assembly/install/promoc_assembly_interfaces/lib/libpromoc_assembly_interfaces__rosidl_typesupport_cpp.so" to ""
[3.887s] -- Installing: /home/pmlab_mover/Documents/ros2_ws/src/match-PM-match_pm_ProMOC_Assembly/install/promoc_assembly_interfaces/share/promoc_assembly_interfaces/environment/pythonpath.sh
[3.887s] -- Installing: /home/pmlab_mover/Documents/ros2_ws/src/match-PM-match_pm_ProMOC_Assembly/install/promoc_assembly_interfaces/share/promoc_assembly_interfaces/environment/pythonpath.dsv
[3.887s] -- Installing: /home/pmlab_mover/Documents/ros2_ws/src/match-PM-match_pm_ProMOC_Assembly/install/promoc_assembly_interfaces/local/lib/python3.10/dist-packages/promoc_assembly_interfaces-0.0.0-py3.10.egg-info
[3.887s] -- Installing: /home/pmlab_mover/Documents/ros2_ws/src/match-PM-match_pm_ProMOC_Assembly/install/promoc_assembly_interfaces/local/lib/python3.10/dist-packages/promoc_assembly_interfaces-0.0.0-py3.10.egg-info/top_level.txt
[3.887s] -- Installing: /home/pmlab_mover/Documents/ros2_ws/src/match-PM-match_pm_ProMOC_Assembly/install/promoc_assembly_interfaces/local/lib/python3.10/dist-packages/promoc_assembly_interfaces-0.0.0-py3.10.egg-info/dependency_links.txt
[3.887s] -- Installing: /home/pmlab_mover/Documents/ros2_ws/src/match-PM-match_pm_ProMOC_Assembly/install/promoc_assembly_interfaces/local/lib/python3.10/dist-packages/promoc_assembly_interfaces-0.0.0-py3.10.egg-info/SOURCES.txt
[3.888s] -- Installing: /home/pmlab_mover/Documents/ros2_ws/src/match-PM-match_pm_ProMOC_Assembly/install/promoc_assembly_interfaces/local/lib/python3.10/dist-packages/promoc_assembly_interfaces-0.0.0-py3.10.egg-info/PKG-INFO
[3.888s] -- Installing: /home/pmlab_mover/Documents/ros2_ws/src/match-PM-match_pm_ProMOC_Assembly/install/promoc_assembly_interfaces/local/lib/python3.10/dist-packages/promoc_assembly_interfaces
[3.888s] -- Installing: /home/pmlab_mover/Documents/ros2_ws/src/match-PM-match_pm_ProMOC_Assembly/install/promoc_assembly_interfaces/local/lib/python3.10/dist-packages/promoc_assembly_interfaces/srv
[3.888s] -- Installing: /home/pmlab_mover/Documents/ros2_ws/src/match-PM-match_pm_ProMOC_Assembly/install/promoc_assembly_interfaces/local/lib/python3.10/dist-packages/promoc_assembly_interfaces/srv/_linear_motion_si.py
[3.888s] -- Installing: /home/pmlab_mover/Documents/ros2_ws/src/match-PM-match_pm_ProMOC_Assembly/install/promoc_assembly_interfaces/local/lib/python3.10/dist-packages/promoc_assembly_interfaces/srv/_levitation_xbots.py
[3.888s] -- Installing: /home/pmlab_mover/Documents/ros2_ws/src/match-PM-match_pm_ProMOC_Assembly/install/promoc_assembly_interfaces/local/lib/python3.10/dist-packages/promoc_assembly_interfaces/srv/_arc_motion.py
[3.888s] -- Installing: /home/pmlab_mover/Documents/ros2_ws/src/match-PM-match_pm_ProMOC_Assembly/install/promoc_assembly_interfaces/local/lib/python3.10/dist-packages/promoc_assembly_interfaces/srv/_six_dof_motion.py
[3.888s] -- Installing: /home/pmlab_mover/Documents/ros2_ws/src/match-PM-match_pm_ProMOC_Assembly/install/promoc_assembly_interfaces/local/lib/python3.10/dist-packages/promoc_assembly_interfaces/srv/_activate_xbots.py
[3.888s] -- Installing: /home/pmlab_mover/Documents/ros2_ws/src/match-PM-match_pm_ProMOC_Assembly/install/promoc_assembly_interfaces/local/lib/python3.10/dist-packages/promoc_assembly_interfaces/srv/_levitation_xbots_s.c
[3.889s] -- Installing: /home/pmlab_mover/Documents/ros2_ws/src/match-PM-match_pm_ProMOC_Assembly/install/promoc_assembly_interfaces/local/lib/python3.10/dist-packages/promoc_assembly_interfaces/srv/_six_dof_motion_s.c
[3.889s] -- Installing: /home/pmlab_mover/Documents/ros2_ws/src/match-PM-match_pm_ProMOC_Assembly/install/promoc_assembly_interfaces/local/lib/python3.10/dist-packages/promoc_assembly_interfaces/srv/__init__.py
[3.889s] -- Installing: /home/pmlab_mover/Documents/ros2_ws/src/match-PM-match_pm_ProMOC_Assembly/install/promoc_assembly_interfaces/local/lib/python3.10/dist-packages/promoc_assembly_interfaces/srv/_activate_xbots_s.c
[3.889s] -- Installing: /home/pmlab_mover/Documents/ros2_ws/src/match-PM-match_pm_ProMOC_Assembly/install/promoc_assembly_interfaces/local/lib/python3.10/dist-packages/promoc_assembly_interfaces/srv/_arc_motion_s.c
[3.889s] -- Installing: /home/pmlab_mover/Documents/ros2_ws/src/match-PM-match_pm_ProMOC_Assembly/install/promoc_assembly_interfaces/local/lib/python3.10/dist-packages/promoc_assembly_interfaces/srv/_linear_motion_si_s.c
[3.889s] -- Installing: /home/pmlab_mover/Documents/ros2_ws/src/match-PM-match_pm_ProMOC_Assembly/install/promoc_assembly_interfaces/local/lib/python3.10/dist-packages/promoc_assembly_interfaces/_promoc_assembly_interfaces_s.ep.rosidl_typesupport_fastrtps_c.c
[3.889s] -- Installing: /home/pmlab_mover/Documents/ros2_ws/src/match-PM-match_pm_ProMOC_Assembly/install/promoc_assembly_interfaces/local/lib/python3.10/dist-packages/promoc_assembly_interfaces/promoc_assembly_interfaces_s__rosidl_typesupport_fastrtps_c.cpython-310-x86_64-linux-gnu.so
[3.889s] -- Installing: /home/pmlab_mover/Documents/ros2_ws/src/match-PM-match_pm_ProMOC_Assembly/install/promoc_assembly_interfaces/local/lib/python3.10/dist-packages/promoc_assembly_interfaces/promoc_assembly_interfaces_s__rosidl_typesupport_introspection_c.cpython-310-x86_64-linux-gnu.so
[3.889s] -- Installing: /home/pmlab_mover/Documents/ros2_ws/src/match-PM-match_pm_ProMOC_Assembly/install/promoc_assembly_interfaces/local/lib/python3.10/dist-packages/promoc_assembly_interfaces/promoc_assembly_interfaces_s__rosidl_typesupport_c.cpython-310-x86_64-linux-gnu.so
[3.890s] -- Installing: /home/pmlab_mover/Documents/ros2_ws/src/match-PM-match_pm_ProMOC_Assembly/install/promoc_assembly_interfaces/local/lib/python3.10/dist-packages/promoc_assembly_interfaces/_promoc_assembly_interfaces_s.ep.rosidl_typesupport_c.c
[3.890s] -- Installing: /home/pmlab_mover/Documents/ros2_ws/src/match-PM-match_pm_ProMOC_Assembly/install/promoc_assembly_interfaces/local/lib/python3.10/dist-packages/promoc_assembly_interfaces/msg
[3.890s] -- Installing: /home/pmlab_mover/Documents/ros2_ws/src/match-PM-match_pm_ProMOC_Assembly/install/promoc_assembly_interfaces/local/lib/python3.10/dist-packages/promoc_assembly_interfaces/msg/_test_s.c
[3.890s] -- Installing: /home/pmlab_mover/Documents/ros2_ws/src/match-PM-match_pm_ProMOC_Assembly/install/promoc_assembly_interfaces/local/lib/python3.10/dist-packages/promoc_assembly_interfaces/msg/_x_bot_info.py
[3.890s] -- Installing: /home/pmlab_mover/Documents/ros2_ws/src/match-PM-match_pm_ProMOC_Assembly/install/promoc_assembly_interfaces/local/lib/python3.10/dist-packages/promoc_assembly_interfaces/msg/__init__.py
[3.890s] -- Installing: /home/pmlab_mover/Documents/ros2_ws/src/match-PM-match_pm_ProMOC_Assembly/install/promoc_assembly_interfaces/local/lib/python3.10/dist-packages/promoc_assembly_interfaces/msg/_test.py
[3.890s] -- Installing: /home/pmlab_mover/Documents/ros2_ws/src/match-PM-match_pm_ProMOC_Assembly/install/promoc_assembly_interfaces/local/lib/python3.10/dist-packages/promoc_assembly_interfaces/msg/_x_bot_info_s.c
[3.890s] -- Installing: /home/pmlab_mover/Documents/ros2_ws/src/match-PM-match_pm_ProMOC_Assembly/install/promoc_assembly_interfaces/local/lib/python3.10/dist-packages/promoc_assembly_interfaces/libpromoc_assembly_interfaces__rosidl_generator_py.so
[3.890s] -- Installing: /home/pmlab_mover/Documents/ros2_ws/src/match-PM-match_pm_ProMOC_Assembly/install/promoc_assembly_interfaces/local/lib/python3.10/dist-packages/promoc_assembly_interfaces/__init__.py
[3.891s] -- Installing: /home/pmlab_mover/Documents/ros2_ws/src/match-PM-match_pm_ProMOC_Assembly/install/promoc_assembly_interfaces/local/lib/python3.10/dist-packages/promoc_assembly_interfaces/_promoc_assembly_interfaces_s.ep.rosidl_typesupport_introspection_c.c
[3.920s] Listing '/home/pmlab_mover/Documents/ros2_ws/src/match-PM-match_pm_ProMOC_Assembly/install/promoc_assembly_interfaces/local/lib/python3.10/dist-packages/promoc_assembly_interfaces'...
[3.920s] Compiling '/home/pmlab_mover/Documents/ros2_ws/src/match-PM-match_pm_ProMOC_Assembly/install/promoc_assembly_interfaces/local/lib/python3.10/dist-packages/promoc_assembly_interfaces/__init__.py'...
[3.920s] Listing '/home/pmlab_mover/Documents/ros2_ws/src/match-PM-match_pm_ProMOC_Assembly/install/promoc_assembly_interfaces/local/lib/python3.10/dist-packages/promoc_assembly_interfaces/msg'...
[3.920s] Compiling '/home/pmlab_mover/Documents/ros2_ws/src/match-PM-match_pm_ProMOC_Assembly/install/promoc_assembly_interfaces/local/lib/python3.10/dist-packages/promoc_assembly_interfaces/msg/__init__.py'...
[3.920s] Compiling '/home/pmlab_mover/Documents/ros2_ws/src/match-PM-match_pm_ProMOC_Assembly/install/promoc_assembly_interfaces/local/lib/python3.10/dist-packages/promoc_assembly_interfaces/msg/_test.py'...
[3.920s] Compiling '/home/pmlab_mover/Documents/ros2_ws/src/match-PM-match_pm_ProMOC_Assembly/install/promoc_assembly_interfaces/local/lib/python3.10/dist-packages/promoc_assembly_interfaces/msg/_x_bot_info.py'...
[3.920s] Listing '/home/pmlab_mover/Documents/ros2_ws/src/match-PM-match_pm_ProMOC_Assembly/install/promoc_assembly_interfaces/local/lib/python3.10/dist-packages/promoc_assembly_interfaces/srv'...
[3.920s] Compiling '/home/pmlab_mover/Documents/ros2_ws/src/match-PM-match_pm_ProMOC_Assembly/install/promoc_assembly_interfaces/local/lib/python3.10/dist-packages/promoc_assembly_interfaces/srv/__init__.py'...
[3.920s] Compiling '/home/pmlab_mover/Documents/ros2_ws/src/match-PM-match_pm_ProMOC_Assembly/install/promoc_assembly_interfaces/local/lib/python3.10/dist-packages/promoc_assembly_interfaces/srv/_activate_xbots.py'...
[3.920s] Compiling '/home/pmlab_mover/Documents/ros2_ws/src/match-PM-match_pm_ProMOC_Assembly/install/promoc_assembly_interfaces/local/lib/python3.10/dist-packages/promoc_assembly_interfaces/srv/_arc_motion.py'...
[3.920s] Compiling '/home/pmlab_mover/Documents/ros2_ws/src/match-PM-match_pm_ProMOC_Assembly/install/promoc_assembly_interfaces/local/lib/python3.10/dist-packages/promoc_assembly_interfaces/srv/_levitation_xbots.py'...
[3.920s] Compiling '/home/pmlab_mover/Documents/ros2_ws/src/match-PM-match_pm_ProMOC_Assembly/install/promoc_assembly_interfaces/local/lib/python3.10/dist-packages/promoc_assembly_interfaces/srv/_linear_motion_si.py'...
[3.920s] Compiling '/home/pmlab_mover/Documents/ros2_ws/src/match-PM-match_pm_ProMOC_Assembly/install/promoc_assembly_interfaces/local/lib/python3.10/dist-packages/promoc_assembly_interfaces/srv/_six_dof_motion.py'...
[3.922s] -- Installing: /home/pmlab_mover/Documents/ros2_ws/src/match-PM-match_pm_ProMOC_Assembly/install/promoc_assembly_interfaces/local/lib/python3.10/dist-packages/promoc_assembly_interfaces/promoc_assembly_interfaces_s__rosidl_typesupport_fastrtps_c.cpython-310-x86_64-linux-gnu.so
[3.923s] -- Set runtime path of "/home/pmlab_mover/Documents/ros2_ws/src/match-PM-match_pm_ProMOC_Assembly/install/promoc_assembly_interfaces/local/lib/python3.10/dist-packages/promoc_assembly_interfaces/promoc_assembly_interfaces_s__rosidl_typesupport_fastrtps_c.cpython-310-x86_64-linux-gnu.so" to ""
[3.923s] -- Installing: /home/pmlab_mover/Documents/ros2_ws/src/match-PM-match_pm_ProMOC_Assembly/install/promoc_assembly_interfaces/local/lib/python3.10/dist-packages/promoc_assembly_interfaces/promoc_assembly_interfaces_s__rosidl_typesupport_introspection_c.cpython-310-x86_64-linux-gnu.so
[3.923s] -- Set runtime path of "/home/pmlab_mover/Documents/ros2_ws/src/match-PM-match_pm_ProMOC_Assembly/install/promoc_assembly_interfaces/local/lib/python3.10/dist-packages/promoc_assembly_interfaces/promoc_assembly_interfaces_s__rosidl_typesupport_introspection_c.cpython-310-x86_64-linux-gnu.so" to ""
[3.923s] -- Installing: /home/pmlab_mover/Documents/ros2_ws/src/match-PM-match_pm_ProMOC_Assembly/install/promoc_assembly_interfaces/local/lib/python3.10/dist-packages/promoc_assembly_interfaces/promoc_assembly_interfaces_s__rosidl_typesupport_c.cpython-310-x86_64-linux-gnu.so
[3.924s] -- Set runtime path of "/home/pmlab_mover/Documents/ros2_ws/src/match-PM-match_pm_ProMOC_Assembly/install/promoc_assembly_interfaces/local/lib/python3.10/dist-packages/promoc_assembly_interfaces/promoc_assembly_interfaces_s__rosidl_typesupport_c.cpython-310-x86_64-linux-gnu.so" to ""
[3.924s] -- Installing: /home/pmlab_mover/Documents/ros2_ws/src/match-PM-match_pm_ProMOC_Assembly/install/promoc_assembly_interfaces/lib/libpromoc_assembly_interfaces__rosidl_generator_py.so
[3.924s] -- Set runtime path of "/home/pmlab_mover/Documents/ros2_ws/src/match-PM-match_pm_ProMOC_Assembly/install/promoc_assembly_interfaces/lib/libpromoc_assembly_interfaces__rosidl_generator_py.so" to ""
[3.924s] -- Installing: /home/pmlab_mover/Documents/ros2_ws/src/match-PM-match_pm_ProMOC_Assembly/install/promoc_assembly_interfaces/share/promoc_assembly_interfaces/msg/Test.idl
[3.924s] -- Installing: /home/pmlab_mover/Documents/ros2_ws/src/match-PM-match_pm_ProMOC_Assembly/install/promoc_assembly_interfaces/share/promoc_assembly_interfaces/msg/XBotInfo.idl
[3.925s] -- Installing: /home/pmlab_mover/Documents/ros2_ws/src/match-PM-match_pm_ProMOC_Assembly/install/promoc_assembly_interfaces/share/promoc_assembly_interfaces/srv/ActivateXbots.idl
[3.925s] -- Installing: /home/pmlab_mover/Documents/ros2_ws/src/match-PM-match_pm_ProMOC_Assembly/install/promoc_assembly_interfaces/share/promoc_assembly_interfaces/srv/LevitationXbots.idl
[3.925s] -- Installing: /home/pmlab_mover/Documents/ros2_ws/src/match-PM-match_pm_ProMOC_Assembly/install/promoc_assembly_interfaces/share/promoc_assembly_interfaces/srv/LinearMotionSi.idl
[3.925s] -- Installing: /home/pmlab_mover/Documents/ros2_ws/src/match-PM-match_pm_ProMOC_Assembly/install/promoc_assembly_interfaces/share/promoc_assembly_interfaces/srv/SixDofMotion.idl
[3.925s] -- Installing: /home/pmlab_mover/Documents/ros2_ws/src/match-PM-match_pm_ProMOC_Assembly/install/promoc_assembly_interfaces/share/promoc_assembly_interfaces/srv/ArcMotion.idl
[3.925s] -- Installing: /home/pmlab_mover/Documents/ros2_ws/src/match-PM-match_pm_ProMOC_Assembly/install/promoc_assembly_interfaces/share/promoc_assembly_interfaces/test/Test.msg
[3.925s] -- Installing: /home/pmlab_mover/Documents/ros2_ws/src/match-PM-match_pm_ProMOC_Assembly/install/promoc_assembly_interfaces/share/promoc_assembly_interfaces/planar_motor/XBotInfo.msg
[3.925s] -- Installing: /home/pmlab_mover/Documents/ros2_ws/src/match-PM-match_pm_ProMOC_Assembly/install/promoc_assembly_interfaces/share/promoc_assembly_interfaces/planar_motor/ActivateXbots.srv
[3.926s] -- Installing: /home/pmlab_mover/Documents/ros2_ws/src/match-PM-match_pm_ProMOC_Assembly/install/promoc_assembly_interfaces/share/promoc_assembly_interfaces/planar_motor/ActivateXbots_Request.msg
[3.926s] -- Installing: /home/pmlab_mover/Documents/ros2_ws/src/match-PM-match_pm_ProMOC_Assembly/install/promoc_assembly_interfaces/share/promoc_assembly_interfaces/planar_motor/ActivateXbots_Response.msg
[3.926s] -- Installing: /home/pmlab_mover/Documents/ros2_ws/src/match-PM-match_pm_ProMOC_Assembly/install/promoc_assembly_interfaces/share/promoc_assembly_interfaces/planar_motor/LevitationXbots.srv
[3.926s] -- Installing: /home/pmlab_mover/Documents/ros2_ws/src/match-PM-match_pm_ProMOC_Assembly/install/promoc_assembly_interfaces/share/promoc_assembly_interfaces/planar_motor/LevitationXbots_Request.msg
[3.926s] -- Installing: /home/pmlab_mover/Documents/ros2_ws/src/match-PM-match_pm_ProMOC_Assembly/install/promoc_assembly_interfaces/share/promoc_assembly_interfaces/planar_motor/LevitationXbots_Response.msg
[3.926s] -- Installing: /home/pmlab_mover/Documents/ros2_ws/src/match-PM-match_pm_ProMOC_Assembly/install/promoc_assembly_interfaces/share/promoc_assembly_interfaces/planar_motor/LinearMotionSi.srv
[3.926s] -- Installing: /home/pmlab_mover/Documents/ros2_ws/src/match-PM-match_pm_ProMOC_Assembly/install/promoc_assembly_interfaces/share/promoc_assembly_interfaces/planar_motor/LinearMotionSi_Request.msg
[3.927s] -- Installing: /home/pmlab_mover/Documents/ros2_ws/src/match-PM-match_pm_ProMOC_Assembly/install/promoc_assembly_interfaces/share/promoc_assembly_interfaces/planar_motor/LinearMotionSi_Response.msg
[3.927s] -- Installing: /home/pmlab_mover/Documents/ros2_ws/src/match-PM-match_pm_ProMOC_Assembly/install/promoc_assembly_interfaces/share/promoc_assembly_interfaces/planar_motor/SixDofMotion.srv
[3.927s] -- Installing: /home/pmlab_mover/Documents/ros2_ws/src/match-PM-match_pm_ProMOC_Assembly/install/promoc_assembly_interfaces/share/promoc_assembly_interfaces/planar_motor/SixDofMotion_Request.msg
[3.927s] -- Installing: /home/pmlab_mover/Documents/ros2_ws/src/match-PM-match_pm_ProMOC_Assembly/install/promoc_assembly_interfaces/share/promoc_assembly_interfaces/planar_motor/SixDofMotion_Response.msg
[3.927s] -- Installing: /home/pmlab_mover/Documents/ros2_ws/src/match-PM-match_pm_ProMOC_Assembly/install/promoc_assembly_interfaces/share/promoc_assembly_interfaces/planar_motor/ArcMotion.srv
[3.927s] -- Installing: /home/pmlab_mover/Documents/ros2_ws/src/match-PM-match_pm_ProMOC_Assembly/install/promoc_assembly_interfaces/share/promoc_assembly_interfaces/planar_motor/ArcMotion_Request.msg
[3.927s] -- Installing: /home/pmlab_mover/Documents/ros2_ws/src/match-PM-match_pm_ProMOC_Assembly/install/promoc_assembly_interfaces/share/promoc_assembly_interfaces/planar_motor/ArcMotion_Response.msg
[3.927s] -- Installing: /home/pmlab_mover/Documents/ros2_ws/src/match-PM-match_pm_ProMOC_Assembly/install/promoc_assembly_interfaces/share/ament_index/resource_index/package_run_dependencies/promoc_assembly_interfaces
[3.928s] -- Installing: /home/pmlab_mover/Documents/ros2_ws/src/match-PM-match_pm_ProMOC_Assembly/install/promoc_assembly_interfaces/share/ament_index/resource_index/parent_prefix_path/promoc_assembly_interfaces
[3.928s] -- Installing: /home/pmlab_mover/Documents/ros2_ws/src/match-PM-match_pm_ProMOC_Assembly/install/promoc_assembly_interfaces/share/promoc_assembly_interfaces/environment/ament_prefix_path.sh
[3.928s] -- Installing: /home/pmlab_mover/Documents/ros2_ws/src/match-PM-match_pm_ProMOC_Assembly/install/promoc_assembly_interfaces/share/promoc_assembly_interfaces/environment/ament_prefix_path.dsv
[3.928s] -- Installing: /home/pmlab_mover/Documents/ros2_ws/src/match-PM-match_pm_ProMOC_Assembly/install/promoc_assembly_interfaces/share/promoc_assembly_interfaces/environment/path.sh
[3.928s] -- Installing: /home/pmlab_mover/Documents/ros2_ws/src/match-PM-match_pm_ProMOC_Assembly/install/promoc_assembly_interfaces/share/promoc_assembly_interfaces/environment/path.dsv
[3.928s] -- Installing: /home/pmlab_mover/Documents/ros2_ws/src/match-PM-match_pm_ProMOC_Assembly/install/promoc_assembly_interfaces/share/promoc_assembly_interfaces/local_setup.bash
[3.928s] -- Installing: /home/pmlab_mover/Documents/ros2_ws/src/match-PM-match_pm_ProMOC_Assembly/install/promoc_assembly_interfaces/share/promoc_assembly_interfaces/local_setup.sh
[3.929s] -- Installing: /home/pmlab_mover/Documents/ros2_ws/src/match-PM-match_pm_ProMOC_Assembly/install/promoc_assembly_interfaces/share/promoc_assembly_interfaces/local_setup.zsh
[3.929s] -- Installing: /home/pmlab_mover/Documents/ros2_ws/src/match-PM-match_pm_ProMOC_Assembly/install/promoc_assembly_interfaces/share/promoc_assembly_interfaces/local_setup.dsv
[3.929s] -- Installing: /home/pmlab_mover/Documents/ros2_ws/src/match-PM-match_pm_ProMOC_Assembly/install/promoc_assembly_interfaces/share/promoc_assembly_interfaces/package.dsv
[3.929s] -- Installing: /home/pmlab_mover/Documents/ros2_ws/src/match-PM-match_pm_ProMOC_Assembly/install/promoc_assembly_interfaces/share/ament_index/resource_index/packages/promoc_assembly_interfaces
[3.929s] -- Installing: /home/pmlab_mover/Documents/ros2_ws/src/match-PM-match_pm_ProMOC_Assembly/install/promoc_assembly_interfaces/share/promoc_assembly_interfaces/cmake/export_promoc_assembly_interfaces__rosidl_generator_cExport.cmake
[3.929s] -- Installing: /home/pmlab_mover/Documents/ros2_ws/src/match-PM-match_pm_ProMOC_Assembly/install/promoc_assembly_interfaces/share/promoc_assembly_interfaces/cmake/export_promoc_assembly_interfaces__rosidl_generator_cExport-noconfig.cmake
[3.929s] -- Installing: /home/pmlab_mover/Documents/ros2_ws/src/match-PM-match_pm_ProMOC_Assembly/install/promoc_assembly_interfaces/share/promoc_assembly_interfaces/cmake/export_promoc_assembly_interfaces__rosidl_typesupport_fastrtps_cExport.cmake
[3.930s] -- Installing: /home/pmlab_mover/Documents/ros2_ws/src/match-PM-match_pm_ProMOC_Assembly/install/promoc_assembly_interfaces/share/promoc_assembly_interfaces/cmake/export_promoc_assembly_interfaces__rosidl_typesupport_fastrtps_cExport-noconfig.cmake
[3.930s] -- Installing: /home/pmlab_mover/Documents/ros2_ws/src/match-PM-match_pm_ProMOC_Assembly/install/promoc_assembly_interfaces/share/promoc_assembly_interfaces/cmake/promoc_assembly_interfaces__rosidl_typesupport_introspection_cExport.cmake
[3.930s] -- Installing: /home/pmlab_mover/Documents/ros2_ws/src/match-PM-match_pm_ProMOC_Assembly/install/promoc_assembly_interfaces/share/promoc_assembly_interfaces/cmake/promoc_assembly_interfaces__rosidl_typesupport_introspection_cExport-noconfig.cmake
[3.930s] -- Installing: /home/pmlab_mover/Documents/ros2_ws/src/match-PM-match_pm_ProMOC_Assembly/install/promoc_assembly_interfaces/share/promoc_assembly_interfaces/cmake/promoc_assembly_interfaces__rosidl_typesupport_cExport.cmake
[3.930s] -- Installing: /home/pmlab_mover/Documents/ros2_ws/src/match-PM-match_pm_ProMOC_Assembly/install/promoc_assembly_interfaces/share/promoc_assembly_interfaces/cmake/promoc_assembly_interfaces__rosidl_typesupport_cExport-noconfig.cmake
[3.930s] -- Installing: /home/pmlab_mover/Documents/ros2_ws/src/match-PM-match_pm_ProMOC_Assembly/install/promoc_assembly_interfaces/share/promoc_assembly_interfaces/cmake/export_promoc_assembly_interfaces__rosidl_generator_cppExport.cmake
[3.930s] -- Installing: /home/pmlab_mover/Documents/ros2_ws/src/match-PM-match_pm_ProMOC_Assembly/install/promoc_assembly_interfaces/share/promoc_assembly_interfaces/cmake/export_promoc_assembly_interfaces__rosidl_typesupport_fastrtps_cppExport.cmake
[3.931s] -- Installing: /home/pmlab_mover/Documents/ros2_ws/src/match-PM-match_pm_ProMOC_Assembly/install/promoc_assembly_interfaces/share/promoc_assembly_interfaces/cmake/export_promoc_assembly_interfaces__rosidl_typesupport_fastrtps_cppExport-noconfig.cmake
[3.931s] -- Installing: /home/pmlab_mover/Documents/ros2_ws/src/match-PM-match_pm_ProMOC_Assembly/install/promoc_assembly_interfaces/share/promoc_assembly_interfaces/cmake/promoc_assembly_interfaces__rosidl_typesupport_introspection_cppExport.cmake
[3.931s] -- Installing: /home/pmlab_mover/Documents/ros2_ws/src/match-PM-match_pm_ProMOC_Assembly/install/promoc_assembly_interfaces/share/promoc_assembly_interfaces/cmake/promoc_assembly_interfaces__rosidl_typesupport_introspection_cppExport-noconfig.cmake
[3.931s] -- Installing: /home/pmlab_mover/Documents/ros2_ws/src/match-PM-match_pm_ProMOC_Assembly/install/promoc_assembly_interfaces/share/promoc_assembly_interfaces/cmake/promoc_assembly_interfaces__rosidl_typesupport_cppExport.cmake
[3.931s] -- Installing: /home/pmlab_mover/Documents/ros2_ws/src/match-PM-match_pm_ProMOC_Assembly/install/promoc_assembly_interfaces/share/promoc_assembly_interfaces/cmake/promoc_assembly_interfaces__rosidl_typesupport_cppExport-noconfig.cmake
[3.931s] -- Installing: /home/pmlab_mover/Documents/ros2_ws/src/match-PM-match_pm_ProMOC_Assembly/install/promoc_assembly_interfaces/share/promoc_assembly_interfaces/cmake/export_promoc_assembly_interfaces__rosidl_generator_pyExport.cmake
[3.931s] -- Installing: /home/pmlab_mover/Documents/ros2_ws/src/match-PM-match_pm_ProMOC_Assembly/install/promoc_assembly_interfaces/share/promoc_assembly_interfaces/cmake/export_promoc_assembly_interfaces__rosidl_generator_pyExport-noconfig.cmake
[3.932s] -- Installing: /home/pmlab_mover/Documents/ros2_ws/src/match-PM-match_pm_ProMOC_Assembly/install/promoc_assembly_interfaces/share/promoc_assembly_interfaces/cmake/rosidl_cmake-extras.cmake
[3.932s] -- Installing: /home/pmlab_mover/Documents/ros2_ws/src/match-PM-match_pm_ProMOC_Assembly/install/promoc_assembly_interfaces/share/promoc_assembly_interfaces/cmake/ament_cmake_export_include_directories-extras.cmake
[3.932s] -- Installing: /home/pmlab_mover/Documents/ros2_ws/src/match-PM-match_pm_ProMOC_Assembly/install/promoc_assembly_interfaces/share/promoc_assembly_interfaces/cmake/ament_cmake_export_libraries-extras.cmake
[3.932s] -- Installing: /home/pmlab_mover/Documents/ros2_ws/src/match-PM-match_pm_ProMOC_Assembly/install/promoc_assembly_interfaces/share/promoc_assembly_interfaces/cmake/ament_cmake_export_targets-extras.cmake
[3.932s] -- Installing: /home/pmlab_mover/Documents/ros2_ws/src/match-PM-match_pm_ProMOC_Assembly/install/promoc_assembly_interfaces/share/promoc_assembly_interfaces/cmake/rosidl_cmake_export_typesupport_targets-extras.cmake
[3.932s] -- Installing: /home/pmlab_mover/Documents/ros2_ws/src/match-PM-match_pm_ProMOC_Assembly/install/promoc_assembly_interfaces/share/promoc_assembly_interfaces/cmake/ament_cmake_export_dependencies-extras.cmake
[3.932s] -- Installing: /home/pmlab_mover/Documents/ros2_ws/src/match-PM-match_pm_ProMOC_Assembly/install/promoc_assembly_interfaces/share/promoc_assembly_interfaces/cmake/rosidl_cmake_export_typesupport_libraries-extras.cmake
[3.932s] -- Installing: /home/pmlab_mover/Documents/ros2_ws/src/match-PM-match_pm_ProMOC_Assembly/install/promoc_assembly_interfaces/share/promoc_assembly_interfaces/cmake/promoc_assembly_interfacesConfig.cmake
[3.933s] -- Installing: /home/pmlab_mover/Documents/ros2_ws/src/match-PM-match_pm_ProMOC_Assembly/install/promoc_assembly_interfaces/share/promoc_assembly_interfaces/cmake/promoc_assembly_interfacesConfig-version.cmake
[3.933s] -- Installing: /home/pmlab_mover/Documents/ros2_ws/src/match-PM-match_pm_ProMOC_Assembly/install/promoc_assembly_interfaces/share/promoc_assembly_interfaces/package.xml
[3.935s] Invoked command in '/home/pmlab_mover/Documents/ros2_ws/src/match-PM-match_pm_ProMOC_Assembly/build/promoc_assembly_interfaces' returned '0': CMAKE_PREFIX_PATH=${CMAKE_PREFIX_PATH}:/home/pmlab_mover/Documents/ros2_ws/install/ros_sequential_action_programmer:/home/pmlab_mover/Documents/ros2_ws/install/promoc_nodes:/opt/ros/humble /usr/bin/cmake --install /home/pmlab_mover/Documents/ros2_ws/src/match-PM-match_pm_ProMOC_Assembly/build/promoc_assembly_interfaces
